ARM GAS  C:\Users\Thomas\AppData\Local\Temp\cc80Dvuw.s 			page 1


   1              		.syntax unified
   2              		.cpu cortex-m3
   3              		.fpu softvfp
   4              		.eabi_attribute 20, 1
   5              		.eabi_attribute 21, 1
   6              		.eabi_attribute 23, 3
   7              		.eabi_attribute 24, 1
   8              		.eabi_attribute 25, 1
   9              		.eabi_attribute 26, 1
  10              		.eabi_attribute 30, 1
  11              		.eabi_attribute 34, 1
  12              		.eabi_attribute 18, 4
  13              		.thumb
  14              		.file	"Debug_OptimizeUART.c"
  15              		.text
  16              	.Ltext0:
  17              		.cfi_sections	.debug_frame
  18              		.section	.text.Debug_Optimize_init,"ax",%progbits
  19              		.align	2
  20              		.global	Debug_Optimize_init
  21              		.thumb
  22              		.thumb_func
  23              		.type	Debug_Optimize_init, %function
  24              	Debug_Optimize_init:
  25              	.LFB0:
  26              		.file 1 ".\\Debug_OptimizeUART.c"
   1:.\Debug_OptimizeUART.c **** /* ========================================
   2:.\Debug_OptimizeUART.c ****  *
   3:.\Debug_OptimizeUART.c ****  * Copyright YOUR COMPANY, THE YEAR
   4:.\Debug_OptimizeUART.c ****  * All Rights Reserved
   5:.\Debug_OptimizeUART.c ****  * UNPUBLISHED, LICENSED SOFTWARE.
   6:.\Debug_OptimizeUART.c ****  *
   7:.\Debug_OptimizeUART.c ****  * CONFIDENTIAL AND PROPRIETARY INFORMATION
   8:.\Debug_OptimizeUART.c ****  * WHICH IS THE PROPERTY OF your company.
   9:.\Debug_OptimizeUART.c ****  *
  10:.\Debug_OptimizeUART.c ****  * ========================================
  11:.\Debug_OptimizeUART.c **** */
  12:.\Debug_OptimizeUART.c **** #include "Debug_OptimizeUART.h"
  13:.\Debug_OptimizeUART.c **** 
  14:.\Debug_OptimizeUART.c **** void Debug_Optimize_init()
  15:.\Debug_OptimizeUART.c **** {
  27              		.loc 1 15 0
  28              		.cfi_startproc
  29              		@ args = 0, pretend = 0, frame = 0
  30              		@ frame_needed = 0, uses_anonymous_args = 0
  31              		@ link register save eliminated.
  32 0000 7047     		bx	lr
  33              		.cfi_endproc
  34              	.LFE0:
  35              		.size	Debug_Optimize_init, .-Debug_Optimize_init
  36 0002 00BF     		.text
  37              	.Letext0:
  38              		.section	.debug_info,"",%progbits
  39              	.Ldebug_info0:
  40 0000 33000000 		.4byte	0x33
  41 0004 0400     		.2byte	0x4
  42 0006 00000000 		.4byte	.Ldebug_abbrev0
ARM GAS  C:\Users\Thomas\AppData\Local\Temp\cc80Dvuw.s 			page 2


  43 000a 04       		.byte	0x4
  44 000b 01       		.uleb128 0x1
  45 000c 2B000000 		.4byte	.LASF0
  46 0010 01       		.byte	0x1
  47 0011 00000000 		.4byte	.LASF1
  48 0015 B9000000 		.4byte	.LASF2
  49 0019 00000000 		.4byte	.Ldebug_ranges0+0
  50 001d 00000000 		.4byte	0
  51 0021 00000000 		.4byte	.Ldebug_line0
  52 0025 02       		.uleb128 0x2
  53 0026 17000000 		.4byte	.LASF3
  54 002a 01       		.byte	0x1
  55 002b 0E       		.byte	0xe
  56 002c 00000000 		.4byte	.LFB0
  57 0030 02000000 		.4byte	.LFE0-.LFB0
  58 0034 01       		.uleb128 0x1
  59 0035 9C       		.byte	0x9c
  60 0036 00       		.byte	0
  61              		.section	.debug_abbrev,"",%progbits
  62              	.Ldebug_abbrev0:
  63 0000 01       		.uleb128 0x1
  64 0001 11       		.uleb128 0x11
  65 0002 01       		.byte	0x1
  66 0003 25       		.uleb128 0x25
  67 0004 0E       		.uleb128 0xe
  68 0005 13       		.uleb128 0x13
  69 0006 0B       		.uleb128 0xb
  70 0007 03       		.uleb128 0x3
  71 0008 0E       		.uleb128 0xe
  72 0009 1B       		.uleb128 0x1b
  73 000a 0E       		.uleb128 0xe
  74 000b 55       		.uleb128 0x55
  75 000c 17       		.uleb128 0x17
  76 000d 11       		.uleb128 0x11
  77 000e 01       		.uleb128 0x1
  78 000f 10       		.uleb128 0x10
  79 0010 17       		.uleb128 0x17
  80 0011 00       		.byte	0
  81 0012 00       		.byte	0
  82 0013 02       		.uleb128 0x2
  83 0014 2E       		.uleb128 0x2e
  84 0015 00       		.byte	0
  85 0016 3F       		.uleb128 0x3f
  86 0017 19       		.uleb128 0x19
  87 0018 03       		.uleb128 0x3
  88 0019 0E       		.uleb128 0xe
  89 001a 3A       		.uleb128 0x3a
  90 001b 0B       		.uleb128 0xb
  91 001c 3B       		.uleb128 0x3b
  92 001d 0B       		.uleb128 0xb
  93 001e 11       		.uleb128 0x11
  94 001f 01       		.uleb128 0x1
  95 0020 12       		.uleb128 0x12
  96 0021 06       		.uleb128 0x6
  97 0022 40       		.uleb128 0x40
  98 0023 18       		.uleb128 0x18
  99 0024 9742     		.uleb128 0x2117
ARM GAS  C:\Users\Thomas\AppData\Local\Temp\cc80Dvuw.s 			page 3


 100 0026 19       		.uleb128 0x19
 101 0027 00       		.byte	0
 102 0028 00       		.byte	0
 103 0029 00       		.byte	0
 104              		.section	.debug_aranges,"",%progbits
 105 0000 1C000000 		.4byte	0x1c
 106 0004 0200     		.2byte	0x2
 107 0006 00000000 		.4byte	.Ldebug_info0
 108 000a 04       		.byte	0x4
 109 000b 00       		.byte	0
 110 000c 0000     		.2byte	0
 111 000e 0000     		.2byte	0
 112 0010 00000000 		.4byte	.LFB0
 113 0014 02000000 		.4byte	.LFE0-.LFB0
 114 0018 00000000 		.4byte	0
 115 001c 00000000 		.4byte	0
 116              		.section	.debug_ranges,"",%progbits
 117              	.Ldebug_ranges0:
 118 0000 00000000 		.4byte	.LFB0
 119 0004 02000000 		.4byte	.LFE0
 120 0008 00000000 		.4byte	0
 121 000c 00000000 		.4byte	0
 122              		.section	.debug_line,"",%progbits
 123              	.Ldebug_line0:
 124 0000 42000000 		.section	.debug_str,"MS",%progbits,1
 124      02002D00 
 124      00000201 
 124      FB0E0D00 
 124      01010101 
 125              	.LASF1:
 126 0000 2E5C4465 		.ascii	".\\Debug_OptimizeUART.c\000"
 126      6275675F 
 126      4F707469 
 126      6D697A65 
 126      55415254 
 127              	.LASF3:
 128 0017 44656275 		.ascii	"Debug_Optimize_init\000"
 128      675F4F70 
 128      74696D69 
 128      7A655F69 
 128      6E697400 
 129              	.LASF0:
 130 002b 474E5520 		.ascii	"GNU C 4.9.3 20150303 (release) [ARM/embedded-4_9-br"
 130      4320342E 
 130      392E3320 
 130      32303135 
 130      30333033 
 131 005e 616E6368 		.ascii	"anch revision 221220] -mcpu=cortex-m3 -mthumb -g -O"
 131      20726576 
 131      6973696F 
 131      6E203232 
 131      31323230 
 132 0091 67202D66 		.ascii	"g -ffunction-sections -ffat-lto-objects\000"
 132      66756E63 
 132      74696F6E 
 132      2D736563 
 132      74696F6E 
ARM GAS  C:\Users\Thomas\AppData\Local\Temp\cc80Dvuw.s 			page 4


 133              	.LASF2:
 134 00b9 433A5C55 		.ascii	"C:\\Users\\Thomas\\Documents\\GitHub\\MotorControll"
 134      73657273 
 134      5C54686F 
 134      6D61735C 
 134      446F6375 
 135 00e7 65725C4D 		.ascii	"er\\MotorController.cydsn\000"
 135      6F746F72 
 135      436F6E74 
 135      726F6C6C 
 135      65722E63 
 136              		.ident	"GCC: (GNU Tools for ARM Embedded Processors) 4.9.3 20150303 (release) [ARM/embedded-4_9-br
