ARM GAS  C:\Users\Thomas\AppData\Local\Temp\ccQj9JO7.s 			page 1


   1              		.syntax unified
   2              		.cpu cortex-m3
   3              		.fpu softvfp
   4              		.eabi_attribute 20, 1
   5              		.eabi_attribute 21, 1
   6              		.eabi_attribute 23, 3
   7              		.eabi_attribute 24, 1
   8              		.eabi_attribute 25, 1
   9              		.eabi_attribute 26, 1
  10              		.eabi_attribute 30, 1
  11              		.eabi_attribute 34, 1
  12              		.eabi_attribute 18, 4
  13              		.thumb
  14              		.file	"EEPROM.c"
  15              		.text
  16              	.Ltext0:
  17              		.cfi_sections	.debug_frame
  18              		.section	.text.EEPROM_read,"ax",%progbits
  19              		.align	2
  20              		.global	EEPROM_read
  21              		.thumb
  22              		.thumb_func
  23              		.type	EEPROM_read, %function
  24              	EEPROM_read:
  25              	.LFB63:
  26              		.file 1 ".\\EEPROM.c"
   1:.\EEPROM.c    **** /* ========================================
   2:.\EEPROM.c    ****  *
   3:.\EEPROM.c    ****  * Copyright YOUR COMPANY, THE YEAR
   4:.\EEPROM.c    ****  * All Rights Reserved
   5:.\EEPROM.c    ****  * UNPUBLISHED, LICENSED SOFTWARE.
   6:.\EEPROM.c    ****  *
   7:.\EEPROM.c    ****  * CONFIDENTIAL AND PROPRIETARY INFORMATION
   8:.\EEPROM.c    ****  * WHICH IS THE PROPERTY OF your company.
   9:.\EEPROM.c    ****  *
  10:.\EEPROM.c    ****  * ========================================
  11:.\EEPROM.c    **** */
  12:.\EEPROM.c    **** #include "EEPROM.h"
  13:.\EEPROM.c    **** #define START_EEPROM_SECTOR  (1u)
  14:.\EEPROM.c    **** #define START_BYTE         ((START_EEPROM_SECTOR * EEPROM_SIZEOF_SECTOR) + 0x00)
  15:.\EEPROM.c    **** 
  16:.\EEPROM.c    **** 
  17:.\EEPROM.c    **** size_t dataSize[255] = {0};
  18:.\EEPROM.c    **** 
  19:.\EEPROM.c    **** 
  20:.\EEPROM.c    **** char EEPROM_read(uint8 id, uint8 * data)
  21:.\EEPROM.c    **** {
  27              		.loc 1 21 0
  28              		.cfi_startproc
  29              		@ args = 0, pretend = 0, frame = 0
  30              		@ frame_needed = 0, uses_anonymous_args = 0
  31              	.LVL0:
  32 0000 F8B5     		push	{r3, r4, r5, r6, r7, lr}
  33              		.cfi_def_cfa_offset 24
  34              		.cfi_offset 3, -24
  35              		.cfi_offset 4, -20
  36              		.cfi_offset 5, -16
ARM GAS  C:\Users\Thomas\AppData\Local\Temp\ccQj9JO7.s 			page 2


  37              		.cfi_offset 6, -12
  38              		.cfi_offset 7, -8
  39              		.cfi_offset 14, -4
  40 0002 0D46     		mov	r5, r1
  41              	.LVL1:
  22:.\EEPROM.c    ****     uint32 i;
  23:.\EEPROM.c    ****     uint32 pos = 0;
  42              		.loc 1 23 0
  43 0004 0023     		movs	r3, #0
  24:.\EEPROM.c    ****     for(i = 0; i < id; i++)
  44              		.loc 1 24 0
  45 0006 1A46     		mov	r2, r3
  46 0008 05E0     		b	.L2
  47              	.LVL2:
  48              	.L3:
  25:.\EEPROM.c    ****     {
  26:.\EEPROM.c    ****         pos += dataSize[i] + 1;
  49              		.loc 1 26 0 discriminator 3
  50 000a 1449     		ldr	r1, .L9
  51 000c 51F82210 		ldr	r1, [r1, r2, lsl #2]
  52 0010 0B44     		add	r3, r3, r1
  53              	.LVL3:
  54 0012 0133     		adds	r3, r3, #1
  55              	.LVL4:
  24:.\EEPROM.c    ****     for(i = 0; i < id; i++)
  56              		.loc 1 24 0 discriminator 3
  57 0014 0132     		adds	r2, r2, #1
  58              	.LVL5:
  59              	.L2:
  24:.\EEPROM.c    ****     for(i = 0; i < id; i++)
  60              		.loc 1 24 0 is_stmt 0 discriminator 1
  61 0016 9042     		cmp	r0, r2
  62 0018 F7D8     		bhi	.L3
  27:.\EEPROM.c    ****     }
  28:.\EEPROM.c    ****     
  29:.\EEPROM.c    ****     if(EEPROM_1_ReadByte(START_BYTE + pos + dataSize[id]) != 0x33)
  63              		.loc 1 29 0 is_stmt 1
  64 001a 0746     		mov	r7, r0
  65 001c 0F4A     		ldr	r2, .L9
  66              	.LVL6:
  67 001e 52F82000 		ldr	r0, [r2, r0, lsl #2]
  68              	.LVL7:
  69 0022 9CB2     		uxth	r4, r3
  70 0024 2044     		add	r0, r0, r4
  71 0026 00F58060 		add	r0, r0, #1024
  72 002a 80B2     		uxth	r0, r0
  73 002c FFF7FEFF 		bl	EEPROM_1_ReadByte
  74              	.LVL8:
  75 0030 3328     		cmp	r0, #51
  76 0032 10D1     		bne	.L7
  77 0034 0026     		movs	r6, #0
  78 0036 07E0     		b	.L5
  79              	.LVL9:
  80              	.L6:
  30:.\EEPROM.c    ****     {
  31:.\EEPROM.c    ****         return 0; // ikke noget gemt data
  32:.\EEPROM.c    ****     }
ARM GAS  C:\Users\Thomas\AppData\Local\Temp\ccQj9JO7.s 			page 3


  33:.\EEPROM.c    ****     
  34:.\EEPROM.c    ****     for(i = 0; i < dataSize[id]; i++)
  35:.\EEPROM.c    ****     {
  36:.\EEPROM.c    ****         data[i] = EEPROM_1_ReadByte(START_BYTE + pos + i);
  81              		.loc 1 36 0 discriminator 3
  82 0038 A019     		adds	r0, r4, r6
  83 003a 00F58060 		add	r0, r0, #1024
  84 003e 80B2     		uxth	r0, r0
  85 0040 FFF7FEFF 		bl	EEPROM_1_ReadByte
  86              	.LVL10:
  87 0044 A855     		strb	r0, [r5, r6]
  34:.\EEPROM.c    ****     {
  88              		.loc 1 34 0 discriminator 3
  89 0046 0136     		adds	r6, r6, #1
  90              	.LVL11:
  91              	.L5:
  34:.\EEPROM.c    ****     {
  92              		.loc 1 34 0 is_stmt 0 discriminator 1
  93 0048 044B     		ldr	r3, .L9
  94 004a 53F82730 		ldr	r3, [r3, r7, lsl #2]
  95 004e B342     		cmp	r3, r6
  96 0050 F2D8     		bhi	.L6
  37:.\EEPROM.c    ****     }
  38:.\EEPROM.c    ****     
  39:.\EEPROM.c    ****     return 1;
  97              		.loc 1 39 0 is_stmt 1
  98 0052 0120     		movs	r0, #1
  99 0054 F8BD     		pop	{r3, r4, r5, r6, r7, pc}
 100              	.LVL12:
 101              	.L7:
  31:.\EEPROM.c    ****     }
 102              		.loc 1 31 0
 103 0056 0020     		movs	r0, #0
  40:.\EEPROM.c    **** }
 104              		.loc 1 40 0
 105 0058 F8BD     		pop	{r3, r4, r5, r6, r7, pc}
 106              	.LVL13:
 107              	.L10:
 108 005a 00BF     		.align	2
 109              	.L9:
 110 005c 00000000 		.word	.LANCHOR0
 111              		.cfi_endproc
 112              	.LFE63:
 113              		.size	EEPROM_read, .-EEPROM_read
 114              		.section	.text.EEPROM_write,"ax",%progbits
 115              		.align	2
 116              		.global	EEPROM_write
 117              		.thumb
 118              		.thumb_func
 119              		.type	EEPROM_write, %function
 120              	EEPROM_write:
 121              	.LFB64:
  41:.\EEPROM.c    **** 
  42:.\EEPROM.c    **** 
  43:.\EEPROM.c    **** char EEPROM_write(uint8 id, const uint8 * data)
  44:.\EEPROM.c    **** {
 122              		.loc 1 44 0
ARM GAS  C:\Users\Thomas\AppData\Local\Temp\ccQj9JO7.s 			page 4


 123              		.cfi_startproc
 124              		@ args = 0, pretend = 0, frame = 0
 125              		@ frame_needed = 0, uses_anonymous_args = 0
 126              	.LVL14:
 127 0000 F8B5     		push	{r3, r4, r5, r6, r7, lr}
 128              		.cfi_def_cfa_offset 24
 129              		.cfi_offset 3, -24
 130              		.cfi_offset 4, -20
 131              		.cfi_offset 5, -16
 132              		.cfi_offset 6, -12
 133              		.cfi_offset 7, -8
 134              		.cfi_offset 14, -4
 135              	.LVL15:
  45:.\EEPROM.c    ****     uint32 i;
  46:.\EEPROM.c    ****     uint32 pos = 0;
 136              		.loc 1 46 0
 137 0002 0024     		movs	r4, #0
  47:.\EEPROM.c    ****     for(i = 0; i < id; i++)
 138              		.loc 1 47 0
 139 0004 2346     		mov	r3, r4
 140 0006 05E0     		b	.L12
 141              	.LVL16:
 142              	.L13:
  48:.\EEPROM.c    ****     {
  49:.\EEPROM.c    ****         pos += dataSize[i] + 1;
 143              		.loc 1 49 0 discriminator 3
 144 0008 164A     		ldr	r2, .L21
 145 000a 52F82320 		ldr	r2, [r2, r3, lsl #2]
 146 000e 2244     		add	r2, r2, r4
 147 0010 541C     		adds	r4, r2, #1
 148              	.LVL17:
  47:.\EEPROM.c    ****     for(i = 0; i < id; i++)
 149              		.loc 1 47 0 discriminator 3
 150 0012 0133     		adds	r3, r3, #1
 151              	.LVL18:
 152              	.L12:
  47:.\EEPROM.c    ****     for(i = 0; i < id; i++)
 153              		.loc 1 47 0 is_stmt 0 discriminator 1
 154 0014 9842     		cmp	r0, r3
 155 0016 F7D8     		bhi	.L13
  50:.\EEPROM.c    ****     }
  51:.\EEPROM.c    ****     
  52:.\EEPROM.c    ****     if(dataSize[id] == 0)
 156              		.loc 1 52 0 is_stmt 1
 157 0018 0646     		mov	r6, r0
 158 001a 124B     		ldr	r3, .L21
 159              	.LVL19:
 160 001c 53F82030 		ldr	r3, [r3, r0, lsl #2]
 161 0020 D3B1     		cbz	r3, .L17
 162 0022 0F46     		mov	r7, r1
 163 0024 0025     		movs	r5, #0
 164 0026 08E0     		b	.L15
 165              	.LVL20:
 166              	.L16:
  53:.\EEPROM.c    ****         return -1;
  54:.\EEPROM.c    ****     
  55:.\EEPROM.c    ****     for(i = 0; i < dataSize[id]; i++)
ARM GAS  C:\Users\Thomas\AppData\Local\Temp\ccQj9JO7.s 			page 5


  56:.\EEPROM.c    ****     {
  57:.\EEPROM.c    ****         if(EEPROM_1_WriteByte((uint8)data[i], START_BYTE + pos + i) != CYRET_SUCCESS)
 167              		.loc 1 57 0
 168 0028 6119     		adds	r1, r4, r5
 169 002a 01F58061 		add	r1, r1, #1024
 170 002e 785D     		ldrb	r0, [r7, r5]	@ zero_extendqisi2
 171 0030 89B2     		uxth	r1, r1
 172 0032 FFF7FEFF 		bl	EEPROM_1_WriteByte
 173              	.LVL21:
 174 0036 88B9     		cbnz	r0, .L18
  55:.\EEPROM.c    ****     {
 175              		.loc 1 55 0 discriminator 2
 176 0038 0135     		adds	r5, r5, #1
 177              	.LVL22:
 178              	.L15:
  55:.\EEPROM.c    ****     {
 179              		.loc 1 55 0 is_stmt 0 discriminator 1
 180 003a 0A4B     		ldr	r3, .L21
 181 003c 53F82620 		ldr	r2, [r3, r6, lsl #2]
 182 0040 AA42     		cmp	r2, r5
 183 0042 F1D8     		bhi	.L16
  58:.\EEPROM.c    ****         {
  59:.\EEPROM.c    ****             return -1; //fejl i tilskrivning
  60:.\EEPROM.c    ****         }
  61:.\EEPROM.c    ****     }
  62:.\EEPROM.c    ****     
  63:.\EEPROM.c    ****     if(EEPROM_1_WriteByte(0x33, START_BYTE + pos + dataSize[id]) != CYRET_SUCCESS)
 184              		.loc 1 63 0 is_stmt 1
 185 0044 2244     		add	r2, r2, r4
 186 0046 02F58061 		add	r1, r2, #1024
 187 004a 3320     		movs	r0, #51
 188 004c 89B2     		uxth	r1, r1
 189 004e FFF7FEFF 		bl	EEPROM_1_WriteByte
 190              	.LVL23:
 191 0052 28B1     		cbz	r0, .L19
  64:.\EEPROM.c    ****     {
  65:.\EEPROM.c    ****         return -1; //fejl i tilskrivning
 192              		.loc 1 65 0
 193 0054 FF20     		movs	r0, #255
 194 0056 F8BD     		pop	{r3, r4, r5, r6, r7, pc}
 195              	.LVL24:
 196              	.L17:
  53:.\EEPROM.c    ****     
 197              		.loc 1 53 0
 198 0058 FF20     		movs	r0, #255
 199              	.LVL25:
 200 005a F8BD     		pop	{r3, r4, r5, r6, r7, pc}
 201              	.LVL26:
 202              	.L18:
  59:.\EEPROM.c    ****         }
 203              		.loc 1 59 0
 204 005c FF20     		movs	r0, #255
 205 005e F8BD     		pop	{r3, r4, r5, r6, r7, pc}
 206              	.LVL27:
 207              	.L19:
  66:.\EEPROM.c    ****     }
  67:.\EEPROM.c    ****     
ARM GAS  C:\Users\Thomas\AppData\Local\Temp\ccQj9JO7.s 			page 6


  68:.\EEPROM.c    ****     return 1;
 208              		.loc 1 68 0
 209 0060 0120     		movs	r0, #1
  69:.\EEPROM.c    **** }
 210              		.loc 1 69 0
 211 0062 F8BD     		pop	{r3, r4, r5, r6, r7, pc}
 212              	.LVL28:
 213              	.L22:
 214              		.align	2
 215              	.L21:
 216 0064 00000000 		.word	.LANCHOR0
 217              		.cfi_endproc
 218              	.LFE64:
 219              		.size	EEPROM_write, .-EEPROM_write
 220              		.section	.text.EEPROM_init,"ax",%progbits
 221              		.align	2
 222              		.global	EEPROM_init
 223              		.thumb
 224              		.thumb_func
 225              		.type	EEPROM_init, %function
 226              	EEPROM_init:
 227              	.LFB65:
  70:.\EEPROM.c    **** 
  71:.\EEPROM.c    **** char EEPROM_init(const size_t * types, uint8 count)
  72:.\EEPROM.c    **** {
 228              		.loc 1 72 0
 229              		.cfi_startproc
 230              		@ args = 0, pretend = 0, frame = 0
 231              		@ frame_needed = 0, uses_anonymous_args = 0
 232              	.LVL29:
 233 0000 38B5     		push	{r3, r4, r5, lr}
 234              		.cfi_def_cfa_offset 16
 235              		.cfi_offset 3, -16
 236              		.cfi_offset 4, -12
 237              		.cfi_offset 5, -8
 238              		.cfi_offset 14, -4
 239 0002 0446     		mov	r4, r0
 240 0004 0D46     		mov	r5, r1
  73:.\EEPROM.c    ****     EEPROM_1_Start();
 241              		.loc 1 73 0
 242 0006 FFF7FEFF 		bl	EEPROM_1_Start
 243              	.LVL30:
  74:.\EEPROM.c    ****     uint8 i;
  75:.\EEPROM.c    ****     
  76:.\EEPROM.c    ****     uint32 size = 0;
 244              		.loc 1 76 0
 245 000a 0022     		movs	r2, #0
  77:.\EEPROM.c    ****     
  78:.\EEPROM.c    ****     for(i = 0; i < count; i++)
 246              		.loc 1 78 0
 247 000c 1346     		mov	r3, r2
 248 000e 09E0     		b	.L24
 249              	.LVL31:
 250              	.L25:
  79:.\EEPROM.c    ****     {
  80:.\EEPROM.c    ****         dataSize[i] = types[i];   
 251              		.loc 1 80 0 discriminator 3
ARM GAS  C:\Users\Thomas\AppData\Local\Temp\ccQj9JO7.s 			page 7


 252 0010 54F82300 		ldr	r0, [r4, r3, lsl #2]
 253 0014 0849     		ldr	r1, .L29
 254 0016 41F82300 		str	r0, [r1, r3, lsl #2]
  81:.\EEPROM.c    ****         size += types[i];
 255              		.loc 1 81 0 discriminator 3
 256 001a 54F82310 		ldr	r1, [r4, r3, lsl #2]
 257 001e 0A44     		add	r2, r2, r1
 258              	.LVL32:
  78:.\EEPROM.c    ****     {
 259              		.loc 1 78 0 discriminator 3
 260 0020 0133     		adds	r3, r3, #1
 261              	.LVL33:
 262 0022 DBB2     		uxtb	r3, r3
 263              	.LVL34:
 264              	.L24:
  78:.\EEPROM.c    ****     {
 265              		.loc 1 78 0 is_stmt 0 discriminator 1
 266 0024 AB42     		cmp	r3, r5
 267 0026 F3D3     		bcc	.L25
  82:.\EEPROM.c    ****     }
  83:.\EEPROM.c    ****     
  84:.\EEPROM.c    ****     if(size > EEPROM_SIZEOF_SECTOR)
 268              		.loc 1 84 0 is_stmt 1
 269 0028 B2F5806F 		cmp	r2, #1024
 270 002c 01D9     		bls	.L27
  85:.\EEPROM.c    ****     {
  86:.\EEPROM.c    ****         return -1;   //EEPROM er ikke stor nok.
 271              		.loc 1 86 0
 272 002e FF20     		movs	r0, #255
 273 0030 38BD     		pop	{r3, r4, r5, pc}
 274              	.LVL35:
 275              	.L27:
  87:.\EEPROM.c    ****     }
  88:.\EEPROM.c    ****     
  89:.\EEPROM.c    ****     
  90:.\EEPROM.c    ****     
  91:.\EEPROM.c    ****     return 1;
 276              		.loc 1 91 0
 277 0032 0120     		movs	r0, #1
  92:.\EEPROM.c    **** }
 278              		.loc 1 92 0
 279 0034 38BD     		pop	{r3, r4, r5, pc}
 280              	.LVL36:
 281              	.L30:
 282 0036 00BF     		.align	2
 283              	.L29:
 284 0038 00000000 		.word	.LANCHOR0
 285              		.cfi_endproc
 286              	.LFE65:
 287              		.size	EEPROM_init, .-EEPROM_init
 288              		.global	dataSize
 289              		.bss
 290              		.align	2
 291              		.set	.LANCHOR0,. + 0
 292              		.type	dataSize, %object
 293              		.size	dataSize, 1020
 294              	dataSize:
ARM GAS  C:\Users\Thomas\AppData\Local\Temp\ccQj9JO7.s 			page 8


 295 0000 00000000 		.space	1020
 295      00000000 
 295      00000000 
 295      00000000 
 295      00000000 
 296              		.text
 297              	.Letext0:
 298              		.file 2 "c:\\program files (x86)\\cypress\\psoc creator\\3.3\\psoc creator\\import\\gnu\\arm\\4.9.
 299              		.file 3 "c:\\program files (x86)\\cypress\\psoc creator\\3.3\\psoc creator\\import\\gnu\\arm\\4.9.
 300              		.file 4 "Generated_Source\\PSoC5/cytypes.h"
 301              		.file 5 "c:\\program files (x86)\\cypress\\psoc creator\\3.3\\psoc creator\\import\\gnu\\arm\\4.9.
 302              		.file 6 "Generated_Source\\PSoC5/core_cm3.h"
 303              		.file 7 "Generated_Source\\PSoC5/EEPROM_1.h"
 304              		.section	.debug_info,"",%progbits
 305              	.Ldebug_info0:
 306 0000 A5020000 		.4byte	0x2a5
 307 0004 0400     		.2byte	0x4
 308 0006 00000000 		.4byte	.Ldebug_abbrev0
 309 000a 04       		.byte	0x4
 310 000b 01       		.uleb128 0x1
 311 000c 01010000 		.4byte	.LASF31
 312 0010 01       		.byte	0x1
 313 0011 B3010000 		.4byte	.LASF32
 314 0015 5B000000 		.4byte	.LASF33
 315 0019 00000000 		.4byte	.Ldebug_ranges0+0
 316 001d 00000000 		.4byte	0
 317 0021 00000000 		.4byte	.Ldebug_line0
 318 0025 02       		.uleb128 0x2
 319 0026 01       		.byte	0x1
 320 0027 06       		.byte	0x6
 321 0028 2E020000 		.4byte	.LASF0
 322 002c 02       		.uleb128 0x2
 323 002d 01       		.byte	0x1
 324 002e 08       		.byte	0x8
 325 002f D4000000 		.4byte	.LASF1
 326 0033 02       		.uleb128 0x2
 327 0034 02       		.byte	0x2
 328 0035 05       		.byte	0x5
 329 0036 E9000000 		.4byte	.LASF2
 330 003a 02       		.uleb128 0x2
 331 003b 02       		.byte	0x2
 332 003c 07       		.byte	0x7
 333 003d B4000000 		.4byte	.LASF3
 334 0041 03       		.uleb128 0x3
 335 0042 10000000 		.4byte	.LASF9
 336 0046 02       		.byte	0x2
 337 0047 3F       		.byte	0x3f
 338 0048 4C000000 		.4byte	0x4c
 339 004c 02       		.uleb128 0x2
 340 004d 04       		.byte	0x4
 341 004e 05       		.byte	0x5
 342 004f 20020000 		.4byte	.LASF4
 343 0053 02       		.uleb128 0x2
 344 0054 04       		.byte	0x4
 345 0055 07       		.byte	0x7
 346 0056 A2000000 		.4byte	.LASF5
 347 005a 02       		.uleb128 0x2
ARM GAS  C:\Users\Thomas\AppData\Local\Temp\ccQj9JO7.s 			page 9


 348 005b 08       		.byte	0x8
 349 005c 05       		.byte	0x5
 350 005d F1010000 		.4byte	.LASF6
 351 0061 02       		.uleb128 0x2
 352 0062 08       		.byte	0x8
 353 0063 07       		.byte	0x7
 354 0064 9C010000 		.4byte	.LASF7
 355 0068 04       		.uleb128 0x4
 356 0069 04       		.byte	0x4
 357 006a 05       		.byte	0x5
 358 006b 696E7400 		.ascii	"int\000"
 359 006f 02       		.uleb128 0x2
 360 0070 04       		.byte	0x4
 361 0071 07       		.byte	0x7
 362 0072 8F010000 		.4byte	.LASF8
 363 0076 03       		.uleb128 0x3
 364 0077 E0010000 		.4byte	.LASF10
 365 007b 03       		.byte	0x3
 366 007c 2C       		.byte	0x2c
 367 007d 41000000 		.4byte	0x41
 368 0081 05       		.uleb128 0x5
 369 0082 1A020000 		.4byte	.LASF11
 370 0086 04       		.byte	0x4
 371 0087 3801     		.2byte	0x138
 372 0089 2C000000 		.4byte	0x2c
 373 008d 05       		.uleb128 0x5
 374 008e F3000000 		.4byte	.LASF12
 375 0092 04       		.byte	0x4
 376 0093 3901     		.2byte	0x139
 377 0095 3A000000 		.4byte	0x3a
 378 0099 05       		.uleb128 0x5
 379 009a FA000000 		.4byte	.LASF13
 380 009e 04       		.byte	0x4
 381 009f 3A01     		.2byte	0x13a
 382 00a1 53000000 		.4byte	0x53
 383 00a5 02       		.uleb128 0x2
 384 00a6 04       		.byte	0x4
 385 00a7 04       		.byte	0x4
 386 00a8 4B000000 		.4byte	.LASF14
 387 00ac 02       		.uleb128 0x2
 388 00ad 08       		.byte	0x8
 389 00ae 04       		.byte	0x4
 390 00af E2000000 		.4byte	.LASF15
 391 00b3 02       		.uleb128 0x2
 392 00b4 01       		.byte	0x1
 393 00b5 08       		.byte	0x8
 394 00b6 29020000 		.4byte	.LASF16
 395 00ba 05       		.uleb128 0x5
 396 00bb 00000000 		.4byte	.LASF17
 397 00bf 04       		.byte	0x4
 398 00c0 DA01     		.2byte	0x1da
 399 00c2 53000000 		.4byte	0x53
 400 00c6 03       		.uleb128 0x3
 401 00c7 09000000 		.4byte	.LASF18
 402 00cb 05       		.byte	0x5
 403 00cc D4       		.byte	0xd4
 404 00cd 6F000000 		.4byte	0x6f
ARM GAS  C:\Users\Thomas\AppData\Local\Temp\ccQj9JO7.s 			page 10


 405 00d1 02       		.uleb128 0x2
 406 00d2 04       		.byte	0x4
 407 00d3 07       		.byte	0x7
 408 00d4 E8010000 		.4byte	.LASF19
 409 00d8 06       		.uleb128 0x6
 410 00d9 D4010000 		.4byte	.LASF21
 411 00dd 01       		.byte	0x1
 412 00de 14       		.byte	0x14
 413 00df B3000000 		.4byte	0xb3
 414 00e3 00000000 		.4byte	.LFB63
 415 00e7 60000000 		.4byte	.LFE63-.LFB63
 416 00eb 01       		.uleb128 0x1
 417 00ec 9C       		.byte	0x9c
 418 00ed 4A010000 		.4byte	0x14a
 419 00f1 07       		.uleb128 0x7
 420 00f2 696400   		.ascii	"id\000"
 421 00f5 01       		.byte	0x1
 422 00f6 14       		.byte	0x14
 423 00f7 81000000 		.4byte	0x81
 424 00fb 00000000 		.4byte	.LLST0
 425 00ff 08       		.uleb128 0x8
 426 0100 51000000 		.4byte	.LASF20
 427 0104 01       		.byte	0x1
 428 0105 14       		.byte	0x14
 429 0106 4A010000 		.4byte	0x14a
 430 010a 21000000 		.4byte	.LLST1
 431 010e 09       		.uleb128 0x9
 432 010f 6900     		.ascii	"i\000"
 433 0111 01       		.byte	0x1
 434 0112 16       		.byte	0x16
 435 0113 99000000 		.4byte	0x99
 436 0117 4D000000 		.4byte	.LLST2
 437 011b 09       		.uleb128 0x9
 438 011c 706F7300 		.ascii	"pos\000"
 439 0120 01       		.byte	0x1
 440 0121 17       		.byte	0x17
 441 0122 99000000 		.4byte	0x99
 442 0126 77000000 		.4byte	.LLST3
 443 012a 0A       		.uleb128 0xa
 444 012b 30000000 		.4byte	.LVL8
 445 012f 72020000 		.4byte	0x272
 446 0133 0B       		.uleb128 0xb
 447 0134 44000000 		.4byte	.LVL10
 448 0138 72020000 		.4byte	0x272
 449 013c 0C       		.uleb128 0xc
 450 013d 01       		.uleb128 0x1
 451 013e 50       		.byte	0x50
 452 013f 08       		.uleb128 0x8
 453 0140 74       		.byte	0x74
 454 0141 00       		.sleb128 0
 455 0142 76       		.byte	0x76
 456 0143 00       		.sleb128 0
 457 0144 22       		.byte	0x22
 458 0145 23       		.byte	0x23
 459 0146 8008     		.uleb128 0x400
 460 0148 00       		.byte	0
 461 0149 00       		.byte	0
ARM GAS  C:\Users\Thomas\AppData\Local\Temp\ccQj9JO7.s 			page 11


 462 014a 0D       		.uleb128 0xd
 463 014b 04       		.byte	0x4
 464 014c 81000000 		.4byte	0x81
 465 0150 06       		.uleb128 0x6
 466 0151 C7010000 		.4byte	.LASF22
 467 0155 01       		.byte	0x1
 468 0156 2B       		.byte	0x2b
 469 0157 B3000000 		.4byte	0xb3
 470 015b 00000000 		.4byte	.LFB64
 471 015f 68000000 		.4byte	.LFE64-.LFB64
 472 0163 01       		.uleb128 0x1
 473 0164 9C       		.byte	0x9c
 474 0165 CD010000 		.4byte	0x1cd
 475 0169 07       		.uleb128 0x7
 476 016a 696400   		.ascii	"id\000"
 477 016d 01       		.byte	0x1
 478 016e 2B       		.byte	0x2b
 479 016f 81000000 		.4byte	0x81
 480 0173 A1000000 		.4byte	.LLST4
 481 0177 08       		.uleb128 0x8
 482 0178 51000000 		.4byte	.LASF20
 483 017c 01       		.byte	0x1
 484 017d 2B       		.byte	0x2b
 485 017e CD010000 		.4byte	0x1cd
 486 0182 DB000000 		.4byte	.LLST5
 487 0186 09       		.uleb128 0x9
 488 0187 6900     		.ascii	"i\000"
 489 0189 01       		.byte	0x1
 490 018a 2D       		.byte	0x2d
 491 018b 99000000 		.4byte	0x99
 492 018f 1D010000 		.4byte	.LLST6
 493 0193 09       		.uleb128 0x9
 494 0194 706F7300 		.ascii	"pos\000"
 495 0198 01       		.byte	0x1
 496 0199 2E       		.byte	0x2e
 497 019a 99000000 		.4byte	0x99
 498 019e 52010000 		.4byte	.LLST7
 499 01a2 0E       		.uleb128 0xe
 500 01a3 36000000 		.4byte	.LVL21
 501 01a7 87020000 		.4byte	0x287
 502 01ab BC010000 		.4byte	0x1bc
 503 01af 0C       		.uleb128 0xc
 504 01b0 01       		.uleb128 0x1
 505 01b1 51       		.byte	0x51
 506 01b2 08       		.uleb128 0x8
 507 01b3 74       		.byte	0x74
 508 01b4 00       		.sleb128 0
 509 01b5 75       		.byte	0x75
 510 01b6 00       		.sleb128 0
 511 01b7 22       		.byte	0x22
 512 01b8 23       		.byte	0x23
 513 01b9 8008     		.uleb128 0x400
 514 01bb 00       		.byte	0
 515 01bc 0B       		.uleb128 0xb
 516 01bd 52000000 		.4byte	.LVL23
 517 01c1 87020000 		.4byte	0x287
 518 01c5 0C       		.uleb128 0xc
ARM GAS  C:\Users\Thomas\AppData\Local\Temp\ccQj9JO7.s 			page 12


 519 01c6 01       		.uleb128 0x1
 520 01c7 50       		.byte	0x50
 521 01c8 02       		.uleb128 0x2
 522 01c9 08       		.byte	0x8
 523 01ca 33       		.byte	0x33
 524 01cb 00       		.byte	0
 525 01cc 00       		.byte	0
 526 01cd 0D       		.uleb128 0xd
 527 01ce 04       		.byte	0x4
 528 01cf D3010000 		.4byte	0x1d3
 529 01d3 0F       		.uleb128 0xf
 530 01d4 81000000 		.4byte	0x81
 531 01d8 06       		.uleb128 0x6
 532 01d9 3F000000 		.4byte	.LASF23
 533 01dd 01       		.byte	0x1
 534 01de 47       		.byte	0x47
 535 01df B3000000 		.4byte	0xb3
 536 01e3 00000000 		.4byte	.LFB65
 537 01e7 3C000000 		.4byte	.LFE65-.LFB65
 538 01eb 01       		.uleb128 0x1
 539 01ec 9C       		.byte	0x9c
 540 01ed 35020000 		.4byte	0x235
 541 01f1 08       		.uleb128 0x8
 542 01f2 0E020000 		.4byte	.LASF24
 543 01f6 01       		.byte	0x1
 544 01f7 47       		.byte	0x47
 545 01f8 35020000 		.4byte	0x235
 546 01fc 71010000 		.4byte	.LLST8
 547 0200 08       		.uleb128 0x8
 548 0201 14020000 		.4byte	.LASF25
 549 0205 01       		.byte	0x1
 550 0206 47       		.byte	0x47
 551 0207 81000000 		.4byte	0x81
 552 020b 9D010000 		.4byte	.LLST9
 553 020f 09       		.uleb128 0x9
 554 0210 6900     		.ascii	"i\000"
 555 0212 01       		.byte	0x1
 556 0213 4A       		.byte	0x4a
 557 0214 81000000 		.4byte	0x81
 558 0218 BE010000 		.4byte	.LLST10
 559 021c 10       		.uleb128 0x10
 560 021d 56000000 		.4byte	.LASF26
 561 0221 01       		.byte	0x1
 562 0222 4C       		.byte	0x4c
 563 0223 99000000 		.4byte	0x99
 564 0227 E8010000 		.4byte	.LLST11
 565 022b 0A       		.uleb128 0xa
 566 022c 0A000000 		.4byte	.LVL30
 567 0230 A1020000 		.4byte	0x2a1
 568 0234 00       		.byte	0
 569 0235 0D       		.uleb128 0xd
 570 0236 04       		.byte	0x4
 571 0237 3B020000 		.4byte	0x23b
 572 023b 0F       		.uleb128 0xf
 573 023c C6000000 		.4byte	0xc6
 574 0240 11       		.uleb128 0x11
 575 0241 C7000000 		.4byte	.LASF27
ARM GAS  C:\Users\Thomas\AppData\Local\Temp\ccQj9JO7.s 			page 13


 576 0245 06       		.byte	0x6
 577 0246 5506     		.2byte	0x655
 578 0248 4C020000 		.4byte	0x24c
 579 024c 12       		.uleb128 0x12
 580 024d 76000000 		.4byte	0x76
 581 0251 13       		.uleb128 0x13
 582 0252 C6000000 		.4byte	0xc6
 583 0256 61020000 		.4byte	0x261
 584 025a 14       		.uleb128 0x14
 585 025b D1000000 		.4byte	0xd1
 586 025f FE       		.byte	0xfe
 587 0260 00       		.byte	0
 588 0261 15       		.uleb128 0x15
 589 0262 BE010000 		.4byte	.LASF28
 590 0266 01       		.byte	0x1
 591 0267 11       		.byte	0x11
 592 0268 51020000 		.4byte	0x251
 593 026c 05       		.uleb128 0x5
 594 026d 03       		.byte	0x3
 595 026e 00000000 		.4byte	dataSize
 596 0272 16       		.uleb128 0x16
 597 0273 2D000000 		.4byte	.LASF29
 598 0277 07       		.byte	0x7
 599 0278 23       		.byte	0x23
 600 0279 81000000 		.4byte	0x81
 601 027d 87020000 		.4byte	0x287
 602 0281 17       		.uleb128 0x17
 603 0282 8D000000 		.4byte	0x8d
 604 0286 00       		.byte	0
 605 0287 16       		.uleb128 0x16
 606 0288 1A000000 		.4byte	.LASF30
 607 028c 07       		.byte	0x7
 608 028d 21       		.byte	0x21
 609 028e BA000000 		.4byte	0xba
 610 0292 A1020000 		.4byte	0x2a1
 611 0296 17       		.uleb128 0x17
 612 0297 81000000 		.4byte	0x81
 613 029b 17       		.uleb128 0x17
 614 029c 8D000000 		.4byte	0x8d
 615 02a0 00       		.byte	0
 616 02a1 18       		.uleb128 0x18
 617 02a2 FF010000 		.4byte	.LASF34
 618 02a6 07       		.byte	0x7
 619 02a7 1F       		.byte	0x1f
 620 02a8 00       		.byte	0
 621              		.section	.debug_abbrev,"",%progbits
 622              	.Ldebug_abbrev0:
 623 0000 01       		.uleb128 0x1
 624 0001 11       		.uleb128 0x11
 625 0002 01       		.byte	0x1
 626 0003 25       		.uleb128 0x25
 627 0004 0E       		.uleb128 0xe
 628 0005 13       		.uleb128 0x13
 629 0006 0B       		.uleb128 0xb
 630 0007 03       		.uleb128 0x3
 631 0008 0E       		.uleb128 0xe
 632 0009 1B       		.uleb128 0x1b
ARM GAS  C:\Users\Thomas\AppData\Local\Temp\ccQj9JO7.s 			page 14


 633 000a 0E       		.uleb128 0xe
 634 000b 55       		.uleb128 0x55
 635 000c 17       		.uleb128 0x17
 636 000d 11       		.uleb128 0x11
 637 000e 01       		.uleb128 0x1
 638 000f 10       		.uleb128 0x10
 639 0010 17       		.uleb128 0x17
 640 0011 00       		.byte	0
 641 0012 00       		.byte	0
 642 0013 02       		.uleb128 0x2
 643 0014 24       		.uleb128 0x24
 644 0015 00       		.byte	0
 645 0016 0B       		.uleb128 0xb
 646 0017 0B       		.uleb128 0xb
 647 0018 3E       		.uleb128 0x3e
 648 0019 0B       		.uleb128 0xb
 649 001a 03       		.uleb128 0x3
 650 001b 0E       		.uleb128 0xe
 651 001c 00       		.byte	0
 652 001d 00       		.byte	0
 653 001e 03       		.uleb128 0x3
 654 001f 16       		.uleb128 0x16
 655 0020 00       		.byte	0
 656 0021 03       		.uleb128 0x3
 657 0022 0E       		.uleb128 0xe
 658 0023 3A       		.uleb128 0x3a
 659 0024 0B       		.uleb128 0xb
 660 0025 3B       		.uleb128 0x3b
 661 0026 0B       		.uleb128 0xb
 662 0027 49       		.uleb128 0x49
 663 0028 13       		.uleb128 0x13
 664 0029 00       		.byte	0
 665 002a 00       		.byte	0
 666 002b 04       		.uleb128 0x4
 667 002c 24       		.uleb128 0x24
 668 002d 00       		.byte	0
 669 002e 0B       		.uleb128 0xb
 670 002f 0B       		.uleb128 0xb
 671 0030 3E       		.uleb128 0x3e
 672 0031 0B       		.uleb128 0xb
 673 0032 03       		.uleb128 0x3
 674 0033 08       		.uleb128 0x8
 675 0034 00       		.byte	0
 676 0035 00       		.byte	0
 677 0036 05       		.uleb128 0x5
 678 0037 16       		.uleb128 0x16
 679 0038 00       		.byte	0
 680 0039 03       		.uleb128 0x3
 681 003a 0E       		.uleb128 0xe
 682 003b 3A       		.uleb128 0x3a
 683 003c 0B       		.uleb128 0xb
 684 003d 3B       		.uleb128 0x3b
 685 003e 05       		.uleb128 0x5
 686 003f 49       		.uleb128 0x49
 687 0040 13       		.uleb128 0x13
 688 0041 00       		.byte	0
 689 0042 00       		.byte	0
ARM GAS  C:\Users\Thomas\AppData\Local\Temp\ccQj9JO7.s 			page 15


 690 0043 06       		.uleb128 0x6
 691 0044 2E       		.uleb128 0x2e
 692 0045 01       		.byte	0x1
 693 0046 3F       		.uleb128 0x3f
 694 0047 19       		.uleb128 0x19
 695 0048 03       		.uleb128 0x3
 696 0049 0E       		.uleb128 0xe
 697 004a 3A       		.uleb128 0x3a
 698 004b 0B       		.uleb128 0xb
 699 004c 3B       		.uleb128 0x3b
 700 004d 0B       		.uleb128 0xb
 701 004e 27       		.uleb128 0x27
 702 004f 19       		.uleb128 0x19
 703 0050 49       		.uleb128 0x49
 704 0051 13       		.uleb128 0x13
 705 0052 11       		.uleb128 0x11
 706 0053 01       		.uleb128 0x1
 707 0054 12       		.uleb128 0x12
 708 0055 06       		.uleb128 0x6
 709 0056 40       		.uleb128 0x40
 710 0057 18       		.uleb128 0x18
 711 0058 9742     		.uleb128 0x2117
 712 005a 19       		.uleb128 0x19
 713 005b 01       		.uleb128 0x1
 714 005c 13       		.uleb128 0x13
 715 005d 00       		.byte	0
 716 005e 00       		.byte	0
 717 005f 07       		.uleb128 0x7
 718 0060 05       		.uleb128 0x5
 719 0061 00       		.byte	0
 720 0062 03       		.uleb128 0x3
 721 0063 08       		.uleb128 0x8
 722 0064 3A       		.uleb128 0x3a
 723 0065 0B       		.uleb128 0xb
 724 0066 3B       		.uleb128 0x3b
 725 0067 0B       		.uleb128 0xb
 726 0068 49       		.uleb128 0x49
 727 0069 13       		.uleb128 0x13
 728 006a 02       		.uleb128 0x2
 729 006b 17       		.uleb128 0x17
 730 006c 00       		.byte	0
 731 006d 00       		.byte	0
 732 006e 08       		.uleb128 0x8
 733 006f 05       		.uleb128 0x5
 734 0070 00       		.byte	0
 735 0071 03       		.uleb128 0x3
 736 0072 0E       		.uleb128 0xe
 737 0073 3A       		.uleb128 0x3a
 738 0074 0B       		.uleb128 0xb
 739 0075 3B       		.uleb128 0x3b
 740 0076 0B       		.uleb128 0xb
 741 0077 49       		.uleb128 0x49
 742 0078 13       		.uleb128 0x13
 743 0079 02       		.uleb128 0x2
 744 007a 17       		.uleb128 0x17
 745 007b 00       		.byte	0
 746 007c 00       		.byte	0
ARM GAS  C:\Users\Thomas\AppData\Local\Temp\ccQj9JO7.s 			page 16


 747 007d 09       		.uleb128 0x9
 748 007e 34       		.uleb128 0x34
 749 007f 00       		.byte	0
 750 0080 03       		.uleb128 0x3
 751 0081 08       		.uleb128 0x8
 752 0082 3A       		.uleb128 0x3a
 753 0083 0B       		.uleb128 0xb
 754 0084 3B       		.uleb128 0x3b
 755 0085 0B       		.uleb128 0xb
 756 0086 49       		.uleb128 0x49
 757 0087 13       		.uleb128 0x13
 758 0088 02       		.uleb128 0x2
 759 0089 17       		.uleb128 0x17
 760 008a 00       		.byte	0
 761 008b 00       		.byte	0
 762 008c 0A       		.uleb128 0xa
 763 008d 898201   		.uleb128 0x4109
 764 0090 00       		.byte	0
 765 0091 11       		.uleb128 0x11
 766 0092 01       		.uleb128 0x1
 767 0093 31       		.uleb128 0x31
 768 0094 13       		.uleb128 0x13
 769 0095 00       		.byte	0
 770 0096 00       		.byte	0
 771 0097 0B       		.uleb128 0xb
 772 0098 898201   		.uleb128 0x4109
 773 009b 01       		.byte	0x1
 774 009c 11       		.uleb128 0x11
 775 009d 01       		.uleb128 0x1
 776 009e 31       		.uleb128 0x31
 777 009f 13       		.uleb128 0x13
 778 00a0 00       		.byte	0
 779 00a1 00       		.byte	0
 780 00a2 0C       		.uleb128 0xc
 781 00a3 8A8201   		.uleb128 0x410a
 782 00a6 00       		.byte	0
 783 00a7 02       		.uleb128 0x2
 784 00a8 18       		.uleb128 0x18
 785 00a9 9142     		.uleb128 0x2111
 786 00ab 18       		.uleb128 0x18
 787 00ac 00       		.byte	0
 788 00ad 00       		.byte	0
 789 00ae 0D       		.uleb128 0xd
 790 00af 0F       		.uleb128 0xf
 791 00b0 00       		.byte	0
 792 00b1 0B       		.uleb128 0xb
 793 00b2 0B       		.uleb128 0xb
 794 00b3 49       		.uleb128 0x49
 795 00b4 13       		.uleb128 0x13
 796 00b5 00       		.byte	0
 797 00b6 00       		.byte	0
 798 00b7 0E       		.uleb128 0xe
 799 00b8 898201   		.uleb128 0x4109
 800 00bb 01       		.byte	0x1
 801 00bc 11       		.uleb128 0x11
 802 00bd 01       		.uleb128 0x1
 803 00be 31       		.uleb128 0x31
ARM GAS  C:\Users\Thomas\AppData\Local\Temp\ccQj9JO7.s 			page 17


 804 00bf 13       		.uleb128 0x13
 805 00c0 01       		.uleb128 0x1
 806 00c1 13       		.uleb128 0x13
 807 00c2 00       		.byte	0
 808 00c3 00       		.byte	0
 809 00c4 0F       		.uleb128 0xf
 810 00c5 26       		.uleb128 0x26
 811 00c6 00       		.byte	0
 812 00c7 49       		.uleb128 0x49
 813 00c8 13       		.uleb128 0x13
 814 00c9 00       		.byte	0
 815 00ca 00       		.byte	0
 816 00cb 10       		.uleb128 0x10
 817 00cc 34       		.uleb128 0x34
 818 00cd 00       		.byte	0
 819 00ce 03       		.uleb128 0x3
 820 00cf 0E       		.uleb128 0xe
 821 00d0 3A       		.uleb128 0x3a
 822 00d1 0B       		.uleb128 0xb
 823 00d2 3B       		.uleb128 0x3b
 824 00d3 0B       		.uleb128 0xb
 825 00d4 49       		.uleb128 0x49
 826 00d5 13       		.uleb128 0x13
 827 00d6 02       		.uleb128 0x2
 828 00d7 17       		.uleb128 0x17
 829 00d8 00       		.byte	0
 830 00d9 00       		.byte	0
 831 00da 11       		.uleb128 0x11
 832 00db 34       		.uleb128 0x34
 833 00dc 00       		.byte	0
 834 00dd 03       		.uleb128 0x3
 835 00de 0E       		.uleb128 0xe
 836 00df 3A       		.uleb128 0x3a
 837 00e0 0B       		.uleb128 0xb
 838 00e1 3B       		.uleb128 0x3b
 839 00e2 05       		.uleb128 0x5
 840 00e3 49       		.uleb128 0x49
 841 00e4 13       		.uleb128 0x13
 842 00e5 3F       		.uleb128 0x3f
 843 00e6 19       		.uleb128 0x19
 844 00e7 3C       		.uleb128 0x3c
 845 00e8 19       		.uleb128 0x19
 846 00e9 00       		.byte	0
 847 00ea 00       		.byte	0
 848 00eb 12       		.uleb128 0x12
 849 00ec 35       		.uleb128 0x35
 850 00ed 00       		.byte	0
 851 00ee 49       		.uleb128 0x49
 852 00ef 13       		.uleb128 0x13
 853 00f0 00       		.byte	0
 854 00f1 00       		.byte	0
 855 00f2 13       		.uleb128 0x13
 856 00f3 01       		.uleb128 0x1
 857 00f4 01       		.byte	0x1
 858 00f5 49       		.uleb128 0x49
 859 00f6 13       		.uleb128 0x13
 860 00f7 01       		.uleb128 0x1
ARM GAS  C:\Users\Thomas\AppData\Local\Temp\ccQj9JO7.s 			page 18


 861 00f8 13       		.uleb128 0x13
 862 00f9 00       		.byte	0
 863 00fa 00       		.byte	0
 864 00fb 14       		.uleb128 0x14
 865 00fc 21       		.uleb128 0x21
 866 00fd 00       		.byte	0
 867 00fe 49       		.uleb128 0x49
 868 00ff 13       		.uleb128 0x13
 869 0100 2F       		.uleb128 0x2f
 870 0101 0B       		.uleb128 0xb
 871 0102 00       		.byte	0
 872 0103 00       		.byte	0
 873 0104 15       		.uleb128 0x15
 874 0105 34       		.uleb128 0x34
 875 0106 00       		.byte	0
 876 0107 03       		.uleb128 0x3
 877 0108 0E       		.uleb128 0xe
 878 0109 3A       		.uleb128 0x3a
 879 010a 0B       		.uleb128 0xb
 880 010b 3B       		.uleb128 0x3b
 881 010c 0B       		.uleb128 0xb
 882 010d 49       		.uleb128 0x49
 883 010e 13       		.uleb128 0x13
 884 010f 3F       		.uleb128 0x3f
 885 0110 19       		.uleb128 0x19
 886 0111 02       		.uleb128 0x2
 887 0112 18       		.uleb128 0x18
 888 0113 00       		.byte	0
 889 0114 00       		.byte	0
 890 0115 16       		.uleb128 0x16
 891 0116 2E       		.uleb128 0x2e
 892 0117 01       		.byte	0x1
 893 0118 3F       		.uleb128 0x3f
 894 0119 19       		.uleb128 0x19
 895 011a 03       		.uleb128 0x3
 896 011b 0E       		.uleb128 0xe
 897 011c 3A       		.uleb128 0x3a
 898 011d 0B       		.uleb128 0xb
 899 011e 3B       		.uleb128 0x3b
 900 011f 0B       		.uleb128 0xb
 901 0120 27       		.uleb128 0x27
 902 0121 19       		.uleb128 0x19
 903 0122 49       		.uleb128 0x49
 904 0123 13       		.uleb128 0x13
 905 0124 3C       		.uleb128 0x3c
 906 0125 19       		.uleb128 0x19
 907 0126 01       		.uleb128 0x1
 908 0127 13       		.uleb128 0x13
 909 0128 00       		.byte	0
 910 0129 00       		.byte	0
 911 012a 17       		.uleb128 0x17
 912 012b 05       		.uleb128 0x5
 913 012c 00       		.byte	0
 914 012d 49       		.uleb128 0x49
 915 012e 13       		.uleb128 0x13
 916 012f 00       		.byte	0
 917 0130 00       		.byte	0
ARM GAS  C:\Users\Thomas\AppData\Local\Temp\ccQj9JO7.s 			page 19


 918 0131 18       		.uleb128 0x18
 919 0132 2E       		.uleb128 0x2e
 920 0133 00       		.byte	0
 921 0134 3F       		.uleb128 0x3f
 922 0135 19       		.uleb128 0x19
 923 0136 03       		.uleb128 0x3
 924 0137 0E       		.uleb128 0xe
 925 0138 3A       		.uleb128 0x3a
 926 0139 0B       		.uleb128 0xb
 927 013a 3B       		.uleb128 0x3b
 928 013b 0B       		.uleb128 0xb
 929 013c 27       		.uleb128 0x27
 930 013d 19       		.uleb128 0x19
 931 013e 3C       		.uleb128 0x3c
 932 013f 19       		.uleb128 0x19
 933 0140 00       		.byte	0
 934 0141 00       		.byte	0
 935 0142 00       		.byte	0
 936              		.section	.debug_loc,"",%progbits
 937              	.Ldebug_loc0:
 938              	.LLST0:
 939 0000 00000000 		.4byte	.LVL0
 940 0004 22000000 		.4byte	.LVL7
 941 0008 0100     		.2byte	0x1
 942 000a 50       		.byte	0x50
 943 000b 22000000 		.4byte	.LVL7
 944 000f 60000000 		.4byte	.LFE63
 945 0013 0400     		.2byte	0x4
 946 0015 F3       		.byte	0xf3
 947 0016 01       		.uleb128 0x1
 948 0017 50       		.byte	0x50
 949 0018 9F       		.byte	0x9f
 950 0019 00000000 		.4byte	0
 951 001d 00000000 		.4byte	0
 952              	.LLST1:
 953 0021 00000000 		.4byte	.LVL0
 954 0025 0A000000 		.4byte	.LVL2
 955 0029 0100     		.2byte	0x1
 956 002b 51       		.byte	0x51
 957 002c 0A000000 		.4byte	.LVL2
 958 0030 5A000000 		.4byte	.LVL13
 959 0034 0100     		.2byte	0x1
 960 0036 55       		.byte	0x55
 961 0037 5A000000 		.4byte	.LVL13
 962 003b 60000000 		.4byte	.LFE63
 963 003f 0400     		.2byte	0x4
 964 0041 F3       		.byte	0xf3
 965 0042 01       		.uleb128 0x1
 966 0043 51       		.byte	0x51
 967 0044 9F       		.byte	0x9f
 968 0045 00000000 		.4byte	0
 969 0049 00000000 		.4byte	0
 970              	.LLST2:
 971 004d 04000000 		.4byte	.LVL1
 972 0051 0A000000 		.4byte	.LVL2
 973 0055 0200     		.2byte	0x2
 974 0057 30       		.byte	0x30
ARM GAS  C:\Users\Thomas\AppData\Local\Temp\ccQj9JO7.s 			page 20


 975 0058 9F       		.byte	0x9f
 976 0059 0A000000 		.4byte	.LVL2
 977 005d 1E000000 		.4byte	.LVL6
 978 0061 0100     		.2byte	0x1
 979 0063 52       		.byte	0x52
 980 0064 38000000 		.4byte	.LVL9
 981 0068 56000000 		.4byte	.LVL12
 982 006c 0100     		.2byte	0x1
 983 006e 56       		.byte	0x56
 984 006f 00000000 		.4byte	0
 985 0073 00000000 		.4byte	0
 986              	.LLST3:
 987 0077 04000000 		.4byte	.LVL1
 988 007b 0A000000 		.4byte	.LVL2
 989 007f 0200     		.2byte	0x2
 990 0081 30       		.byte	0x30
 991 0082 9F       		.byte	0x9f
 992 0083 0A000000 		.4byte	.LVL2
 993 0087 12000000 		.4byte	.LVL3
 994 008b 0100     		.2byte	0x1
 995 008d 53       		.byte	0x53
 996 008e 14000000 		.4byte	.LVL4
 997 0092 2F000000 		.4byte	.LVL8-1
 998 0096 0100     		.2byte	0x1
 999 0098 53       		.byte	0x53
 1000 0099 00000000 		.4byte	0
 1001 009d 00000000 		.4byte	0
 1002              	.LLST4:
 1003 00a1 00000000 		.4byte	.LVL14
 1004 00a5 28000000 		.4byte	.LVL20
 1005 00a9 0100     		.2byte	0x1
 1006 00ab 50       		.byte	0x50
 1007 00ac 28000000 		.4byte	.LVL20
 1008 00b0 58000000 		.4byte	.LVL24
 1009 00b4 0400     		.2byte	0x4
 1010 00b6 F3       		.byte	0xf3
 1011 00b7 01       		.uleb128 0x1
 1012 00b8 50       		.byte	0x50
 1013 00b9 9F       		.byte	0x9f
 1014 00ba 58000000 		.4byte	.LVL24
 1015 00be 5A000000 		.4byte	.LVL25
 1016 00c2 0100     		.2byte	0x1
 1017 00c4 50       		.byte	0x50
 1018 00c5 5A000000 		.4byte	.LVL25
 1019 00c9 68000000 		.4byte	.LFE64
 1020 00cd 0400     		.2byte	0x4
 1021 00cf F3       		.byte	0xf3
 1022 00d0 01       		.uleb128 0x1
 1023 00d1 50       		.byte	0x50
 1024 00d2 9F       		.byte	0x9f
 1025 00d3 00000000 		.4byte	0
 1026 00d7 00000000 		.4byte	0
 1027              	.LLST5:
 1028 00db 00000000 		.4byte	.LVL14
 1029 00df 28000000 		.4byte	.LVL20
 1030 00e3 0100     		.2byte	0x1
 1031 00e5 51       		.byte	0x51
ARM GAS  C:\Users\Thomas\AppData\Local\Temp\ccQj9JO7.s 			page 21


 1032 00e6 28000000 		.4byte	.LVL20
 1033 00ea 58000000 		.4byte	.LVL24
 1034 00ee 0100     		.2byte	0x1
 1035 00f0 57       		.byte	0x57
 1036 00f1 58000000 		.4byte	.LVL24
 1037 00f5 5C000000 		.4byte	.LVL26
 1038 00f9 0100     		.2byte	0x1
 1039 00fb 51       		.byte	0x51
 1040 00fc 5C000000 		.4byte	.LVL26
 1041 0100 64000000 		.4byte	.LVL28
 1042 0104 0100     		.2byte	0x1
 1043 0106 57       		.byte	0x57
 1044 0107 64000000 		.4byte	.LVL28
 1045 010b 68000000 		.4byte	.LFE64
 1046 010f 0400     		.2byte	0x4
 1047 0111 F3       		.byte	0xf3
 1048 0112 01       		.uleb128 0x1
 1049 0113 51       		.byte	0x51
 1050 0114 9F       		.byte	0x9f
 1051 0115 00000000 		.4byte	0
 1052 0119 00000000 		.4byte	0
 1053              	.LLST6:
 1054 011d 02000000 		.4byte	.LVL15
 1055 0121 08000000 		.4byte	.LVL16
 1056 0125 0200     		.2byte	0x2
 1057 0127 30       		.byte	0x30
 1058 0128 9F       		.byte	0x9f
 1059 0129 08000000 		.4byte	.LVL16
 1060 012d 1C000000 		.4byte	.LVL19
 1061 0131 0100     		.2byte	0x1
 1062 0133 53       		.byte	0x53
 1063 0134 28000000 		.4byte	.LVL20
 1064 0138 58000000 		.4byte	.LVL24
 1065 013c 0100     		.2byte	0x1
 1066 013e 55       		.byte	0x55
 1067 013f 5C000000 		.4byte	.LVL26
 1068 0143 64000000 		.4byte	.LVL28
 1069 0147 0100     		.2byte	0x1
 1070 0149 55       		.byte	0x55
 1071 014a 00000000 		.4byte	0
 1072 014e 00000000 		.4byte	0
 1073              	.LLST7:
 1074 0152 02000000 		.4byte	.LVL15
 1075 0156 08000000 		.4byte	.LVL16
 1076 015a 0200     		.2byte	0x2
 1077 015c 30       		.byte	0x30
 1078 015d 9F       		.byte	0x9f
 1079 015e 08000000 		.4byte	.LVL16
 1080 0162 64000000 		.4byte	.LVL28
 1081 0166 0100     		.2byte	0x1
 1082 0168 54       		.byte	0x54
 1083 0169 00000000 		.4byte	0
 1084 016d 00000000 		.4byte	0
 1085              	.LLST8:
 1086 0171 00000000 		.4byte	.LVL29
 1087 0175 09000000 		.4byte	.LVL30-1
 1088 0179 0100     		.2byte	0x1
ARM GAS  C:\Users\Thomas\AppData\Local\Temp\ccQj9JO7.s 			page 22


 1089 017b 50       		.byte	0x50
 1090 017c 09000000 		.4byte	.LVL30-1
 1091 0180 36000000 		.4byte	.LVL36
 1092 0184 0100     		.2byte	0x1
 1093 0186 54       		.byte	0x54
 1094 0187 36000000 		.4byte	.LVL36
 1095 018b 3C000000 		.4byte	.LFE65
 1096 018f 0400     		.2byte	0x4
 1097 0191 F3       		.byte	0xf3
 1098 0192 01       		.uleb128 0x1
 1099 0193 50       		.byte	0x50
 1100 0194 9F       		.byte	0x9f
 1101 0195 00000000 		.4byte	0
 1102 0199 00000000 		.4byte	0
 1103              	.LLST9:
 1104 019d 00000000 		.4byte	.LVL29
 1105 01a1 09000000 		.4byte	.LVL30-1
 1106 01a5 0100     		.2byte	0x1
 1107 01a7 51       		.byte	0x51
 1108 01a8 09000000 		.4byte	.LVL30-1
 1109 01ac 3C000000 		.4byte	.LFE65
 1110 01b0 0400     		.2byte	0x4
 1111 01b2 F3       		.byte	0xf3
 1112 01b3 01       		.uleb128 0x1
 1113 01b4 51       		.byte	0x51
 1114 01b5 9F       		.byte	0x9f
 1115 01b6 00000000 		.4byte	0
 1116 01ba 00000000 		.4byte	0
 1117              	.LLST10:
 1118 01be 0A000000 		.4byte	.LVL30
 1119 01c2 10000000 		.4byte	.LVL31
 1120 01c6 0200     		.2byte	0x2
 1121 01c8 30       		.byte	0x30
 1122 01c9 9F       		.byte	0x9f
 1123 01ca 10000000 		.4byte	.LVL31
 1124 01ce 22000000 		.4byte	.LVL33
 1125 01d2 0100     		.2byte	0x1
 1126 01d4 53       		.byte	0x53
 1127 01d5 24000000 		.4byte	.LVL34
 1128 01d9 36000000 		.4byte	.LVL36
 1129 01dd 0100     		.2byte	0x1
 1130 01df 53       		.byte	0x53
 1131 01e0 00000000 		.4byte	0
 1132 01e4 00000000 		.4byte	0
 1133              	.LLST11:
 1134 01e8 0A000000 		.4byte	.LVL30
 1135 01ec 10000000 		.4byte	.LVL31
 1136 01f0 0200     		.2byte	0x2
 1137 01f2 30       		.byte	0x30
 1138 01f3 9F       		.byte	0x9f
 1139 01f4 10000000 		.4byte	.LVL31
 1140 01f8 3C000000 		.4byte	.LFE65
 1141 01fc 0100     		.2byte	0x1
 1142 01fe 52       		.byte	0x52
 1143 01ff 00000000 		.4byte	0
 1144 0203 00000000 		.4byte	0
 1145              		.section	.debug_aranges,"",%progbits
ARM GAS  C:\Users\Thomas\AppData\Local\Temp\ccQj9JO7.s 			page 23


 1146 0000 2C000000 		.4byte	0x2c
 1147 0004 0200     		.2byte	0x2
 1148 0006 00000000 		.4byte	.Ldebug_info0
 1149 000a 04       		.byte	0x4
 1150 000b 00       		.byte	0
 1151 000c 0000     		.2byte	0
 1152 000e 0000     		.2byte	0
 1153 0010 00000000 		.4byte	.LFB63
 1154 0014 60000000 		.4byte	.LFE63-.LFB63
 1155 0018 00000000 		.4byte	.LFB64
 1156 001c 68000000 		.4byte	.LFE64-.LFB64
 1157 0020 00000000 		.4byte	.LFB65
 1158 0024 3C000000 		.4byte	.LFE65-.LFB65
 1159 0028 00000000 		.4byte	0
 1160 002c 00000000 		.4byte	0
 1161              		.section	.debug_ranges,"",%progbits
 1162              	.Ldebug_ranges0:
 1163 0000 00000000 		.4byte	.LFB63
 1164 0004 60000000 		.4byte	.LFE63
 1165 0008 00000000 		.4byte	.LFB64
 1166 000c 68000000 		.4byte	.LFE64
 1167 0010 00000000 		.4byte	.LFB65
 1168 0014 3C000000 		.4byte	.LFE65
 1169 0018 00000000 		.4byte	0
 1170 001c 00000000 		.4byte	0
 1171              		.section	.debug_line,"",%progbits
 1172              	.Ldebug_line0:
 1173 0000 83020000 		.section	.debug_str,"MS",%progbits,1
 1173      0200DB01 
 1173      00000201 
 1173      FB0E0D00 
 1173      01010101 
 1174              	.LASF17:
 1175 0000 63797374 		.ascii	"cystatus\000"
 1175      61747573 
 1175      00
 1176              	.LASF18:
 1177 0009 73697A65 		.ascii	"size_t\000"
 1177      5F7400
 1178              	.LASF9:
 1179 0010 5F5F696E 		.ascii	"__int32_t\000"
 1179      7433325F 
 1179      7400
 1180              	.LASF30:
 1181 001a 45455052 		.ascii	"EEPROM_1_WriteByte\000"
 1181      4F4D5F31 
 1181      5F577269 
 1181      74654279 
 1181      746500
 1182              	.LASF29:
 1183 002d 45455052 		.ascii	"EEPROM_1_ReadByte\000"
 1183      4F4D5F31 
 1183      5F526561 
 1183      64427974 
 1183      6500
 1184              	.LASF23:
 1185 003f 45455052 		.ascii	"EEPROM_init\000"
ARM GAS  C:\Users\Thomas\AppData\Local\Temp\ccQj9JO7.s 			page 24


 1185      4F4D5F69 
 1185      6E697400 
 1186              	.LASF14:
 1187 004b 666C6F61 		.ascii	"float\000"
 1187      7400
 1188              	.LASF20:
 1189 0051 64617461 		.ascii	"data\000"
 1189      00
 1190              	.LASF26:
 1191 0056 73697A65 		.ascii	"size\000"
 1191      00
 1192              	.LASF33:
 1193 005b 433A5C55 		.ascii	"C:\\Users\\Thomas\\Documents\\GitHub\\MotorControll"
 1193      73657273 
 1193      5C54686F 
 1193      6D61735C 
 1193      446F6375 
 1194 0089 65725C4D 		.ascii	"er\\MotorController.cydsn\000"
 1194      6F746F72 
 1194      436F6E74 
 1194      726F6C6C 
 1194      65722E63 
 1195              	.LASF5:
 1196 00a2 6C6F6E67 		.ascii	"long unsigned int\000"
 1196      20756E73 
 1196      69676E65 
 1196      6420696E 
 1196      7400
 1197              	.LASF3:
 1198 00b4 73686F72 		.ascii	"short unsigned int\000"
 1198      7420756E 
 1198      7369676E 
 1198      65642069 
 1198      6E7400
 1199              	.LASF27:
 1200 00c7 49544D5F 		.ascii	"ITM_RxBuffer\000"
 1200      52784275 
 1200      66666572 
 1200      00
 1201              	.LASF1:
 1202 00d4 756E7369 		.ascii	"unsigned char\000"
 1202      676E6564 
 1202      20636861 
 1202      7200
 1203              	.LASF15:
 1204 00e2 646F7562 		.ascii	"double\000"
 1204      6C6500
 1205              	.LASF2:
 1206 00e9 73686F72 		.ascii	"short int\000"
 1206      7420696E 
 1206      7400
 1207              	.LASF12:
 1208 00f3 75696E74 		.ascii	"uint16\000"
 1208      313600
 1209              	.LASF13:
 1210 00fa 75696E74 		.ascii	"uint32\000"
 1210      333200
ARM GAS  C:\Users\Thomas\AppData\Local\Temp\ccQj9JO7.s 			page 25


 1211              	.LASF31:
 1212 0101 474E5520 		.ascii	"GNU C 4.9.3 20150303 (release) [ARM/embedded-4_9-br"
 1212      4320342E 
 1212      392E3320 
 1212      32303135 
 1212      30333033 
 1213 0134 616E6368 		.ascii	"anch revision 221220] -mcpu=cortex-m3 -mthumb -g -O"
 1213      20726576 
 1213      6973696F 
 1213      6E203232 
 1213      31323230 
 1214 0167 67202D66 		.ascii	"g -ffunction-sections -ffat-lto-objects\000"
 1214      66756E63 
 1214      74696F6E 
 1214      2D736563 
 1214      74696F6E 
 1215              	.LASF8:
 1216 018f 756E7369 		.ascii	"unsigned int\000"
 1216      676E6564 
 1216      20696E74 
 1216      00
 1217              	.LASF7:
 1218 019c 6C6F6E67 		.ascii	"long long unsigned int\000"
 1218      206C6F6E 
 1218      6720756E 
 1218      7369676E 
 1218      65642069 
 1219              	.LASF32:
 1220 01b3 2E5C4545 		.ascii	".\\EEPROM.c\000"
 1220      50524F4D 
 1220      2E6300
 1221              	.LASF28:
 1222 01be 64617461 		.ascii	"dataSize\000"
 1222      53697A65 
 1222      00
 1223              	.LASF22:
 1224 01c7 45455052 		.ascii	"EEPROM_write\000"
 1224      4F4D5F77 
 1224      72697465 
 1224      00
 1225              	.LASF21:
 1226 01d4 45455052 		.ascii	"EEPROM_read\000"
 1226      4F4D5F72 
 1226      65616400 
 1227              	.LASF10:
 1228 01e0 696E7433 		.ascii	"int32_t\000"
 1228      325F7400 
 1229              	.LASF19:
 1230 01e8 73697A65 		.ascii	"sizetype\000"
 1230      74797065 
 1230      00
 1231              	.LASF6:
 1232 01f1 6C6F6E67 		.ascii	"long long int\000"
 1232      206C6F6E 
 1232      6720696E 
 1232      7400
 1233              	.LASF34:
ARM GAS  C:\Users\Thomas\AppData\Local\Temp\ccQj9JO7.s 			page 26


 1234 01ff 45455052 		.ascii	"EEPROM_1_Start\000"
 1234      4F4D5F31 
 1234      5F537461 
 1234      727400
 1235              	.LASF24:
 1236 020e 74797065 		.ascii	"types\000"
 1236      7300
 1237              	.LASF25:
 1238 0214 636F756E 		.ascii	"count\000"
 1238      7400
 1239              	.LASF11:
 1240 021a 75696E74 		.ascii	"uint8\000"
 1240      3800
 1241              	.LASF4:
 1242 0220 6C6F6E67 		.ascii	"long int\000"
 1242      20696E74 
 1242      00
 1243              	.LASF16:
 1244 0229 63686172 		.ascii	"char\000"
 1244      00
 1245              	.LASF0:
 1246 022e 7369676E 		.ascii	"signed char\000"
 1246      65642063 
 1246      68617200 
 1247              		.ident	"GCC: (GNU Tools for ARM Embedded Processors) 4.9.3 20150303 (release) [ARM/embedded-4_9-br
