ARM GAS  C:\Users\Thomas\AppData\Local\Temp\ccawjgmD.s 			page 1


   1              		.syntax unified
   2              		.cpu cortex-m3
   3              		.fpu softvfp
   4              		.eabi_attribute 20, 1
   5              		.eabi_attribute 21, 1
   6              		.eabi_attribute 23, 3
   7              		.eabi_attribute 24, 1
   8              		.eabi_attribute 25, 1
   9              		.eabi_attribute 26, 1
  10              		.eabi_attribute 30, 1
  11              		.eabi_attribute 34, 1
  12              		.eabi_attribute 18, 4
  13              		.thumb
  14              		.file	"Logger.c"
  15              		.text
  16              	.Ltext0:
  17              		.cfi_sections	.debug_frame
  18              		.section	.text.Logger_Init,"ax",%progbits
  19              		.align	2
  20              		.global	Logger_Init
  21              		.thumb
  22              		.thumb_func
  23              		.type	Logger_Init, %function
  24              	Logger_Init:
  25              	.LFB63:
  26              		.file 1 ".\\Logger.c"
   1:.\Logger.c    **** #include <Logger.h>
   2:.\Logger.c    **** 
   3:.\Logger.c    **** char cellSeparator_ = ';';
   4:.\Logger.c    **** char lineSepartor_ = '\n';
   5:.\Logger.c    **** 
   6:.\Logger.c    **** char* logFileName_ = "log%d.txt";
   7:.\Logger.c    **** char* dataFileName_ = "data%d.csv";
   8:.\Logger.c    **** 
   9:.\Logger.c    **** int maxFileNumber_ = 20;
  10:.\Logger.c    **** int maxFileNameLength_ = 100;
  11:.\Logger.c    **** 
  12:.\Logger.c    **** FS_FILE* logFile_;
  13:.\Logger.c    **** FS_FILE* dataFile_;
  14:.\Logger.c    **** 
  15:.\Logger.c    **** void Logger_Init(void)
  16:.\Logger.c    **** {
  27              		.loc 1 16 0
  28              		.cfi_startproc
  29              		@ args = 0, pretend = 0, frame = 0
  30              		@ frame_needed = 1, uses_anonymous_args = 0
  31 0000 B0B5     		push	{r4, r5, r7, lr}
  32              		.cfi_def_cfa_offset 16
  33              		.cfi_offset 4, -16
  34              		.cfi_offset 5, -12
  35              		.cfi_offset 7, -8
  36              		.cfi_offset 14, -4
  37 0002 00AF     		add	r7, sp, #0
  38              		.cfi_def_cfa_register 7
  17:.\Logger.c    ****     int i;
  18:.\Logger.c    ****     FS_Init();
  39              		.loc 1 18 0
ARM GAS  C:\Users\Thomas\AppData\Local\Temp\ccawjgmD.s 			page 2


  40 0004 FFF7FEFF 		bl	FS_Init
  41              	.LVL0:
  19:.\Logger.c    ****     
  20:.\Logger.c    ****     char buffer[maxFileNameLength_];
  42              		.loc 1 20 0
  43 0008 1C4B     		ldr	r3, .L9
  44 000a 1B68     		ldr	r3, [r3]
  45              	.LVL1:
  46 000c 0733     		adds	r3, r3, #7
  47              	.LVL2:
  48 000e 23F00703 		bic	r3, r3, #7
  49 0012 ADEB030D 		sub	sp, sp, r3
  50 0016 6C46     		mov	r4, sp
  51              	.LVL3:
  21:.\Logger.c    ****         
  22:.\Logger.c    ****     //Open files
  23:.\Logger.c    ****     for(i = 0; i < maxFileNumber_; i++)
  52              		.loc 1 23 0
  53 0018 0025     		movs	r5, #0
  54 001a 11E0     		b	.L2
  55              	.LVL4:
  56              	.L4:
  24:.\Logger.c    ****     {
  25:.\Logger.c    ****         sprintf(buffer, logFileName_, i);
  57              		.loc 1 25 0
  58 001c 2046     		mov	r0, r4
  59 001e 174B     		ldr	r3, .L9
  60 0020 5968     		ldr	r1, [r3, #4]
  61 0022 2A46     		mov	r2, r5
  62 0024 FFF7FEFF 		bl	sprintf
  63              	.LVL5:
  26:.\Logger.c    ****         
  27:.\Logger.c    ****         if(FS_GetFileAttributes(buffer) != 0xFF) //Check if file exists
  64              		.loc 1 27 0
  65 0028 2046     		mov	r0, r4
  66 002a FFF7FEFF 		bl	FS_GetFileAttributes
  67              	.LVL6:
  68 002e FF28     		cmp	r0, #255
  69 0030 05D0     		beq	.L3
  28:.\Logger.c    ****         {
  29:.\Logger.c    ****             logFile_ = FS_FOpen(buffer, "w");
  70              		.loc 1 29 0
  71 0032 2046     		mov	r0, r4
  72 0034 1249     		ldr	r1, .L9+4
  73 0036 FFF7FEFF 		bl	FS_FOpen
  74              	.LVL7:
  75 003a 124B     		ldr	r3, .L9+8
  76 003c 1860     		str	r0, [r3]
  77              	.L3:
  23:.\Logger.c    ****     {
  78              		.loc 1 23 0 discriminator 2
  79 003e 0135     		adds	r5, r5, #1
  80              	.LVL8:
  81              	.L2:
  23:.\Logger.c    ****     {
  82              		.loc 1 23 0 is_stmt 0 discriminator 1
  83 0040 0E4B     		ldr	r3, .L9
ARM GAS  C:\Users\Thomas\AppData\Local\Temp\ccawjgmD.s 			page 3


  84 0042 9B68     		ldr	r3, [r3, #8]
  85 0044 9D42     		cmp	r5, r3
  86 0046 E9DB     		blt	.L4
  87 0048 0025     		movs	r5, #0
  88              	.LVL9:
  89 004a 11E0     		b	.L5
  90              	.LVL10:
  91              	.L7:
  30:.\Logger.c    ****         }
  31:.\Logger.c    ****     }
  32:.\Logger.c    ****     
  33:.\Logger.c    ****     
  34:.\Logger.c    ****     for(i = 0; i < maxFileNumber_; i++)
  35:.\Logger.c    ****     {
  36:.\Logger.c    ****         sprintf(buffer, dataFileName_, i);
  92              		.loc 1 36 0 is_stmt 1
  93 004c 2046     		mov	r0, r4
  94 004e 0B4B     		ldr	r3, .L9
  95 0050 D968     		ldr	r1, [r3, #12]
  96 0052 2A46     		mov	r2, r5
  97 0054 FFF7FEFF 		bl	sprintf
  98              	.LVL11:
  37:.\Logger.c    ****         
  38:.\Logger.c    ****         if(FS_GetFileAttributes(buffer) != 0xFF) //Check if file exists
  99              		.loc 1 38 0
 100 0058 2046     		mov	r0, r4
 101 005a FFF7FEFF 		bl	FS_GetFileAttributes
 102              	.LVL12:
 103 005e FF28     		cmp	r0, #255
 104 0060 05D0     		beq	.L6
  39:.\Logger.c    ****         {
  40:.\Logger.c    ****             dataFile_ = FS_FOpen(buffer, "w");
 105              		.loc 1 40 0
 106 0062 2046     		mov	r0, r4
 107 0064 0649     		ldr	r1, .L9+4
 108 0066 FFF7FEFF 		bl	FS_FOpen
 109              	.LVL13:
 110 006a 074B     		ldr	r3, .L9+12
 111 006c 1860     		str	r0, [r3]
 112              	.L6:
  34:.\Logger.c    ****     {
 113              		.loc 1 34 0 discriminator 2
 114 006e 0135     		adds	r5, r5, #1
 115              	.LVL14:
 116              	.L5:
  34:.\Logger.c    ****     {
 117              		.loc 1 34 0 is_stmt 0 discriminator 1
 118 0070 024B     		ldr	r3, .L9
 119 0072 9B68     		ldr	r3, [r3, #8]
 120 0074 9D42     		cmp	r5, r3
 121 0076 E9DB     		blt	.L7
  41:.\Logger.c    ****         }
  42:.\Logger.c    ****     }
  43:.\Logger.c    **** }
 122              		.loc 1 43 0 is_stmt 1
 123 0078 BD46     		mov	sp, r7
 124              		.cfi_def_cfa_register 13
ARM GAS  C:\Users\Thomas\AppData\Local\Temp\ccawjgmD.s 			page 4


 125              		@ sp needed
 126 007a B0BD     		pop	{r4, r5, r7, pc}
 127              	.LVL15:
 128              	.L10:
 129              		.align	2
 130              	.L9:
 131 007c 00000000 		.word	.LANCHOR0
 132 0080 00000000 		.word	.LC0
 133 0084 00000000 		.word	logFile_
 134 0088 00000000 		.word	dataFile_
 135              		.cfi_endproc
 136              	.LFE63:
 137              		.size	Logger_Init, .-Logger_Init
 138              		.section	.text.Logger_Write,"ax",%progbits
 139              		.align	2
 140              		.global	Logger_Write
 141              		.thumb
 142              		.thumb_func
 143              		.type	Logger_Write, %function
 144              	Logger_Write:
 145              	.LFB64:
  44:.\Logger.c    **** 
  45:.\Logger.c    **** void Logger_Write(char* str)
  46:.\Logger.c    **** {
 146              		.loc 1 46 0
 147              		.cfi_startproc
 148              		@ args = 0, pretend = 0, frame = 0
 149              		@ frame_needed = 0, uses_anonymous_args = 0
 150              	.LVL16:
 151 0000 38B5     		push	{r3, r4, r5, lr}
 152              		.cfi_def_cfa_offset 16
 153              		.cfi_offset 3, -16
 154              		.cfi_offset 4, -12
 155              		.cfi_offset 5, -8
 156              		.cfi_offset 14, -4
  47:.\Logger.c    ****     if(logFile_)
 157              		.loc 1 47 0
 158 0002 064B     		ldr	r3, .L14
 159 0004 1D68     		ldr	r5, [r3]
 160 0006 3DB1     		cbz	r5, .L11
 161 0008 0446     		mov	r4, r0
  48:.\Logger.c    ****     {
  49:.\Logger.c    ****         FS_Write(logFile_, str, strlen(str)); //Hope for the best, in case of any errors ignore it
 162              		.loc 1 49 0
 163 000a FFF7FEFF 		bl	strlen
 164              	.LVL17:
 165 000e 0246     		mov	r2, r0
 166 0010 2846     		mov	r0, r5
 167 0012 2146     		mov	r1, r4
 168 0014 FFF7FEFF 		bl	FS_Write
 169              	.LVL18:
 170              	.L11:
 171 0018 38BD     		pop	{r3, r4, r5, pc}
 172              	.L15:
 173 001a 00BF     		.align	2
 174              	.L14:
 175 001c 00000000 		.word	logFile_
ARM GAS  C:\Users\Thomas\AppData\Local\Temp\ccawjgmD.s 			page 5


 176              		.cfi_endproc
 177              	.LFE64:
 178              		.size	Logger_Write, .-Logger_Write
 179              		.section	.text.Logger_LogData,"ax",%progbits
 180              		.align	2
 181              		.global	Logger_LogData
 182              		.thumb
 183              		.thumb_func
 184              		.type	Logger_LogData, %function
 185              	Logger_LogData:
 186              	.LFB65:
  50:.\Logger.c    ****     }
  51:.\Logger.c    **** }
  52:.\Logger.c    **** 
  53:.\Logger.c    **** void Logger_LogData(int argc,...)
  54:.\Logger.c    **** {
 187              		.loc 1 54 0
 188              		.cfi_startproc
 189              		@ args = 4, pretend = 16, frame = 104
 190              		@ frame_needed = 0, uses_anonymous_args = 1
 191              	.LVL19:
 192 0000 0FB4     		push	{r0, r1, r2, r3}
 193              		.cfi_def_cfa_offset 16
 194              		.cfi_offset 0, -16
 195              		.cfi_offset 1, -12
 196              		.cfi_offset 2, -8
 197              		.cfi_offset 3, -4
 198 0002 F0B5     		push	{r4, r5, r6, r7, lr}
 199              		.cfi_def_cfa_offset 36
 200              		.cfi_offset 4, -36
 201              		.cfi_offset 5, -32
 202              		.cfi_offset 6, -28
 203              		.cfi_offset 7, -24
 204              		.cfi_offset 14, -20
 205 0004 9BB0     		sub	sp, sp, #108
 206              		.cfi_def_cfa_offset 144
 207 0006 209F     		ldr	r7, [sp, #128]
  55:.\Logger.c    ****     if(dataFile_)
 208              		.loc 1 55 0
 209 0008 144B     		ldr	r3, .L21
 210 000a 1B68     		ldr	r3, [r3]
 211 000c 0BB3     		cbz	r3, .L16
 212              	.LBB2:
  56:.\Logger.c    ****     {
  57:.\Logger.c    ****         va_list valist;
  58:.\Logger.c    ****         int i;
  59:.\Logger.c    ****         int count;
  60:.\Logger.c    ****         char buff[100];
  61:.\Logger.c    ****         
  62:.\Logger.c    ****         va_start(valist, argc);
 213              		.loc 1 62 0
 214 000e 21AB     		add	r3, sp, #132
 215 0010 0093     		str	r3, [sp]
 216              	.LVL20:
  63:.\Logger.c    ****         
  64:.\Logger.c    ****         for(i = 0; i < argc; i++)
 217              		.loc 1 64 0
ARM GAS  C:\Users\Thomas\AppData\Local\Temp\ccawjgmD.s 			page 6


 218 0012 0025     		movs	r5, #0
 219 0014 1BE0     		b	.L18
 220              	.LVL21:
 221              	.L19:
  65:.\Logger.c    ****         {
  66:.\Logger.c    ****             FS_Write(dataFile_, &cellSeparator_, 1); // kan vi ikke bare udføre alt dette i en?
 222              		.loc 1 66 0 discriminator 3
 223 0016 114C     		ldr	r4, .L21
 224 0018 114E     		ldr	r6, .L21+4
 225 001a 2068     		ldr	r0, [r4]
 226 001c 06F11001 		add	r1, r6, #16
 227 0020 0122     		movs	r2, #1
 228 0022 FFF7FEFF 		bl	FS_Write
 229              	.LVL22:
  67:.\Logger.c    ****             count = sprintf(buff, "%d", va_arg(valist, int));
 230              		.loc 1 67 0 discriminator 3
 231 0026 009B     		ldr	r3, [sp]
 232 0028 1A1D     		adds	r2, r3, #4
 233 002a 0092     		str	r2, [sp]
 234 002c 01A8     		add	r0, sp, #4
 235 002e 0D49     		ldr	r1, .L21+8
 236 0030 1A68     		ldr	r2, [r3]
 237 0032 FFF7FEFF 		bl	sprintf
 238              	.LVL23:
 239 0036 0246     		mov	r2, r0
 240              	.LVL24:
  68:.\Logger.c    ****             FS_Write(dataFile_, buff, count);
 241              		.loc 1 68 0 discriminator 3
 242 0038 2068     		ldr	r0, [r4]
 243              	.LVL25:
 244 003a 01A9     		add	r1, sp, #4
 245 003c FFF7FEFF 		bl	FS_Write
 246              	.LVL26:
  69:.\Logger.c    ****             FS_Write(dataFile_, &lineSepartor_, 1);
 247              		.loc 1 69 0 discriminator 3
 248 0040 2068     		ldr	r0, [r4]
 249 0042 06F11101 		add	r1, r6, #17
 250 0046 0122     		movs	r2, #1
 251 0048 FFF7FEFF 		bl	FS_Write
 252              	.LVL27:
  64:.\Logger.c    ****         {
 253              		.loc 1 64 0 discriminator 3
 254 004c 0135     		adds	r5, r5, #1
 255              	.LVL28:
 256              	.L18:
  64:.\Logger.c    ****         {
 257              		.loc 1 64 0 is_stmt 0 discriminator 1
 258 004e BD42     		cmp	r5, r7
 259 0050 E1DB     		blt	.L19
 260              	.LVL29:
 261              	.L16:
 262              	.LBE2:
  70:.\Logger.c    ****         }
  71:.\Logger.c    ****     }
  72:.\Logger.c    **** }
 263              		.loc 1 72 0 is_stmt 1
 264 0052 1BB0     		add	sp, sp, #108
ARM GAS  C:\Users\Thomas\AppData\Local\Temp\ccawjgmD.s 			page 7


 265              		.cfi_def_cfa_offset 36
 266              		@ sp needed
 267 0054 BDE8F040 		pop	{r4, r5, r6, r7, lr}
 268              		.cfi_restore 14
 269              		.cfi_restore 7
 270              		.cfi_restore 6
 271              		.cfi_restore 5
 272              		.cfi_restore 4
 273              		.cfi_def_cfa_offset 16
 274 0058 04B0     		add	sp, sp, #16
 275              		.cfi_restore 3
 276              		.cfi_restore 2
 277              		.cfi_restore 1
 278              		.cfi_restore 0
 279              		.cfi_def_cfa_offset 0
 280 005a 7047     		bx	lr
 281              	.L22:
 282              		.align	2
 283              	.L21:
 284 005c 00000000 		.word	dataFile_
 285 0060 00000000 		.word	.LANCHOR0
 286 0064 04000000 		.word	.LC1
 287              		.cfi_endproc
 288              	.LFE65:
 289              		.size	Logger_LogData, .-Logger_LogData
 290              		.section	.text.Logger_Exit,"ax",%progbits
 291              		.align	2
 292              		.global	Logger_Exit
 293              		.thumb
 294              		.thumb_func
 295              		.type	Logger_Exit, %function
 296              	Logger_Exit:
 297              	.LFB66:
  73:.\Logger.c    **** 
  74:.\Logger.c    **** void Logger_Exit(void)
  75:.\Logger.c    **** {
 298              		.loc 1 75 0
 299              		.cfi_startproc
 300              		@ args = 0, pretend = 0, frame = 0
 301              		@ frame_needed = 0, uses_anonymous_args = 0
 302 0000 08B5     		push	{r3, lr}
 303              		.cfi_def_cfa_offset 8
 304              		.cfi_offset 3, -8
 305              		.cfi_offset 14, -4
  76:.\Logger.c    ****     if(dataFile_)
 306              		.loc 1 76 0
 307 0002 064B     		ldr	r3, .L27
 308 0004 1868     		ldr	r0, [r3]
 309 0006 08B1     		cbz	r0, .L24
  77:.\Logger.c    ****     {
  78:.\Logger.c    ****         FS_FClose(dataFile_);
 310              		.loc 1 78 0
 311 0008 FFF7FEFF 		bl	FS_FClose
 312              	.LVL30:
 313              	.L24:
  79:.\Logger.c    ****     }
  80:.\Logger.c    ****     
ARM GAS  C:\Users\Thomas\AppData\Local\Temp\ccawjgmD.s 			page 8


  81:.\Logger.c    ****     if(logFile_)
 314              		.loc 1 81 0
 315 000c 044B     		ldr	r3, .L27+4
 316 000e 1B68     		ldr	r3, [r3]
 317 0010 1BB1     		cbz	r3, .L23
  82:.\Logger.c    ****     {
  83:.\Logger.c    ****         FS_FClose(dataFile_);
 318              		.loc 1 83 0
 319 0012 024B     		ldr	r3, .L27
 320 0014 1868     		ldr	r0, [r3]
 321 0016 FFF7FEFF 		bl	FS_FClose
 322              	.LVL31:
 323              	.L23:
 324 001a 08BD     		pop	{r3, pc}
 325              	.L28:
 326              		.align	2
 327              	.L27:
 328 001c 00000000 		.word	dataFile_
 329 0020 00000000 		.word	logFile_
 330              		.cfi_endproc
 331              	.LFE66:
 332              		.size	Logger_Exit, .-Logger_Exit
 333              		.comm	dataFile_,4,4
 334              		.comm	logFile_,4,4
 335              		.global	maxFileNameLength_
 336              		.global	maxFileNumber_
 337              		.global	dataFileName_
 338              		.global	logFileName_
 339              		.global	lineSepartor_
 340              		.global	cellSeparator_
 341              		.data
 342              		.align	2
 343              		.set	.LANCHOR0,. + 0
 344              		.type	maxFileNameLength_, %object
 345              		.size	maxFileNameLength_, 4
 346              	maxFileNameLength_:
 347 0000 64000000 		.word	100
 348              		.type	logFileName_, %object
 349              		.size	logFileName_, 4
 350              	logFileName_:
 351 0004 14000000 		.word	.LC3
 352              		.type	maxFileNumber_, %object
 353              		.size	maxFileNumber_, 4
 354              	maxFileNumber_:
 355 0008 14000000 		.word	20
 356              		.type	dataFileName_, %object
 357              		.size	dataFileName_, 4
 358              	dataFileName_:
 359 000c 08000000 		.word	.LC2
 360              		.type	cellSeparator_, %object
 361              		.size	cellSeparator_, 1
 362              	cellSeparator_:
 363 0010 3B       		.byte	59
 364              		.type	lineSepartor_, %object
 365              		.size	lineSepartor_, 1
 366              	lineSepartor_:
 367 0011 0A       		.byte	10
ARM GAS  C:\Users\Thomas\AppData\Local\Temp\ccawjgmD.s 			page 9


 368 0012 0000     		.section	.rodata.str1.4,"aMS",%progbits,1
 369              		.align	2
 370              	.LC0:
 371 0000 7700     		.ascii	"w\000"
 372 0002 0000     		.space	2
 373              	.LC1:
 374 0004 256400   		.ascii	"%d\000"
 375 0007 00       		.space	1
 376              	.LC2:
 377 0008 64617461 		.ascii	"data%d.csv\000"
 377      25642E63 
 377      737600
 378 0013 00       		.space	1
 379              	.LC3:
 380 0014 6C6F6725 		.ascii	"log%d.txt\000"
 380      642E7478 
 380      7400
 381 001e 0000     		.text
 382              	.Letext0:
 383              		.file 2 "c:\\program files (x86)\\cypress\\psoc creator\\3.3\\psoc creator\\import\\gnu\\arm\\4.9.
 384              		.file 3 "c:\\program files (x86)\\cypress\\psoc creator\\3.3\\psoc creator\\import\\gnu\\arm\\4.9.
 385              		.file 4 "c:\\program files (x86)\\cypress\\psoc creator\\3.3\\psoc creator\\import\\gnu\\arm\\4.9.
 386              		.file 5 ".\\Libs\\emFile_V322c\\Code\\Include\\PSoC5/FS_Types.h"
 387              		.file 6 "c:\\program files (x86)\\cypress\\psoc creator\\3.3\\psoc creator\\import\\gnu\\arm\\4.9.
 388              		.file 7 "Generated_Source\\PSoC5/core_cm3.h"
 389              		.file 8 "c:\\program files (x86)\\cypress\\psoc creator\\3.3\\psoc creator\\import\\gnu\\arm\\4.9.
 390              		.file 9 ".\\Libs\\emFile_V322c\\Code\\Include\\PSoC5/FS.h"
 391              		.file 10 "c:\\program files (x86)\\cypress\\psoc creator\\3.3\\psoc creator\\import\\gnu\\arm\\4.9
 392              		.file 11 "<built-in>"
 393              		.section	.debug_info,"",%progbits
 394              	.Ldebug_info0:
 395 0000 75040000 		.4byte	0x475
 396 0004 0400     		.2byte	0x4
 397 0006 00000000 		.4byte	.Ldebug_abbrev0
 398 000a 04       		.byte	0x4
 399 000b 01       		.uleb128 0x1
 400 000c 93010000 		.4byte	.LASF42
 401 0010 01       		.byte	0x1
 402 0011 99020000 		.4byte	.LASF43
 403 0015 6B000000 		.4byte	.LASF44
 404 0019 00000000 		.4byte	.Ldebug_ranges0+0
 405 001d 00000000 		.4byte	0
 406 0021 00000000 		.4byte	.Ldebug_line0
 407 0025 02       		.uleb128 0x2
 408 0026 01       		.byte	0x1
 409 0027 06       		.byte	0x6
 410 0028 A4020000 		.4byte	.LASF0
 411 002c 02       		.uleb128 0x2
 412 002d 01       		.byte	0x1
 413 002e 08       		.byte	0x8
 414 002f 5D000000 		.4byte	.LASF1
 415 0033 02       		.uleb128 0x2
 416 0034 02       		.byte	0x2
 417 0035 05       		.byte	0x5
 418 0036 71020000 		.4byte	.LASF2
 419 003a 02       		.uleb128 0x2
 420 003b 02       		.byte	0x2
ARM GAS  C:\Users\Thomas\AppData\Local\Temp\ccawjgmD.s 			page 10


 421 003c 07       		.byte	0x7
 422 003d D0000000 		.4byte	.LASF3
 423 0041 03       		.uleb128 0x3
 424 0042 19000000 		.4byte	.LASF9
 425 0046 02       		.byte	0x2
 426 0047 3F       		.byte	0x3f
 427 0048 4C000000 		.4byte	0x4c
 428 004c 02       		.uleb128 0x2
 429 004d 04       		.byte	0x4
 430 004e 05       		.byte	0x5
 431 004f 23000000 		.4byte	.LASF4
 432 0053 02       		.uleb128 0x2
 433 0054 04       		.byte	0x4
 434 0055 07       		.byte	0x7
 435 0056 5E010000 		.4byte	.LASF5
 436 005a 02       		.uleb128 0x2
 437 005b 08       		.byte	0x8
 438 005c 05       		.byte	0x5
 439 005d 49020000 		.4byte	.LASF6
 440 0061 02       		.uleb128 0x2
 441 0062 08       		.byte	0x8
 442 0063 07       		.byte	0x7
 443 0064 77010000 		.4byte	.LASF7
 444 0068 04       		.uleb128 0x4
 445 0069 04       		.byte	0x4
 446 006a 05       		.byte	0x5
 447 006b 696E7400 		.ascii	"int\000"
 448 006f 02       		.uleb128 0x2
 449 0070 04       		.byte	0x4
 450 0071 07       		.byte	0x7
 451 0072 2C000000 		.4byte	.LASF8
 452 0076 03       		.uleb128 0x3
 453 0077 40000000 		.4byte	.LASF10
 454 007b 03       		.byte	0x3
 455 007c 2C       		.byte	0x2c
 456 007d 41000000 		.4byte	0x41
 457 0081 02       		.uleb128 0x2
 458 0082 04       		.byte	0x4
 459 0083 04       		.byte	0x4
 460 0084 48000000 		.4byte	.LASF11
 461 0088 02       		.uleb128 0x2
 462 0089 08       		.byte	0x8
 463 008a 04       		.byte	0x4
 464 008b 39000000 		.4byte	.LASF12
 465 008f 02       		.uleb128 0x2
 466 0090 01       		.byte	0x1
 467 0091 08       		.byte	0x8
 468 0092 57020000 		.4byte	.LASF13
 469 0096 03       		.uleb128 0x3
 470 0097 E3000000 		.4byte	.LASF14
 471 009b 04       		.byte	0x4
 472 009c D4       		.byte	0xd4
 473 009d 6F000000 		.4byte	0x6f
 474 00a1 02       		.uleb128 0x2
 475 00a2 04       		.byte	0x4
 476 00a3 07       		.byte	0x7
 477 00a4 36020000 		.4byte	.LASF15
ARM GAS  C:\Users\Thomas\AppData\Local\Temp\ccawjgmD.s 			page 11


 478 00a8 05       		.uleb128 0x5
 479 00a9 04       		.byte	0x4
 480 00aa 06       		.uleb128 0x6
 481 00ab 04       		.byte	0x4
 482 00ac 8F000000 		.4byte	0x8f
 483 00b0 06       		.uleb128 0x6
 484 00b1 04       		.byte	0x4
 485 00b2 B6000000 		.4byte	0xb6
 486 00b6 07       		.uleb128 0x7
 487 00b7 8F000000 		.4byte	0x8f
 488 00bb 06       		.uleb128 0x6
 489 00bc 04       		.byte	0x4
 490 00bd C1000000 		.4byte	0xc1
 491 00c1 08       		.uleb128 0x8
 492 00c2 03       		.uleb128 0x3
 493 00c3 2E020000 		.4byte	.LASF16
 494 00c7 05       		.byte	0x5
 495 00c8 7E       		.byte	0x7e
 496 00c9 CD000000 		.4byte	0xcd
 497 00cd 09       		.uleb128 0x9
 498 00ce 2E020000 		.4byte	.LASF16
 499 00d2 06       		.uleb128 0x6
 500 00d3 04       		.byte	0x4
 501 00d4 C2000000 		.4byte	0xc2
 502 00d8 03       		.uleb128 0x3
 503 00d9 4E000000 		.4byte	.LASF17
 504 00dd 06       		.byte	0x6
 505 00de 28       		.byte	0x28
 506 00df E3000000 		.4byte	0xe3
 507 00e3 0A       		.uleb128 0xa
 508 00e4 3F020000 		.4byte	.LASF45
 509 00e8 04       		.byte	0x4
 510 00e9 0B       		.byte	0xb
 511 00ea 00       		.byte	0
 512 00eb FA000000 		.4byte	0xfa
 513 00ef 0B       		.uleb128 0xb
 514 00f0 8E010000 		.4byte	.LASF46
 515 00f4 A8000000 		.4byte	0xa8
 516 00f8 00       		.byte	0
 517 00f9 00       		.byte	0
 518 00fa 03       		.uleb128 0x3
 519 00fb 05010000 		.4byte	.LASF18
 520 00ff 06       		.byte	0x6
 521 0100 62       		.byte	0x62
 522 0101 D8000000 		.4byte	0xd8
 523 0105 0C       		.uleb128 0xc
 524 0106 B0020000 		.4byte	.LASF20
 525 010a 01       		.byte	0x1
 526 010b 0F       		.byte	0xf
 527 010c 00000000 		.4byte	.LFB63
 528 0110 8C000000 		.4byte	.LFE63-.LFB63
 529 0114 01       		.uleb128 0x1
 530 0115 9C       		.byte	0x9c
 531 0116 DB010000 		.4byte	0x1db
 532 011a 0D       		.uleb128 0xd
 533 011b 6900     		.ascii	"i\000"
 534 011d 01       		.byte	0x1
ARM GAS  C:\Users\Thomas\AppData\Local\Temp\ccawjgmD.s 			page 12


 535 011e 11       		.byte	0x11
 536 011f 68000000 		.4byte	0x68
 537 0123 00000000 		.4byte	.LLST0
 538 0127 0E       		.uleb128 0xe
 539 0128 EE010000 		.4byte	0x1ee
 540 012c 2A000000 		.4byte	.LLST1
 541 0130 0F       		.uleb128 0xf
 542 0131 83020000 		.4byte	.LASF19
 543 0135 01       		.byte	0x1
 544 0136 14       		.byte	0x14
 545 0137 DB010000 		.4byte	0x1db
 546 013b 52000000 		.4byte	.LLST2
 547 013f 10       		.uleb128 0x10
 548 0140 08000000 		.4byte	.LVL0
 549 0144 DD030000 		.4byte	0x3dd
 550 0148 11       		.uleb128 0x11
 551 0149 28000000 		.4byte	.LVL5
 552 014d E5030000 		.4byte	0x3e5
 553 0151 62010000 		.4byte	0x162
 554 0155 12       		.uleb128 0x12
 555 0156 01       		.uleb128 0x1
 556 0157 52       		.byte	0x52
 557 0158 02       		.uleb128 0x2
 558 0159 75       		.byte	0x75
 559 015a 00       		.sleb128 0
 560 015b 12       		.uleb128 0x12
 561 015c 01       		.uleb128 0x1
 562 015d 50       		.byte	0x50
 563 015e 02       		.uleb128 0x2
 564 015f 74       		.byte	0x74
 565 0160 00       		.sleb128 0
 566 0161 00       		.byte	0
 567 0162 11       		.uleb128 0x11
 568 0163 2E000000 		.4byte	.LVL6
 569 0167 00040000 		.4byte	0x400
 570 016b 76010000 		.4byte	0x176
 571 016f 12       		.uleb128 0x12
 572 0170 01       		.uleb128 0x1
 573 0171 50       		.byte	0x50
 574 0172 02       		.uleb128 0x2
 575 0173 74       		.byte	0x74
 576 0174 00       		.sleb128 0
 577 0175 00       		.byte	0
 578 0176 11       		.uleb128 0x11
 579 0177 3A000000 		.4byte	.LVL7
 580 017b 16040000 		.4byte	0x416
 581 017f 93010000 		.4byte	0x193
 582 0183 12       		.uleb128 0x12
 583 0184 01       		.uleb128 0x1
 584 0185 51       		.byte	0x51
 585 0186 05       		.uleb128 0x5
 586 0187 03       		.byte	0x3
 587 0188 00000000 		.4byte	.LC0
 588 018c 12       		.uleb128 0x12
 589 018d 01       		.uleb128 0x1
 590 018e 50       		.byte	0x50
 591 018f 02       		.uleb128 0x2
ARM GAS  C:\Users\Thomas\AppData\Local\Temp\ccawjgmD.s 			page 13


 592 0190 74       		.byte	0x74
 593 0191 00       		.sleb128 0
 594 0192 00       		.byte	0
 595 0193 11       		.uleb128 0x11
 596 0194 58000000 		.4byte	.LVL11
 597 0198 E5030000 		.4byte	0x3e5
 598 019c AD010000 		.4byte	0x1ad
 599 01a0 12       		.uleb128 0x12
 600 01a1 01       		.uleb128 0x1
 601 01a2 52       		.byte	0x52
 602 01a3 02       		.uleb128 0x2
 603 01a4 75       		.byte	0x75
 604 01a5 00       		.sleb128 0
 605 01a6 12       		.uleb128 0x12
 606 01a7 01       		.uleb128 0x1
 607 01a8 50       		.byte	0x50
 608 01a9 02       		.uleb128 0x2
 609 01aa 74       		.byte	0x74
 610 01ab 00       		.sleb128 0
 611 01ac 00       		.byte	0
 612 01ad 11       		.uleb128 0x11
 613 01ae 5E000000 		.4byte	.LVL12
 614 01b2 00040000 		.4byte	0x400
 615 01b6 C1010000 		.4byte	0x1c1
 616 01ba 12       		.uleb128 0x12
 617 01bb 01       		.uleb128 0x1
 618 01bc 50       		.byte	0x50
 619 01bd 02       		.uleb128 0x2
 620 01be 74       		.byte	0x74
 621 01bf 00       		.sleb128 0
 622 01c0 00       		.byte	0
 623 01c1 13       		.uleb128 0x13
 624 01c2 6A000000 		.4byte	.LVL13
 625 01c6 16040000 		.4byte	0x416
 626 01ca 12       		.uleb128 0x12
 627 01cb 01       		.uleb128 0x1
 628 01cc 51       		.byte	0x51
 629 01cd 05       		.uleb128 0x5
 630 01ce 03       		.byte	0x3
 631 01cf 00000000 		.4byte	.LC0
 632 01d3 12       		.uleb128 0x12
 633 01d4 01       		.uleb128 0x1
 634 01d5 50       		.byte	0x50
 635 01d6 02       		.uleb128 0x2
 636 01d7 74       		.byte	0x74
 637 01d8 00       		.sleb128 0
 638 01d9 00       		.byte	0
 639 01da 00       		.byte	0
 640 01db 14       		.uleb128 0x14
 641 01dc 8F000000 		.4byte	0x8f
 642 01e0 EE010000 		.4byte	0x1ee
 643 01e4 15       		.uleb128 0x15
 644 01e5 A1000000 		.4byte	0xa1
 645 01e9 27010000 		.4byte	0x127
 646 01ed 00       		.byte	0
 647 01ee 07       		.uleb128 0x7
 648 01ef A1000000 		.4byte	0xa1
ARM GAS  C:\Users\Thomas\AppData\Local\Temp\ccawjgmD.s 			page 14


 649 01f3 0C       		.uleb128 0xc
 650 01f4 EA000000 		.4byte	.LASF21
 651 01f8 01       		.byte	0x1
 652 01f9 2D       		.byte	0x2d
 653 01fa 00000000 		.4byte	.LFB64
 654 01fe 20000000 		.4byte	.LFE64-.LFB64
 655 0202 01       		.uleb128 0x1
 656 0203 9C       		.byte	0x9c
 657 0204 42020000 		.4byte	0x242
 658 0208 16       		.uleb128 0x16
 659 0209 73747200 		.ascii	"str\000"
 660 020d 01       		.byte	0x1
 661 020e 2D       		.byte	0x2d
 662 020f AA000000 		.4byte	0xaa
 663 0213 66000000 		.4byte	.LLST3
 664 0217 11       		.uleb128 0x11
 665 0218 0E000000 		.4byte	.LVL17
 666 021c 31040000 		.4byte	0x431
 667 0220 2B020000 		.4byte	0x22b
 668 0224 12       		.uleb128 0x12
 669 0225 01       		.uleb128 0x1
 670 0226 50       		.byte	0x50
 671 0227 02       		.uleb128 0x2
 672 0228 74       		.byte	0x74
 673 0229 00       		.sleb128 0
 674 022a 00       		.byte	0
 675 022b 13       		.uleb128 0x13
 676 022c 18000000 		.4byte	.LVL18
 677 0230 46040000 		.4byte	0x446
 678 0234 12       		.uleb128 0x12
 679 0235 01       		.uleb128 0x1
 680 0236 51       		.byte	0x51
 681 0237 02       		.uleb128 0x2
 682 0238 74       		.byte	0x74
 683 0239 00       		.sleb128 0
 684 023a 12       		.uleb128 0x12
 685 023b 01       		.uleb128 0x1
 686 023c 50       		.byte	0x50
 687 023d 02       		.uleb128 0x2
 688 023e 75       		.byte	0x75
 689 023f 00       		.sleb128 0
 690 0240 00       		.byte	0
 691 0241 00       		.byte	0
 692 0242 0C       		.uleb128 0xc
 693 0243 CB020000 		.4byte	.LASF22
 694 0247 01       		.byte	0x1
 695 0248 35       		.byte	0x35
 696 0249 00000000 		.4byte	.LFB65
 697 024d 68000000 		.4byte	.LFE65-.LFB65
 698 0251 01       		.uleb128 0x1
 699 0252 9C       		.byte	0x9c
 700 0253 0C030000 		.4byte	0x30c
 701 0257 17       		.uleb128 0x17
 702 0258 8A020000 		.4byte	.LASF23
 703 025c 01       		.byte	0x1
 704 025d 35       		.byte	0x35
 705 025e 68000000 		.4byte	0x68
ARM GAS  C:\Users\Thomas\AppData\Local\Temp\ccawjgmD.s 			page 15


 706 0262 02       		.uleb128 0x2
 707 0263 91       		.byte	0x91
 708 0264 70       		.sleb128 -16
 709 0265 18       		.uleb128 0x18
 710 0266 19       		.uleb128 0x19
 711 0267 0E000000 		.4byte	.LBB2
 712 026b 44000000 		.4byte	.LBE2-.LBB2
 713 026f 1A       		.uleb128 0x1a
 714 0270 C4020000 		.4byte	.LASF24
 715 0274 01       		.byte	0x1
 716 0275 39       		.byte	0x39
 717 0276 FA000000 		.4byte	0xfa
 718 027a 03       		.uleb128 0x3
 719 027b 91       		.byte	0x91
 720 027c F07E     		.sleb128 -144
 721 027e 0D       		.uleb128 0xd
 722 027f 6900     		.ascii	"i\000"
 723 0281 01       		.byte	0x1
 724 0282 3A       		.byte	0x3a
 725 0283 68000000 		.4byte	0x68
 726 0287 92000000 		.4byte	.LLST4
 727 028b 0F       		.uleb128 0xf
 728 028c 6B020000 		.4byte	.LASF25
 729 0290 01       		.byte	0x1
 730 0291 3B       		.byte	0x3b
 731 0292 68000000 		.4byte	0x68
 732 0296 B1000000 		.4byte	.LLST5
 733 029a 1A       		.uleb128 0x1a
 734 029b 0D010000 		.4byte	.LASF26
 735 029f 01       		.byte	0x1
 736 02a0 3C       		.byte	0x3c
 737 02a1 0C030000 		.4byte	0x30c
 738 02a5 03       		.uleb128 0x3
 739 02a6 91       		.byte	0x91
 740 02a7 F47E     		.sleb128 -140
 741 02a9 11       		.uleb128 0x11
 742 02aa 26000000 		.4byte	.LVL22
 743 02ae 46040000 		.4byte	0x446
 744 02b2 C2020000 		.4byte	0x2c2
 745 02b6 12       		.uleb128 0x12
 746 02b7 01       		.uleb128 0x1
 747 02b8 52       		.byte	0x52
 748 02b9 01       		.uleb128 0x1
 749 02ba 31       		.byte	0x31
 750 02bb 12       		.uleb128 0x12
 751 02bc 01       		.uleb128 0x1
 752 02bd 51       		.byte	0x51
 753 02be 02       		.uleb128 0x2
 754 02bf 76       		.byte	0x76
 755 02c0 10       		.sleb128 16
 756 02c1 00       		.byte	0
 757 02c2 11       		.uleb128 0x11
 758 02c3 36000000 		.4byte	.LVL23
 759 02c7 E5030000 		.4byte	0x3e5
 760 02cb E0020000 		.4byte	0x2e0
 761 02cf 12       		.uleb128 0x12
 762 02d0 01       		.uleb128 0x1
ARM GAS  C:\Users\Thomas\AppData\Local\Temp\ccawjgmD.s 			page 16


 763 02d1 51       		.byte	0x51
 764 02d2 05       		.uleb128 0x5
 765 02d3 03       		.byte	0x3
 766 02d4 04000000 		.4byte	.LC1
 767 02d8 12       		.uleb128 0x12
 768 02d9 01       		.uleb128 0x1
 769 02da 50       		.byte	0x50
 770 02db 03       		.uleb128 0x3
 771 02dc 91       		.byte	0x91
 772 02dd D47E     		.sleb128 -172
 773 02df 00       		.byte	0
 774 02e0 11       		.uleb128 0x11
 775 02e1 40000000 		.4byte	.LVL26
 776 02e5 46040000 		.4byte	0x446
 777 02e9 F5020000 		.4byte	0x2f5
 778 02ed 12       		.uleb128 0x12
 779 02ee 01       		.uleb128 0x1
 780 02ef 51       		.byte	0x51
 781 02f0 03       		.uleb128 0x3
 782 02f1 91       		.byte	0x91
 783 02f2 D47E     		.sleb128 -172
 784 02f4 00       		.byte	0
 785 02f5 13       		.uleb128 0x13
 786 02f6 4C000000 		.4byte	.LVL27
 787 02fa 46040000 		.4byte	0x446
 788 02fe 12       		.uleb128 0x12
 789 02ff 01       		.uleb128 0x1
 790 0300 52       		.byte	0x52
 791 0301 01       		.uleb128 0x1
 792 0302 31       		.byte	0x31
 793 0303 12       		.uleb128 0x12
 794 0304 01       		.uleb128 0x1
 795 0305 51       		.byte	0x51
 796 0306 02       		.uleb128 0x2
 797 0307 76       		.byte	0x76
 798 0308 11       		.sleb128 17
 799 0309 00       		.byte	0
 800 030a 00       		.byte	0
 801 030b 00       		.byte	0
 802 030c 14       		.uleb128 0x14
 803 030d 8F000000 		.4byte	0x8f
 804 0311 1C030000 		.4byte	0x31c
 805 0315 1B       		.uleb128 0x1b
 806 0316 A1000000 		.4byte	0xa1
 807 031a 63       		.byte	0x63
 808 031b 00       		.byte	0
 809 031c 0C       		.uleb128 0xc
 810 031d 52010000 		.4byte	.LASF27
 811 0321 01       		.byte	0x1
 812 0322 4A       		.byte	0x4a
 813 0323 00000000 		.4byte	.LFB66
 814 0327 24000000 		.4byte	.LFE66-.LFB66
 815 032b 01       		.uleb128 0x1
 816 032c 9C       		.byte	0x9c
 817 032d 44030000 		.4byte	0x344
 818 0331 10       		.uleb128 0x10
 819 0332 0C000000 		.4byte	.LVL30
ARM GAS  C:\Users\Thomas\AppData\Local\Temp\ccawjgmD.s 			page 17


 820 0336 66040000 		.4byte	0x466
 821 033a 10       		.uleb128 0x10
 822 033b 1A000000 		.4byte	.LVL31
 823 033f 66040000 		.4byte	0x466
 824 0343 00       		.byte	0
 825 0344 1C       		.uleb128 0x1c
 826 0345 21020000 		.4byte	.LASF28
 827 0349 07       		.byte	0x7
 828 034a 5506     		.2byte	0x655
 829 034c 50030000 		.4byte	0x350
 830 0350 1D       		.uleb128 0x1d
 831 0351 76000000 		.4byte	0x76
 832 0355 1E       		.uleb128 0x1e
 833 0356 5C020000 		.4byte	.LASF29
 834 035a 01       		.byte	0x1
 835 035b 03       		.byte	0x3
 836 035c 8F000000 		.4byte	0x8f
 837 0360 05       		.uleb128 0x5
 838 0361 03       		.byte	0x3
 839 0362 00000000 		.4byte	cellSeparator_
 840 0366 1E       		.uleb128 0x1e
 841 0367 31010000 		.4byte	.LASF30
 842 036b 01       		.byte	0x1
 843 036c 04       		.byte	0x4
 844 036d 8F000000 		.4byte	0x8f
 845 0371 05       		.uleb128 0x5
 846 0372 03       		.byte	0x3
 847 0373 00000000 		.4byte	lineSepartor_
 848 0377 1E       		.uleb128 0x1e
 849 0378 24010000 		.4byte	.LASF31
 850 037c 01       		.byte	0x1
 851 037d 06       		.byte	0x6
 852 037e AA000000 		.4byte	0xaa
 853 0382 05       		.uleb128 0x5
 854 0383 03       		.byte	0x3
 855 0384 00000000 		.4byte	logFileName_
 856 0388 1E       		.uleb128 0x1e
 857 0389 F7000000 		.4byte	.LASF32
 858 038d 01       		.byte	0x1
 859 038e 07       		.byte	0x7
 860 038f AA000000 		.4byte	0xaa
 861 0393 05       		.uleb128 0x5
 862 0394 03       		.byte	0x3
 863 0395 00000000 		.4byte	dataFileName_
 864 0399 1E       		.uleb128 0x1e
 865 039a 0A000000 		.4byte	.LASF33
 866 039e 01       		.byte	0x1
 867 039f 09       		.byte	0x9
 868 03a0 68000000 		.4byte	0x68
 869 03a4 05       		.uleb128 0x5
 870 03a5 03       		.byte	0x3
 871 03a6 00000000 		.4byte	maxFileNumber_
 872 03aa 1E       		.uleb128 0x1e
 873 03ab 3F010000 		.4byte	.LASF34
 874 03af 01       		.byte	0x1
 875 03b0 0A       		.byte	0xa
 876 03b1 68000000 		.4byte	0x68
ARM GAS  C:\Users\Thomas\AppData\Local\Temp\ccawjgmD.s 			page 18


 877 03b5 05       		.uleb128 0x5
 878 03b6 03       		.byte	0x3
 879 03b7 00000000 		.4byte	maxFileNameLength_
 880 03bb 1E       		.uleb128 0x1e
 881 03bc C7000000 		.4byte	.LASF35
 882 03c0 01       		.byte	0x1
 883 03c1 0C       		.byte	0xc
 884 03c2 D2000000 		.4byte	0xd2
 885 03c6 05       		.uleb128 0x5
 886 03c7 03       		.byte	0x3
 887 03c8 00000000 		.4byte	logFile_
 888 03cc 1E       		.uleb128 0x1e
 889 03cd 8F020000 		.4byte	.LASF36
 890 03d1 01       		.byte	0x1
 891 03d2 0D       		.byte	0xd
 892 03d3 D2000000 		.4byte	0xd2
 893 03d7 05       		.uleb128 0x5
 894 03d8 03       		.byte	0x3
 895 03d9 00000000 		.4byte	dataFile_
 896 03dd 1F       		.uleb128 0x1f
 897 03de 7B020000 		.4byte	.LASF47
 898 03e2 09       		.byte	0x9
 899 03e3 DA01     		.2byte	0x1da
 900 03e5 20       		.uleb128 0x20
 901 03e6 BC020000 		.4byte	.LASF37
 902 03ea 08       		.byte	0x8
 903 03eb DE       		.byte	0xde
 904 03ec 68000000 		.4byte	0x68
 905 03f0 00040000 		.4byte	0x400
 906 03f4 21       		.uleb128 0x21
 907 03f5 AA000000 		.4byte	0xaa
 908 03f9 21       		.uleb128 0x21
 909 03fa B0000000 		.4byte	0xb0
 910 03fe 18       		.uleb128 0x18
 911 03ff 00       		.byte	0
 912 0400 22       		.uleb128 0x22
 913 0401 B2000000 		.4byte	.LASF38
 914 0405 09       		.byte	0x9
 915 0406 9D01     		.2byte	0x19d
 916 0408 2C000000 		.4byte	0x2c
 917 040c 16040000 		.4byte	0x416
 918 0410 21       		.uleb128 0x21
 919 0411 B0000000 		.4byte	0xb0
 920 0415 00       		.byte	0
 921 0416 22       		.uleb128 0x22
 922 0417 12010000 		.4byte	.LASF39
 923 041b 09       		.byte	0x9
 924 041c 3A01     		.2byte	0x13a
 925 041e D2000000 		.4byte	0xd2
 926 0422 31040000 		.4byte	0x431
 927 0426 21       		.uleb128 0x21
 928 0427 B0000000 		.4byte	0xb0
 929 042b 21       		.uleb128 0x21
 930 042c B0000000 		.4byte	0xb0
 931 0430 00       		.byte	0
 932 0431 20       		.uleb128 0x20
 933 0432 70010000 		.4byte	.LASF40
ARM GAS  C:\Users\Thomas\AppData\Local\Temp\ccawjgmD.s 			page 19


 934 0436 0A       		.byte	0xa
 935 0437 21       		.byte	0x21
 936 0438 96000000 		.4byte	0x96
 937 043c 46040000 		.4byte	0x446
 938 0440 21       		.uleb128 0x21
 939 0441 B0000000 		.4byte	0xb0
 940 0445 00       		.byte	0
 941 0446 22       		.uleb128 0x22
 942 0447 1B010000 		.4byte	.LASF41
 943 044b 09       		.byte	0x9
 944 044c 4401     		.2byte	0x144
 945 044e 53000000 		.4byte	0x53
 946 0452 66040000 		.4byte	0x466
 947 0456 21       		.uleb128 0x21
 948 0457 D2000000 		.4byte	0xd2
 949 045b 21       		.uleb128 0x21
 950 045c BB000000 		.4byte	0xbb
 951 0460 21       		.uleb128 0x21
 952 0461 53000000 		.4byte	0x53
 953 0465 00       		.byte	0
 954 0466 23       		.uleb128 0x23
 955 0467 00000000 		.4byte	.LASF48
 956 046b 09       		.byte	0x9
 957 046c 3B01     		.2byte	0x13b
 958 046e 68000000 		.4byte	0x68
 959 0472 21       		.uleb128 0x21
 960 0473 D2000000 		.4byte	0xd2
 961 0477 00       		.byte	0
 962 0478 00       		.byte	0
 963              		.section	.debug_abbrev,"",%progbits
 964              	.Ldebug_abbrev0:
 965 0000 01       		.uleb128 0x1
 966 0001 11       		.uleb128 0x11
 967 0002 01       		.byte	0x1
 968 0003 25       		.uleb128 0x25
 969 0004 0E       		.uleb128 0xe
 970 0005 13       		.uleb128 0x13
 971 0006 0B       		.uleb128 0xb
 972 0007 03       		.uleb128 0x3
 973 0008 0E       		.uleb128 0xe
 974 0009 1B       		.uleb128 0x1b
 975 000a 0E       		.uleb128 0xe
 976 000b 55       		.uleb128 0x55
 977 000c 17       		.uleb128 0x17
 978 000d 11       		.uleb128 0x11
 979 000e 01       		.uleb128 0x1
 980 000f 10       		.uleb128 0x10
 981 0010 17       		.uleb128 0x17
 982 0011 00       		.byte	0
 983 0012 00       		.byte	0
 984 0013 02       		.uleb128 0x2
 985 0014 24       		.uleb128 0x24
 986 0015 00       		.byte	0
 987 0016 0B       		.uleb128 0xb
 988 0017 0B       		.uleb128 0xb
 989 0018 3E       		.uleb128 0x3e
 990 0019 0B       		.uleb128 0xb
ARM GAS  C:\Users\Thomas\AppData\Local\Temp\ccawjgmD.s 			page 20


 991 001a 03       		.uleb128 0x3
 992 001b 0E       		.uleb128 0xe
 993 001c 00       		.byte	0
 994 001d 00       		.byte	0
 995 001e 03       		.uleb128 0x3
 996 001f 16       		.uleb128 0x16
 997 0020 00       		.byte	0
 998 0021 03       		.uleb128 0x3
 999 0022 0E       		.uleb128 0xe
 1000 0023 3A       		.uleb128 0x3a
 1001 0024 0B       		.uleb128 0xb
 1002 0025 3B       		.uleb128 0x3b
 1003 0026 0B       		.uleb128 0xb
 1004 0027 49       		.uleb128 0x49
 1005 0028 13       		.uleb128 0x13
 1006 0029 00       		.byte	0
 1007 002a 00       		.byte	0
 1008 002b 04       		.uleb128 0x4
 1009 002c 24       		.uleb128 0x24
 1010 002d 00       		.byte	0
 1011 002e 0B       		.uleb128 0xb
 1012 002f 0B       		.uleb128 0xb
 1013 0030 3E       		.uleb128 0x3e
 1014 0031 0B       		.uleb128 0xb
 1015 0032 03       		.uleb128 0x3
 1016 0033 08       		.uleb128 0x8
 1017 0034 00       		.byte	0
 1018 0035 00       		.byte	0
 1019 0036 05       		.uleb128 0x5
 1020 0037 0F       		.uleb128 0xf
 1021 0038 00       		.byte	0
 1022 0039 0B       		.uleb128 0xb
 1023 003a 0B       		.uleb128 0xb
 1024 003b 00       		.byte	0
 1025 003c 00       		.byte	0
 1026 003d 06       		.uleb128 0x6
 1027 003e 0F       		.uleb128 0xf
 1028 003f 00       		.byte	0
 1029 0040 0B       		.uleb128 0xb
 1030 0041 0B       		.uleb128 0xb
 1031 0042 49       		.uleb128 0x49
 1032 0043 13       		.uleb128 0x13
 1033 0044 00       		.byte	0
 1034 0045 00       		.byte	0
 1035 0046 07       		.uleb128 0x7
 1036 0047 26       		.uleb128 0x26
 1037 0048 00       		.byte	0
 1038 0049 49       		.uleb128 0x49
 1039 004a 13       		.uleb128 0x13
 1040 004b 00       		.byte	0
 1041 004c 00       		.byte	0
 1042 004d 08       		.uleb128 0x8
 1043 004e 26       		.uleb128 0x26
 1044 004f 00       		.byte	0
 1045 0050 00       		.byte	0
 1046 0051 00       		.byte	0
 1047 0052 09       		.uleb128 0x9
ARM GAS  C:\Users\Thomas\AppData\Local\Temp\ccawjgmD.s 			page 21


 1048 0053 13       		.uleb128 0x13
 1049 0054 00       		.byte	0
 1050 0055 03       		.uleb128 0x3
 1051 0056 0E       		.uleb128 0xe
 1052 0057 3C       		.uleb128 0x3c
 1053 0058 19       		.uleb128 0x19
 1054 0059 00       		.byte	0
 1055 005a 00       		.byte	0
 1056 005b 0A       		.uleb128 0xa
 1057 005c 13       		.uleb128 0x13
 1058 005d 01       		.byte	0x1
 1059 005e 03       		.uleb128 0x3
 1060 005f 0E       		.uleb128 0xe
 1061 0060 0B       		.uleb128 0xb
 1062 0061 0B       		.uleb128 0xb
 1063 0062 3A       		.uleb128 0x3a
 1064 0063 0B       		.uleb128 0xb
 1065 0064 3B       		.uleb128 0x3b
 1066 0065 0B       		.uleb128 0xb
 1067 0066 01       		.uleb128 0x1
 1068 0067 13       		.uleb128 0x13
 1069 0068 00       		.byte	0
 1070 0069 00       		.byte	0
 1071 006a 0B       		.uleb128 0xb
 1072 006b 0D       		.uleb128 0xd
 1073 006c 00       		.byte	0
 1074 006d 03       		.uleb128 0x3
 1075 006e 0E       		.uleb128 0xe
 1076 006f 49       		.uleb128 0x49
 1077 0070 13       		.uleb128 0x13
 1078 0071 38       		.uleb128 0x38
 1079 0072 0B       		.uleb128 0xb
 1080 0073 34       		.uleb128 0x34
 1081 0074 19       		.uleb128 0x19
 1082 0075 00       		.byte	0
 1083 0076 00       		.byte	0
 1084 0077 0C       		.uleb128 0xc
 1085 0078 2E       		.uleb128 0x2e
 1086 0079 01       		.byte	0x1
 1087 007a 3F       		.uleb128 0x3f
 1088 007b 19       		.uleb128 0x19
 1089 007c 03       		.uleb128 0x3
 1090 007d 0E       		.uleb128 0xe
 1091 007e 3A       		.uleb128 0x3a
 1092 007f 0B       		.uleb128 0xb
 1093 0080 3B       		.uleb128 0x3b
 1094 0081 0B       		.uleb128 0xb
 1095 0082 27       		.uleb128 0x27
 1096 0083 19       		.uleb128 0x19
 1097 0084 11       		.uleb128 0x11
 1098 0085 01       		.uleb128 0x1
 1099 0086 12       		.uleb128 0x12
 1100 0087 06       		.uleb128 0x6
 1101 0088 40       		.uleb128 0x40
 1102 0089 18       		.uleb128 0x18
 1103 008a 9742     		.uleb128 0x2117
 1104 008c 19       		.uleb128 0x19
ARM GAS  C:\Users\Thomas\AppData\Local\Temp\ccawjgmD.s 			page 22


 1105 008d 01       		.uleb128 0x1
 1106 008e 13       		.uleb128 0x13
 1107 008f 00       		.byte	0
 1108 0090 00       		.byte	0
 1109 0091 0D       		.uleb128 0xd
 1110 0092 34       		.uleb128 0x34
 1111 0093 00       		.byte	0
 1112 0094 03       		.uleb128 0x3
 1113 0095 08       		.uleb128 0x8
 1114 0096 3A       		.uleb128 0x3a
 1115 0097 0B       		.uleb128 0xb
 1116 0098 3B       		.uleb128 0x3b
 1117 0099 0B       		.uleb128 0xb
 1118 009a 49       		.uleb128 0x49
 1119 009b 13       		.uleb128 0x13
 1120 009c 02       		.uleb128 0x2
 1121 009d 17       		.uleb128 0x17
 1122 009e 00       		.byte	0
 1123 009f 00       		.byte	0
 1124 00a0 0E       		.uleb128 0xe
 1125 00a1 34       		.uleb128 0x34
 1126 00a2 00       		.byte	0
 1127 00a3 34       		.uleb128 0x34
 1128 00a4 19       		.uleb128 0x19
 1129 00a5 49       		.uleb128 0x49
 1130 00a6 13       		.uleb128 0x13
 1131 00a7 02       		.uleb128 0x2
 1132 00a8 17       		.uleb128 0x17
 1133 00a9 00       		.byte	0
 1134 00aa 00       		.byte	0
 1135 00ab 0F       		.uleb128 0xf
 1136 00ac 34       		.uleb128 0x34
 1137 00ad 00       		.byte	0
 1138 00ae 03       		.uleb128 0x3
 1139 00af 0E       		.uleb128 0xe
 1140 00b0 3A       		.uleb128 0x3a
 1141 00b1 0B       		.uleb128 0xb
 1142 00b2 3B       		.uleb128 0x3b
 1143 00b3 0B       		.uleb128 0xb
 1144 00b4 49       		.uleb128 0x49
 1145 00b5 13       		.uleb128 0x13
 1146 00b6 02       		.uleb128 0x2
 1147 00b7 17       		.uleb128 0x17
 1148 00b8 00       		.byte	0
 1149 00b9 00       		.byte	0
 1150 00ba 10       		.uleb128 0x10
 1151 00bb 898201   		.uleb128 0x4109
 1152 00be 00       		.byte	0
 1153 00bf 11       		.uleb128 0x11
 1154 00c0 01       		.uleb128 0x1
 1155 00c1 31       		.uleb128 0x31
 1156 00c2 13       		.uleb128 0x13
 1157 00c3 00       		.byte	0
 1158 00c4 00       		.byte	0
 1159 00c5 11       		.uleb128 0x11
 1160 00c6 898201   		.uleb128 0x4109
 1161 00c9 01       		.byte	0x1
ARM GAS  C:\Users\Thomas\AppData\Local\Temp\ccawjgmD.s 			page 23


 1162 00ca 11       		.uleb128 0x11
 1163 00cb 01       		.uleb128 0x1
 1164 00cc 31       		.uleb128 0x31
 1165 00cd 13       		.uleb128 0x13
 1166 00ce 01       		.uleb128 0x1
 1167 00cf 13       		.uleb128 0x13
 1168 00d0 00       		.byte	0
 1169 00d1 00       		.byte	0
 1170 00d2 12       		.uleb128 0x12
 1171 00d3 8A8201   		.uleb128 0x410a
 1172 00d6 00       		.byte	0
 1173 00d7 02       		.uleb128 0x2
 1174 00d8 18       		.uleb128 0x18
 1175 00d9 9142     		.uleb128 0x2111
 1176 00db 18       		.uleb128 0x18
 1177 00dc 00       		.byte	0
 1178 00dd 00       		.byte	0
 1179 00de 13       		.uleb128 0x13
 1180 00df 898201   		.uleb128 0x4109
 1181 00e2 01       		.byte	0x1
 1182 00e3 11       		.uleb128 0x11
 1183 00e4 01       		.uleb128 0x1
 1184 00e5 31       		.uleb128 0x31
 1185 00e6 13       		.uleb128 0x13
 1186 00e7 00       		.byte	0
 1187 00e8 00       		.byte	0
 1188 00e9 14       		.uleb128 0x14
 1189 00ea 01       		.uleb128 0x1
 1190 00eb 01       		.byte	0x1
 1191 00ec 49       		.uleb128 0x49
 1192 00ed 13       		.uleb128 0x13
 1193 00ee 01       		.uleb128 0x1
 1194 00ef 13       		.uleb128 0x13
 1195 00f0 00       		.byte	0
 1196 00f1 00       		.byte	0
 1197 00f2 15       		.uleb128 0x15
 1198 00f3 21       		.uleb128 0x21
 1199 00f4 00       		.byte	0
 1200 00f5 49       		.uleb128 0x49
 1201 00f6 13       		.uleb128 0x13
 1202 00f7 2F       		.uleb128 0x2f
 1203 00f8 13       		.uleb128 0x13
 1204 00f9 00       		.byte	0
 1205 00fa 00       		.byte	0
 1206 00fb 16       		.uleb128 0x16
 1207 00fc 05       		.uleb128 0x5
 1208 00fd 00       		.byte	0
 1209 00fe 03       		.uleb128 0x3
 1210 00ff 08       		.uleb128 0x8
 1211 0100 3A       		.uleb128 0x3a
 1212 0101 0B       		.uleb128 0xb
 1213 0102 3B       		.uleb128 0x3b
 1214 0103 0B       		.uleb128 0xb
 1215 0104 49       		.uleb128 0x49
 1216 0105 13       		.uleb128 0x13
 1217 0106 02       		.uleb128 0x2
 1218 0107 17       		.uleb128 0x17
ARM GAS  C:\Users\Thomas\AppData\Local\Temp\ccawjgmD.s 			page 24


 1219 0108 00       		.byte	0
 1220 0109 00       		.byte	0
 1221 010a 17       		.uleb128 0x17
 1222 010b 05       		.uleb128 0x5
 1223 010c 00       		.byte	0
 1224 010d 03       		.uleb128 0x3
 1225 010e 0E       		.uleb128 0xe
 1226 010f 3A       		.uleb128 0x3a
 1227 0110 0B       		.uleb128 0xb
 1228 0111 3B       		.uleb128 0x3b
 1229 0112 0B       		.uleb128 0xb
 1230 0113 49       		.uleb128 0x49
 1231 0114 13       		.uleb128 0x13
 1232 0115 02       		.uleb128 0x2
 1233 0116 18       		.uleb128 0x18
 1234 0117 00       		.byte	0
 1235 0118 00       		.byte	0
 1236 0119 18       		.uleb128 0x18
 1237 011a 18       		.uleb128 0x18
 1238 011b 00       		.byte	0
 1239 011c 00       		.byte	0
 1240 011d 00       		.byte	0
 1241 011e 19       		.uleb128 0x19
 1242 011f 0B       		.uleb128 0xb
 1243 0120 01       		.byte	0x1
 1244 0121 11       		.uleb128 0x11
 1245 0122 01       		.uleb128 0x1
 1246 0123 12       		.uleb128 0x12
 1247 0124 06       		.uleb128 0x6
 1248 0125 00       		.byte	0
 1249 0126 00       		.byte	0
 1250 0127 1A       		.uleb128 0x1a
 1251 0128 34       		.uleb128 0x34
 1252 0129 00       		.byte	0
 1253 012a 03       		.uleb128 0x3
 1254 012b 0E       		.uleb128 0xe
 1255 012c 3A       		.uleb128 0x3a
 1256 012d 0B       		.uleb128 0xb
 1257 012e 3B       		.uleb128 0x3b
 1258 012f 0B       		.uleb128 0xb
 1259 0130 49       		.uleb128 0x49
 1260 0131 13       		.uleb128 0x13
 1261 0132 02       		.uleb128 0x2
 1262 0133 18       		.uleb128 0x18
 1263 0134 00       		.byte	0
 1264 0135 00       		.byte	0
 1265 0136 1B       		.uleb128 0x1b
 1266 0137 21       		.uleb128 0x21
 1267 0138 00       		.byte	0
 1268 0139 49       		.uleb128 0x49
 1269 013a 13       		.uleb128 0x13
 1270 013b 2F       		.uleb128 0x2f
 1271 013c 0B       		.uleb128 0xb
 1272 013d 00       		.byte	0
 1273 013e 00       		.byte	0
 1274 013f 1C       		.uleb128 0x1c
 1275 0140 34       		.uleb128 0x34
ARM GAS  C:\Users\Thomas\AppData\Local\Temp\ccawjgmD.s 			page 25


 1276 0141 00       		.byte	0
 1277 0142 03       		.uleb128 0x3
 1278 0143 0E       		.uleb128 0xe
 1279 0144 3A       		.uleb128 0x3a
 1280 0145 0B       		.uleb128 0xb
 1281 0146 3B       		.uleb128 0x3b
 1282 0147 05       		.uleb128 0x5
 1283 0148 49       		.uleb128 0x49
 1284 0149 13       		.uleb128 0x13
 1285 014a 3F       		.uleb128 0x3f
 1286 014b 19       		.uleb128 0x19
 1287 014c 3C       		.uleb128 0x3c
 1288 014d 19       		.uleb128 0x19
 1289 014e 00       		.byte	0
 1290 014f 00       		.byte	0
 1291 0150 1D       		.uleb128 0x1d
 1292 0151 35       		.uleb128 0x35
 1293 0152 00       		.byte	0
 1294 0153 49       		.uleb128 0x49
 1295 0154 13       		.uleb128 0x13
 1296 0155 00       		.byte	0
 1297 0156 00       		.byte	0
 1298 0157 1E       		.uleb128 0x1e
 1299 0158 34       		.uleb128 0x34
 1300 0159 00       		.byte	0
 1301 015a 03       		.uleb128 0x3
 1302 015b 0E       		.uleb128 0xe
 1303 015c 3A       		.uleb128 0x3a
 1304 015d 0B       		.uleb128 0xb
 1305 015e 3B       		.uleb128 0x3b
 1306 015f 0B       		.uleb128 0xb
 1307 0160 49       		.uleb128 0x49
 1308 0161 13       		.uleb128 0x13
 1309 0162 3F       		.uleb128 0x3f
 1310 0163 19       		.uleb128 0x19
 1311 0164 02       		.uleb128 0x2
 1312 0165 18       		.uleb128 0x18
 1313 0166 00       		.byte	0
 1314 0167 00       		.byte	0
 1315 0168 1F       		.uleb128 0x1f
 1316 0169 2E       		.uleb128 0x2e
 1317 016a 00       		.byte	0
 1318 016b 3F       		.uleb128 0x3f
 1319 016c 19       		.uleb128 0x19
 1320 016d 03       		.uleb128 0x3
 1321 016e 0E       		.uleb128 0xe
 1322 016f 3A       		.uleb128 0x3a
 1323 0170 0B       		.uleb128 0xb
 1324 0171 3B       		.uleb128 0x3b
 1325 0172 05       		.uleb128 0x5
 1326 0173 27       		.uleb128 0x27
 1327 0174 19       		.uleb128 0x19
 1328 0175 3C       		.uleb128 0x3c
 1329 0176 19       		.uleb128 0x19
 1330 0177 00       		.byte	0
 1331 0178 00       		.byte	0
 1332 0179 20       		.uleb128 0x20
ARM GAS  C:\Users\Thomas\AppData\Local\Temp\ccawjgmD.s 			page 26


 1333 017a 2E       		.uleb128 0x2e
 1334 017b 01       		.byte	0x1
 1335 017c 3F       		.uleb128 0x3f
 1336 017d 19       		.uleb128 0x19
 1337 017e 03       		.uleb128 0x3
 1338 017f 0E       		.uleb128 0xe
 1339 0180 3A       		.uleb128 0x3a
 1340 0181 0B       		.uleb128 0xb
 1341 0182 3B       		.uleb128 0x3b
 1342 0183 0B       		.uleb128 0xb
 1343 0184 27       		.uleb128 0x27
 1344 0185 19       		.uleb128 0x19
 1345 0186 49       		.uleb128 0x49
 1346 0187 13       		.uleb128 0x13
 1347 0188 3C       		.uleb128 0x3c
 1348 0189 19       		.uleb128 0x19
 1349 018a 01       		.uleb128 0x1
 1350 018b 13       		.uleb128 0x13
 1351 018c 00       		.byte	0
 1352 018d 00       		.byte	0
 1353 018e 21       		.uleb128 0x21
 1354 018f 05       		.uleb128 0x5
 1355 0190 00       		.byte	0
 1356 0191 49       		.uleb128 0x49
 1357 0192 13       		.uleb128 0x13
 1358 0193 00       		.byte	0
 1359 0194 00       		.byte	0
 1360 0195 22       		.uleb128 0x22
 1361 0196 2E       		.uleb128 0x2e
 1362 0197 01       		.byte	0x1
 1363 0198 3F       		.uleb128 0x3f
 1364 0199 19       		.uleb128 0x19
 1365 019a 03       		.uleb128 0x3
 1366 019b 0E       		.uleb128 0xe
 1367 019c 3A       		.uleb128 0x3a
 1368 019d 0B       		.uleb128 0xb
 1369 019e 3B       		.uleb128 0x3b
 1370 019f 05       		.uleb128 0x5
 1371 01a0 27       		.uleb128 0x27
 1372 01a1 19       		.uleb128 0x19
 1373 01a2 49       		.uleb128 0x49
 1374 01a3 13       		.uleb128 0x13
 1375 01a4 3C       		.uleb128 0x3c
 1376 01a5 19       		.uleb128 0x19
 1377 01a6 01       		.uleb128 0x1
 1378 01a7 13       		.uleb128 0x13
 1379 01a8 00       		.byte	0
 1380 01a9 00       		.byte	0
 1381 01aa 23       		.uleb128 0x23
 1382 01ab 2E       		.uleb128 0x2e
 1383 01ac 01       		.byte	0x1
 1384 01ad 3F       		.uleb128 0x3f
 1385 01ae 19       		.uleb128 0x19
 1386 01af 03       		.uleb128 0x3
 1387 01b0 0E       		.uleb128 0xe
 1388 01b1 3A       		.uleb128 0x3a
 1389 01b2 0B       		.uleb128 0xb
ARM GAS  C:\Users\Thomas\AppData\Local\Temp\ccawjgmD.s 			page 27


 1390 01b3 3B       		.uleb128 0x3b
 1391 01b4 05       		.uleb128 0x5
 1392 01b5 27       		.uleb128 0x27
 1393 01b6 19       		.uleb128 0x19
 1394 01b7 49       		.uleb128 0x49
 1395 01b8 13       		.uleb128 0x13
 1396 01b9 3C       		.uleb128 0x3c
 1397 01ba 19       		.uleb128 0x19
 1398 01bb 00       		.byte	0
 1399 01bc 00       		.byte	0
 1400 01bd 00       		.byte	0
 1401              		.section	.debug_loc,"",%progbits
 1402              	.Ldebug_loc0:
 1403              	.LLST0:
 1404 0000 18000000 		.4byte	.LVL3
 1405 0004 1C000000 		.4byte	.LVL4
 1406 0008 0200     		.2byte	0x2
 1407 000a 30       		.byte	0x30
 1408 000b 9F       		.byte	0x9f
 1409 000c 1C000000 		.4byte	.LVL4
 1410 0010 4A000000 		.4byte	.LVL9
 1411 0014 0100     		.2byte	0x1
 1412 0016 55       		.byte	0x55
 1413 0017 4C000000 		.4byte	.LVL10
 1414 001b 7C000000 		.4byte	.LVL15
 1415 001f 0100     		.2byte	0x1
 1416 0021 55       		.byte	0x55
 1417 0022 00000000 		.4byte	0
 1418 0026 00000000 		.4byte	0
 1419              	.LLST1:
 1420 002a 0C000000 		.4byte	.LVL1
 1421 002e 0E000000 		.4byte	.LVL2
 1422 0032 0300     		.2byte	0x3
 1423 0034 73       		.byte	0x73
 1424 0035 7F       		.sleb128 -1
 1425 0036 9F       		.byte	0x9f
 1426 0037 0E000000 		.4byte	.LVL2
 1427 003b 1C000000 		.4byte	.LVL4
 1428 003f 0900     		.2byte	0x9
 1429 0041 03       		.byte	0x3
 1430 0042 00000000 		.4byte	maxFileNameLength_
 1431 0046 06       		.byte	0x6
 1432 0047 31       		.byte	0x31
 1433 0048 1C       		.byte	0x1c
 1434 0049 9F       		.byte	0x9f
 1435 004a 00000000 		.4byte	0
 1436 004e 00000000 		.4byte	0
 1437              	.LLST2:
 1438 0052 18000000 		.4byte	.LVL3
 1439 0056 7C000000 		.4byte	.LVL15
 1440 005a 0200     		.2byte	0x2
 1441 005c 74       		.byte	0x74
 1442 005d 00       		.sleb128 0
 1443 005e 00000000 		.4byte	0
 1444 0062 00000000 		.4byte	0
 1445              	.LLST3:
 1446 0066 00000000 		.4byte	.LVL16
ARM GAS  C:\Users\Thomas\AppData\Local\Temp\ccawjgmD.s 			page 28


 1447 006a 0D000000 		.4byte	.LVL17-1
 1448 006e 0100     		.2byte	0x1
 1449 0070 50       		.byte	0x50
 1450 0071 0D000000 		.4byte	.LVL17-1
 1451 0075 18000000 		.4byte	.LVL18
 1452 0079 0100     		.2byte	0x1
 1453 007b 54       		.byte	0x54
 1454 007c 18000000 		.4byte	.LVL18
 1455 0080 20000000 		.4byte	.LFE64
 1456 0084 0400     		.2byte	0x4
 1457 0086 F3       		.byte	0xf3
 1458 0087 01       		.uleb128 0x1
 1459 0088 50       		.byte	0x50
 1460 0089 9F       		.byte	0x9f
 1461 008a 00000000 		.4byte	0
 1462 008e 00000000 		.4byte	0
 1463              	.LLST4:
 1464 0092 12000000 		.4byte	.LVL20
 1465 0096 16000000 		.4byte	.LVL21
 1466 009a 0200     		.2byte	0x2
 1467 009c 30       		.byte	0x30
 1468 009d 9F       		.byte	0x9f
 1469 009e 16000000 		.4byte	.LVL21
 1470 00a2 52000000 		.4byte	.LVL29
 1471 00a6 0100     		.2byte	0x1
 1472 00a8 55       		.byte	0x55
 1473 00a9 00000000 		.4byte	0
 1474 00ad 00000000 		.4byte	0
 1475              	.LLST5:
 1476 00b1 38000000 		.4byte	.LVL24
 1477 00b5 3A000000 		.4byte	.LVL25
 1478 00b9 0100     		.2byte	0x1
 1479 00bb 50       		.byte	0x50
 1480 00bc 3A000000 		.4byte	.LVL25
 1481 00c0 3F000000 		.4byte	.LVL26-1
 1482 00c4 0100     		.2byte	0x1
 1483 00c6 52       		.byte	0x52
 1484 00c7 00000000 		.4byte	0
 1485 00cb 00000000 		.4byte	0
 1486              		.section	.debug_aranges,"",%progbits
 1487 0000 34000000 		.4byte	0x34
 1488 0004 0200     		.2byte	0x2
 1489 0006 00000000 		.4byte	.Ldebug_info0
 1490 000a 04       		.byte	0x4
 1491 000b 00       		.byte	0
 1492 000c 0000     		.2byte	0
 1493 000e 0000     		.2byte	0
 1494 0010 00000000 		.4byte	.LFB63
 1495 0014 8C000000 		.4byte	.LFE63-.LFB63
 1496 0018 00000000 		.4byte	.LFB64
 1497 001c 20000000 		.4byte	.LFE64-.LFB64
 1498 0020 00000000 		.4byte	.LFB65
 1499 0024 68000000 		.4byte	.LFE65-.LFB65
 1500 0028 00000000 		.4byte	.LFB66
 1501 002c 24000000 		.4byte	.LFE66-.LFB66
 1502 0030 00000000 		.4byte	0
 1503 0034 00000000 		.4byte	0
ARM GAS  C:\Users\Thomas\AppData\Local\Temp\ccawjgmD.s 			page 29


 1504              		.section	.debug_ranges,"",%progbits
 1505              	.Ldebug_ranges0:
 1506 0000 00000000 		.4byte	.LFB63
 1507 0004 8C000000 		.4byte	.LFE63
 1508 0008 00000000 		.4byte	.LFB64
 1509 000c 20000000 		.4byte	.LFE64
 1510 0010 00000000 		.4byte	.LFB65
 1511 0014 68000000 		.4byte	.LFE65
 1512 0018 00000000 		.4byte	.LFB66
 1513 001c 24000000 		.4byte	.LFE66
 1514 0020 00000000 		.4byte	0
 1515 0024 00000000 		.4byte	0
 1516              		.section	.debug_line,"",%progbits
 1517              	.Ldebug_line0:
 1518 0000 C5020000 		.section	.debug_str,"MS",%progbits,1
 1518      02002E02 
 1518      00000201 
 1518      FB0E0D00 
 1518      01010101 
 1519              	.LASF48:
 1520 0000 46535F46 		.ascii	"FS_FClose\000"
 1520      436C6F73 
 1520      6500
 1521              	.LASF33:
 1522 000a 6D617846 		.ascii	"maxFileNumber_\000"
 1522      696C654E 
 1522      756D6265 
 1522      725F00
 1523              	.LASF9:
 1524 0019 5F5F696E 		.ascii	"__int32_t\000"
 1524      7433325F 
 1524      7400
 1525              	.LASF4:
 1526 0023 6C6F6E67 		.ascii	"long int\000"
 1526      20696E74 
 1526      00
 1527              	.LASF8:
 1528 002c 756E7369 		.ascii	"unsigned int\000"
 1528      676E6564 
 1528      20696E74 
 1528      00
 1529              	.LASF12:
 1530 0039 646F7562 		.ascii	"double\000"
 1530      6C6500
 1531              	.LASF10:
 1532 0040 696E7433 		.ascii	"int32_t\000"
 1532      325F7400 
 1533              	.LASF11:
 1534 0048 666C6F61 		.ascii	"float\000"
 1534      7400
 1535              	.LASF17:
 1536 004e 5F5F676E 		.ascii	"__gnuc_va_list\000"
 1536      75635F76 
 1536      615F6C69 
 1536      737400
 1537              	.LASF1:
 1538 005d 756E7369 		.ascii	"unsigned char\000"
ARM GAS  C:\Users\Thomas\AppData\Local\Temp\ccawjgmD.s 			page 30


 1538      676E6564 
 1538      20636861 
 1538      7200
 1539              	.LASF44:
 1540 006b 433A5C55 		.ascii	"C:\\Users\\Thomas\\Documents\\GitHub\\MotorControll"
 1540      73657273 
 1540      5C54686F 
 1540      6D61735C 
 1540      446F6375 
 1541 0099 65725C4D 		.ascii	"er\\MotorController.cydsn\000"
 1541      6F746F72 
 1541      436F6E74 
 1541      726F6C6C 
 1541      65722E63 
 1542              	.LASF38:
 1543 00b2 46535F47 		.ascii	"FS_GetFileAttributes\000"
 1543      65744669 
 1543      6C654174 
 1543      74726962 
 1543      75746573 
 1544              	.LASF35:
 1545 00c7 6C6F6746 		.ascii	"logFile_\000"
 1545      696C655F 
 1545      00
 1546              	.LASF3:
 1547 00d0 73686F72 		.ascii	"short unsigned int\000"
 1547      7420756E 
 1547      7369676E 
 1547      65642069 
 1547      6E7400
 1548              	.LASF14:
 1549 00e3 73697A65 		.ascii	"size_t\000"
 1549      5F7400
 1550              	.LASF21:
 1551 00ea 4C6F6767 		.ascii	"Logger_Write\000"
 1551      65725F57 
 1551      72697465 
 1551      00
 1552              	.LASF32:
 1553 00f7 64617461 		.ascii	"dataFileName_\000"
 1553      46696C65 
 1553      4E616D65 
 1553      5F00
 1554              	.LASF18:
 1555 0105 76615F6C 		.ascii	"va_list\000"
 1555      69737400 
 1556              	.LASF26:
 1557 010d 62756666 		.ascii	"buff\000"
 1557      00
 1558              	.LASF39:
 1559 0112 46535F46 		.ascii	"FS_FOpen\000"
 1559      4F70656E 
 1559      00
 1560              	.LASF41:
 1561 011b 46535F57 		.ascii	"FS_Write\000"
 1561      72697465 
 1561      00
ARM GAS  C:\Users\Thomas\AppData\Local\Temp\ccawjgmD.s 			page 31


 1562              	.LASF31:
 1563 0124 6C6F6746 		.ascii	"logFileName_\000"
 1563      696C654E 
 1563      616D655F 
 1563      00
 1564              	.LASF30:
 1565 0131 6C696E65 		.ascii	"lineSepartor_\000"
 1565      53657061 
 1565      72746F72 
 1565      5F00
 1566              	.LASF34:
 1567 013f 6D617846 		.ascii	"maxFileNameLength_\000"
 1567      696C654E 
 1567      616D654C 
 1567      656E6774 
 1567      685F00
 1568              	.LASF27:
 1569 0152 4C6F6767 		.ascii	"Logger_Exit\000"
 1569      65725F45 
 1569      78697400 
 1570              	.LASF5:
 1571 015e 6C6F6E67 		.ascii	"long unsigned int\000"
 1571      20756E73 
 1571      69676E65 
 1571      6420696E 
 1571      7400
 1572              	.LASF40:
 1573 0170 7374726C 		.ascii	"strlen\000"
 1573      656E00
 1574              	.LASF7:
 1575 0177 6C6F6E67 		.ascii	"long long unsigned int\000"
 1575      206C6F6E 
 1575      6720756E 
 1575      7369676E 
 1575      65642069 
 1576              	.LASF46:
 1577 018e 5F5F6170 		.ascii	"__ap\000"
 1577      00
 1578              	.LASF42:
 1579 0193 474E5520 		.ascii	"GNU C 4.9.3 20150303 (release) [ARM/embedded-4_9-br"
 1579      4320342E 
 1579      392E3320 
 1579      32303135 
 1579      30333033 
 1580 01c6 616E6368 		.ascii	"anch revision 221220] -mcpu=cortex-m3 -mthumb -g -O"
 1580      20726576 
 1580      6973696F 
 1580      6E203232 
 1580      31323230 
 1581 01f9 67202D66 		.ascii	"g -ffunction-sections -ffat-lto-objects\000"
 1581      66756E63 
 1581      74696F6E 
 1581      2D736563 
 1581      74696F6E 
 1582              	.LASF28:
 1583 0221 49544D5F 		.ascii	"ITM_RxBuffer\000"
 1583      52784275 
ARM GAS  C:\Users\Thomas\AppData\Local\Temp\ccawjgmD.s 			page 32


 1583      66666572 
 1583      00
 1584              	.LASF16:
 1585 022e 46535F46 		.ascii	"FS_FILE\000"
 1585      494C4500 
 1586              	.LASF15:
 1587 0236 73697A65 		.ascii	"sizetype\000"
 1587      74797065 
 1587      00
 1588              	.LASF45:
 1589 023f 5F5F7661 		.ascii	"__va_list\000"
 1589      5F6C6973 
 1589      7400
 1590              	.LASF6:
 1591 0249 6C6F6E67 		.ascii	"long long int\000"
 1591      206C6F6E 
 1591      6720696E 
 1591      7400
 1592              	.LASF13:
 1593 0257 63686172 		.ascii	"char\000"
 1593      00
 1594              	.LASF29:
 1595 025c 63656C6C 		.ascii	"cellSeparator_\000"
 1595      53657061 
 1595      7261746F 
 1595      725F00
 1596              	.LASF25:
 1597 026b 636F756E 		.ascii	"count\000"
 1597      7400
 1598              	.LASF2:
 1599 0271 73686F72 		.ascii	"short int\000"
 1599      7420696E 
 1599      7400
 1600              	.LASF47:
 1601 027b 46535F49 		.ascii	"FS_Init\000"
 1601      6E697400 
 1602              	.LASF19:
 1603 0283 62756666 		.ascii	"buffer\000"
 1603      657200
 1604              	.LASF23:
 1605 028a 61726763 		.ascii	"argc\000"
 1605      00
 1606              	.LASF36:
 1607 028f 64617461 		.ascii	"dataFile_\000"
 1607      46696C65 
 1607      5F00
 1608              	.LASF43:
 1609 0299 2E5C4C6F 		.ascii	".\\Logger.c\000"
 1609      67676572 
 1609      2E6300
 1610              	.LASF0:
 1611 02a4 7369676E 		.ascii	"signed char\000"
 1611      65642063 
 1611      68617200 
 1612              	.LASF20:
 1613 02b0 4C6F6767 		.ascii	"Logger_Init\000"
 1613      65725F49 
ARM GAS  C:\Users\Thomas\AppData\Local\Temp\ccawjgmD.s 			page 33


 1613      6E697400 
 1614              	.LASF37:
 1615 02bc 73707269 		.ascii	"sprintf\000"
 1615      6E746600 
 1616              	.LASF24:
 1617 02c4 76616C69 		.ascii	"valist\000"
 1617      737400
 1618              	.LASF22:
 1619 02cb 4C6F6767 		.ascii	"Logger_LogData\000"
 1619      65725F4C 
 1619      6F674461 
 1619      746100
 1620              		.ident	"GCC: (GNU Tools for ARM Embedded Processors) 4.9.3 20150303 (release) [ARM/embedded-4_9-br
