ARM GAS  C:\Users\Thomas\AppData\Local\Temp\ccdBOXRe.s 			page 1


   1              		.syntax unified
   2              		.cpu cortex-m3
   3              		.fpu softvfp
   4              		.eabi_attribute 20, 1
   5              		.eabi_attribute 21, 1
   6              		.eabi_attribute 23, 3
   7              		.eabi_attribute 24, 1
   8              		.eabi_attribute 25, 1
   9              		.eabi_attribute 26, 1
  10              		.eabi_attribute 30, 1
  11              		.eabi_attribute 34, 1
  12              		.eabi_attribute 18, 4
  13              		.thumb
  14              		.file	"Motor_lookupTable.c"
  15              		.text
  16              	.Ltext0:
  17              		.cfi_sections	.debug_frame
  18              		.section	.text.LUT_speed,"ax",%progbits
  19              		.align	2
  20              		.global	LUT_speed
  21              		.thumb
  22              		.thumb_func
  23              		.type	LUT_speed, %function
  24              	LUT_speed:
  25              	.LFB63:
  26              		.file 1 ".\\Motor_lookupTable.c"
   1:.\Motor_lookupTable.c **** /* ========================================
   2:.\Motor_lookupTable.c ****  *
   3:.\Motor_lookupTable.c ****  * Copyright YOUR COMPANY, THE YEAR
   4:.\Motor_lookupTable.c ****  * All Rights Reserved
   5:.\Motor_lookupTable.c ****  * UNPUBLISHED, LICENSED SOFTWARE.
   6:.\Motor_lookupTable.c ****  *
   7:.\Motor_lookupTable.c ****  * CONFIDENTIAL AND PROPRIETARY INFORMATION
   8:.\Motor_lookupTable.c ****  * WHICH IS THE PROPERTY OF your company.
   9:.\Motor_lookupTable.c ****  *
  10:.\Motor_lookupTable.c ****  * ========================================
  11:.\Motor_lookupTable.c **** */
  12:.\Motor_lookupTable.c **** #include "Motor_LookupTable.h"
  13:.\Motor_lookupTable.c **** #include "LUT_data.h"
  14:.\Motor_lookupTable.c **** 
  15:.\Motor_lookupTable.c **** uint16 LUT_speed(const uint16 wanted_speed,const uint16 speed,const uint16 power)
  16:.\Motor_lookupTable.c **** {
  27              		.loc 1 16 0
  28              		.cfi_startproc
  29              		@ args = 0, pretend = 0, frame = 8
  30              		@ frame_needed = 0, uses_anonymous_args = 0
  31              		@ link register save eliminated.
  32              	.LVL0:
  33 0000 82B0     		sub	sp, sp, #8
  34              		.cfi_def_cfa_offset 8
  17:.\Motor_lookupTable.c ****     volatile uint16 calc_speed = 0;
  35              		.loc 1 17 0
  36 0002 0023     		movs	r3, #0
  37 0004 ADF80630 		strh	r3, [sp, #6]	@ movhi
  18:.\Motor_lookupTable.c ****     volatile uint16 point = (((power/10)>>LUT_SHIFT) >= (LUT_SIZE-1) ? LUT_SIZE-1 : (power/10)>>LUT
  38              		.loc 1 18 0
  39 0008 A3F13333 		sub	r3, r3, #858993459
ARM GAS  C:\Users\Thomas\AppData\Local\Temp\ccdBOXRe.s 			page 2


  40 000c A3FB0232 		umull	r3, r2, r3, r2
  41              	.LVL1:
  42 0010 5209     		lsrs	r2, r2, #5
  43 0012 1346     		mov	r3, r2
  44 0014 4A2A     		cmp	r2, #74
  45 0016 28BF     		it	cs
  46 0018 4A23     		movcs	r3, #74
  47 001a ADF80430 		strh	r3, [sp, #4]	@ movhi
  19:.\Motor_lookupTable.c ****     if(wanted_speed > speed)
  48              		.loc 1 19 0
  49 001e 8842     		cmp	r0, r1
  50 0020 0AD9     		bls	.L2
  20:.\Motor_lookupTable.c ****     {
  21:.\Motor_lookupTable.c ****         calc_speed = RAMP_LUT[point];
  51              		.loc 1 21 0
  52 0022 BDF80430 		ldrh	r3, [sp, #4]
  53 0026 9BB2     		uxth	r3, r3
  54 0028 084A     		ldr	r2, .L7
  55 002a D35C     		ldrb	r3, [r2, r3]	@ zero_extendqisi2
  56 002c ADF80630 		strh	r3, [sp, #6]	@ movhi
  22:.\Motor_lookupTable.c ****         return calc_speed;
  57              		.loc 1 22 0
  58 0030 BDF80600 		ldrh	r0, [sp, #6]
  59              	.LVL2:
  60 0034 80B2     		uxth	r0, r0
  61 0036 06E0     		b	.L3
  62              	.LVL3:
  63              	.L2:
  23:.\Motor_lookupTable.c ****     }
  24:.\Motor_lookupTable.c ****     else
  25:.\Motor_lookupTable.c ****     {
  26:.\Motor_lookupTable.c ****         return ((uint16)CONST_LUT[((power/10)>>LUT_SHIFT >= LUT_SIZE ? LUT_SIZE : (power/10)>>LUT_S
  64              		.loc 1 26 0
  65 0038 4A2A     		cmp	r2, #74
  66 003a 00D9     		bls	.L4
  67 003c 4B22     		movs	r2, #75
  68              	.L4:
  69              		.loc 1 26 0 is_stmt 0 discriminator 4
  70 003e 034B     		ldr	r3, .L7
  71 0040 1A44     		add	r2, r2, r3
  72 0042 92F84C00 		ldrb	r0, [r2, #76]	@ zero_extendqisi2
  73              	.LVL4:
  74              	.L3:
  27:.\Motor_lookupTable.c ****     }
  28:.\Motor_lookupTable.c **** }
  75              		.loc 1 28 0 is_stmt 1
  76 0046 02B0     		add	sp, sp, #8
  77              		.cfi_def_cfa_offset 0
  78              		@ sp needed
  79 0048 7047     		bx	lr
  80              	.L8:
  81 004a 00BF     		.align	2
  82              	.L7:
  83 004c 00000000 		.word	.LANCHOR0
  84              		.cfi_endproc
  85              	.LFE63:
  86              		.size	LUT_speed, .-LUT_speed
ARM GAS  C:\Users\Thomas\AppData\Local\Temp\ccdBOXRe.s 			page 3


  87              		.section	.rodata
  88              		.align	2
  89              		.set	.LANCHOR0,. + 0
  90              		.type	RAMP_LUT, %object
  91              		.size	RAMP_LUT, 75
  92              	RAMP_LUT:
  93 0000 06       		.byte	6
  94 0001 06       		.byte	6
  95 0002 0D       		.byte	13
  96 0003 13       		.byte	19
  97 0004 1A       		.byte	26
  98 0005 21       		.byte	33
  99 0006 27       		.byte	39
 100 0007 2E       		.byte	46
 101 0008 35       		.byte	53
 102 0009 3B       		.byte	59
 103 000a 42       		.byte	66
 104 000b 49       		.byte	73
 105 000c 4F       		.byte	79
 106 000d 56       		.byte	86
 107 000e 5D       		.byte	93
 108 000f 63       		.byte	99
 109 0010 6A       		.byte	106
 110 0011 71       		.byte	113
 111 0012 72       		.byte	114
 112 0013 74       		.byte	116
 113 0014 76       		.byte	118
 114 0015 78       		.byte	120
 115 0016 7A       		.byte	122
 116 0017 7C       		.byte	124
 117 0018 7E       		.byte	126
 118 0019 80       		.byte	-128
 119 001a 82       		.byte	-126
 120 001b 84       		.byte	-124
 121 001c 86       		.byte	-122
 122 001d 88       		.byte	-120
 123 001e 8A       		.byte	-118
 124 001f 8C       		.byte	-116
 125 0020 8E       		.byte	-114
 126 0021 90       		.byte	-112
 127 0022 92       		.byte	-110
 128 0023 94       		.byte	-108
 129 0024 95       		.byte	-107
 130 0025 97       		.byte	-105
 131 0026 99       		.byte	-103
 132 0027 9B       		.byte	-101
 133 0028 9D       		.byte	-99
 134 0029 9F       		.byte	-97
 135 002a A1       		.byte	-95
 136 002b A3       		.byte	-93
 137 002c A5       		.byte	-91
 138 002d A7       		.byte	-89
 139 002e AA       		.byte	-86
 140 002f AC       		.byte	-84
 141 0030 AF       		.byte	-81
 142 0031 B1       		.byte	-79
 143 0032 B4       		.byte	-76
ARM GAS  C:\Users\Thomas\AppData\Local\Temp\ccdBOXRe.s 			page 4


 144 0033 B6       		.byte	-74
 145 0034 B8       		.byte	-72
 146 0035 BB       		.byte	-69
 147 0036 BD       		.byte	-67
 148 0037 C0       		.byte	-64
 149 0038 C2       		.byte	-62
 150 0039 C5       		.byte	-59
 151 003a C7       		.byte	-57
 152 003b CA       		.byte	-54
 153 003c CC       		.byte	-52
 154 003d CE       		.byte	-50
 155 003e D1       		.byte	-47
 156 003f D3       		.byte	-45
 157 0040 D6       		.byte	-42
 158 0041 D8       		.byte	-40
 159 0042 DB       		.byte	-37
 160 0043 DD       		.byte	-35
 161 0044 DF       		.byte	-33
 162 0045 E2       		.byte	-30
 163 0046 E4       		.byte	-28
 164 0047 E7       		.byte	-25
 165 0048 E9       		.byte	-23
 166 0049 EC       		.byte	-20
 167 004a EE       		.byte	-18
 168 004b 00       		.space	1
 169              		.type	CONST_LUT, %object
 170              		.size	CONST_LUT, 75
 171              	CONST_LUT:
 172 004c 05       		.byte	5
 173 004d 19       		.byte	25
 174 004e 2D       		.byte	45
 175 004f 33       		.byte	51
 176 0050 38       		.byte	56
 177 0051 3E       		.byte	62
 178 0052 44       		.byte	68
 179 0053 49       		.byte	73
 180 0054 4F       		.byte	79
 181 0055 54       		.byte	84
 182 0056 5A       		.byte	90
 183 0057 60       		.byte	96
 184 0058 65       		.byte	101
 185 0059 6B       		.byte	107
 186 005a 71       		.byte	113
 187 005b 77       		.byte	119
 188 005c 7D       		.byte	125
 189 005d 83       		.byte	-125
 190 005e 89       		.byte	-119
 191 005f 8F       		.byte	-113
 192 0060 95       		.byte	-107
 193 0061 9B       		.byte	-101
 194 0062 A2       		.byte	-94
 195 0063 A8       		.byte	-88
 196 0064 AE       		.byte	-82
 197 0065 B4       		.byte	-76
 198 0066 B9       		.byte	-71
 199 0067 BF       		.byte	-65
 200 0068 C4       		.byte	-60
ARM GAS  C:\Users\Thomas\AppData\Local\Temp\ccdBOXRe.s 			page 5


 201 0069 CA       		.byte	-54
 202 006a CF       		.byte	-49
 203 006b D5       		.byte	-43
 204 006c DA       		.byte	-38
 205 006d E0       		.byte	-32
 206 006e E5       		.byte	-27
 207 006f EB       		.byte	-21
 208 0070 F0       		.byte	-16
 209 0071 F4       		.byte	-12
 210 0072 F8       		.byte	-8
 211 0073 FC       		.byte	-4
 212 0074 FF       		.byte	-1
 213 0075 FF       		.byte	-1
 214 0076 FF       		.byte	-1
 215 0077 FF       		.byte	-1
 216 0078 FF       		.byte	-1
 217 0079 FF       		.byte	-1
 218 007a FF       		.byte	-1
 219 007b FF       		.byte	-1
 220 007c FF       		.byte	-1
 221 007d FF       		.byte	-1
 222 007e FF       		.byte	-1
 223 007f FF       		.byte	-1
 224 0080 FF       		.byte	-1
 225 0081 FF       		.byte	-1
 226 0082 FF       		.byte	-1
 227 0083 FF       		.byte	-1
 228 0084 FF       		.byte	-1
 229 0085 FF       		.byte	-1
 230 0086 FF       		.byte	-1
 231 0087 FF       		.byte	-1
 232 0088 FF       		.byte	-1
 233 0089 FF       		.byte	-1
 234 008a FF       		.byte	-1
 235 008b FF       		.byte	-1
 236 008c FF       		.byte	-1
 237 008d FF       		.byte	-1
 238 008e FF       		.byte	-1
 239 008f FF       		.byte	-1
 240 0090 FF       		.byte	-1
 241 0091 FF       		.byte	-1
 242 0092 FF       		.byte	-1
 243 0093 FF       		.byte	-1
 244 0094 FF       		.byte	-1
 245 0095 FF       		.byte	-1
 246 0096 FF       		.byte	-1
 247 0097 00       		.text
 248              	.Letext0:
 249              		.file 2 "c:\\program files (x86)\\cypress\\psoc creator\\3.3\\psoc creator\\import\\gnu\\arm\\4.9.
 250              		.file 3 "c:\\program files (x86)\\cypress\\psoc creator\\3.3\\psoc creator\\import\\gnu\\arm\\4.9.
 251              		.file 4 "Generated_Source\\PSoC5/cytypes.h"
 252              		.file 5 ".\\LUT_data.h"
 253              		.file 6 "Generated_Source\\PSoC5/core_cm3.h"
 254              		.section	.debug_info,"",%progbits
 255              	.Ldebug_info0:
 256 0000 6A010000 		.4byte	0x16a
 257 0004 0400     		.2byte	0x4
ARM GAS  C:\Users\Thomas\AppData\Local\Temp\ccdBOXRe.s 			page 6


 258 0006 00000000 		.4byte	.Ldebug_abbrev0
 259 000a 04       		.byte	0x4
 260 000b 01       		.uleb128 0x1
 261 000c 88000000 		.4byte	.LASF24
 262 0010 01       		.byte	0x1
 263 0011 21000000 		.4byte	.LASF25
 264 0015 42010000 		.4byte	.LASF26
 265 0019 00000000 		.4byte	.Ldebug_ranges0+0
 266 001d 00000000 		.4byte	0
 267 0021 00000000 		.4byte	.Ldebug_line0
 268 0025 02       		.uleb128 0x2
 269 0026 01       		.byte	0x1
 270 0027 06       		.byte	0x6
 271 0028 AC010000 		.4byte	.LASF0
 272 002c 02       		.uleb128 0x2
 273 002d 01       		.byte	0x1
 274 002e 08       		.byte	0x8
 275 002f 20010000 		.4byte	.LASF1
 276 0033 02       		.uleb128 0x2
 277 0034 02       		.byte	0x2
 278 0035 05       		.byte	0x5
 279 0036 C8010000 		.4byte	.LASF2
 280 003a 02       		.uleb128 0x2
 281 003b 02       		.byte	0x2
 282 003c 07       		.byte	0x7
 283 003d 0E000000 		.4byte	.LASF3
 284 0041 03       		.uleb128 0x3
 285 0042 B8010000 		.4byte	.LASF9
 286 0046 02       		.byte	0x2
 287 0047 3F       		.byte	0x3f
 288 0048 4C000000 		.4byte	0x4c
 289 004c 02       		.uleb128 0x2
 290 004d 04       		.byte	0x4
 291 004e 05       		.byte	0x5
 292 004f 39010000 		.4byte	.LASF4
 293 0053 02       		.uleb128 0x2
 294 0054 04       		.byte	0x4
 295 0055 07       		.byte	0x7
 296 0056 5F000000 		.4byte	.LASF5
 297 005a 02       		.uleb128 0x2
 298 005b 08       		.byte	0x8
 299 005c 05       		.byte	0x5
 300 005d 00000000 		.4byte	.LASF6
 301 0061 02       		.uleb128 0x2
 302 0062 08       		.byte	0x8
 303 0063 07       		.byte	0x7
 304 0064 71000000 		.4byte	.LASF7
 305 0068 04       		.uleb128 0x4
 306 0069 04       		.byte	0x4
 307 006a 05       		.byte	0x5
 308 006b 696E7400 		.ascii	"int\000"
 309 006f 02       		.uleb128 0x2
 310 0070 04       		.byte	0x4
 311 0071 07       		.byte	0x7
 312 0072 37000000 		.4byte	.LASF8
 313 0076 03       		.uleb128 0x3
 314 0077 D9010000 		.4byte	.LASF10
ARM GAS  C:\Users\Thomas\AppData\Local\Temp\ccdBOXRe.s 			page 7


 315 007b 03       		.byte	0x3
 316 007c 2C       		.byte	0x2c
 317 007d 41000000 		.4byte	0x41
 318 0081 05       		.uleb128 0x5
 319 0082 59000000 		.4byte	.LASF11
 320 0086 04       		.byte	0x4
 321 0087 3801     		.2byte	0x138
 322 0089 2C000000 		.4byte	0x2c
 323 008d 05       		.uleb128 0x5
 324 008e D2010000 		.4byte	.LASF12
 325 0092 04       		.byte	0x4
 326 0093 3901     		.2byte	0x139
 327 0095 3A000000 		.4byte	0x3a
 328 0099 02       		.uleb128 0x2
 329 009a 04       		.byte	0x4
 330 009b 04       		.byte	0x4
 331 009c C2010000 		.4byte	.LASF13
 332 00a0 02       		.uleb128 0x2
 333 00a1 08       		.byte	0x8
 334 00a2 04       		.byte	0x4
 335 00a3 89010000 		.4byte	.LASF14
 336 00a7 02       		.uleb128 0x2
 337 00a8 01       		.byte	0x1
 338 00a9 08       		.byte	0x8
 339 00aa 34010000 		.4byte	.LASF15
 340 00ae 06       		.uleb128 0x6
 341 00af 8D000000 		.4byte	0x8d
 342 00b3 02       		.uleb128 0x2
 343 00b4 04       		.byte	0x4
 344 00b5 07       		.byte	0x7
 345 00b6 96010000 		.4byte	.LASF16
 346 00ba 07       		.uleb128 0x7
 347 00bb 44000000 		.4byte	.LASF27
 348 00bf 01       		.byte	0x1
 349 00c0 0F       		.byte	0xf
 350 00c1 8D000000 		.4byte	0x8d
 351 00c5 00000000 		.4byte	.LFB63
 352 00c9 50000000 		.4byte	.LFE63-.LFB63
 353 00cd 01       		.uleb128 0x1
 354 00ce 9C       		.byte	0x9c
 355 00cf 1B010000 		.4byte	0x11b
 356 00d3 08       		.uleb128 0x8
 357 00d4 EA010000 		.4byte	.LASF17
 358 00d8 01       		.byte	0x1
 359 00d9 0F       		.byte	0xf
 360 00da 1B010000 		.4byte	0x11b
 361 00de 00000000 		.4byte	.LLST0
 362 00e2 09       		.uleb128 0x9
 363 00e3 2E010000 		.4byte	.LASF18
 364 00e7 01       		.byte	0x1
 365 00e8 0F       		.byte	0xf
 366 00e9 1B010000 		.4byte	0x11b
 367 00ed 01       		.uleb128 0x1
 368 00ee 51       		.byte	0x51
 369 00ef 08       		.uleb128 0x8
 370 00f0 F7010000 		.4byte	.LASF19
 371 00f4 01       		.byte	0x1
ARM GAS  C:\Users\Thomas\AppData\Local\Temp\ccdBOXRe.s 			page 8


 372 00f5 0F       		.byte	0xf
 373 00f6 1B010000 		.4byte	0x11b
 374 00fa 3A000000 		.4byte	.LLST1
 375 00fe 0A       		.uleb128 0xa
 376 00ff 4E000000 		.4byte	.LASF20
 377 0103 01       		.byte	0x1
 378 0104 11       		.byte	0x11
 379 0105 AE000000 		.4byte	0xae
 380 0109 02       		.uleb128 0x2
 381 010a 91       		.byte	0x91
 382 010b 7E       		.sleb128 -2
 383 010c 0A       		.uleb128 0xa
 384 010d 90010000 		.4byte	.LASF21
 385 0111 01       		.byte	0x1
 386 0112 12       		.byte	0x12
 387 0113 AE000000 		.4byte	0xae
 388 0117 02       		.uleb128 0x2
 389 0118 91       		.byte	0x91
 390 0119 7C       		.sleb128 -4
 391 011a 00       		.byte	0
 392 011b 0B       		.uleb128 0xb
 393 011c 8D000000 		.4byte	0x8d
 394 0120 0C       		.uleb128 0xc
 395 0121 81000000 		.4byte	0x81
 396 0125 30010000 		.4byte	0x130
 397 0129 0D       		.uleb128 0xd
 398 012a B3000000 		.4byte	0xb3
 399 012e 4A       		.byte	0x4a
 400 012f 00       		.byte	0
 401 0130 0A       		.uleb128 0xa
 402 0131 E1010000 		.4byte	.LASF22
 403 0135 05       		.byte	0x5
 404 0136 09       		.byte	0x9
 405 0137 41010000 		.4byte	0x141
 406 013b 05       		.uleb128 0x5
 407 013c 03       		.byte	0x3
 408 013d 00000000 		.4byte	RAMP_LUT
 409 0141 0B       		.uleb128 0xb
 410 0142 20010000 		.4byte	0x120
 411 0146 0A       		.uleb128 0xa
 412 0147 16010000 		.4byte	.LASF23
 413 014b 05       		.byte	0x5
 414 014c 0D       		.byte	0xd
 415 014d 57010000 		.4byte	0x157
 416 0151 05       		.uleb128 0x5
 417 0152 03       		.byte	0x3
 418 0153 4C000000 		.4byte	CONST_LUT
 419 0157 0B       		.uleb128 0xb
 420 0158 20010000 		.4byte	0x120
 421 015c 0E       		.uleb128 0xe
 422 015d 9F010000 		.4byte	.LASF28
 423 0161 06       		.byte	0x6
 424 0162 5506     		.2byte	0x655
 425 0164 68010000 		.4byte	0x168
 426 0168 06       		.uleb128 0x6
 427 0169 76000000 		.4byte	0x76
 428 016d 00       		.byte	0
ARM GAS  C:\Users\Thomas\AppData\Local\Temp\ccdBOXRe.s 			page 9


 429              		.section	.debug_abbrev,"",%progbits
 430              	.Ldebug_abbrev0:
 431 0000 01       		.uleb128 0x1
 432 0001 11       		.uleb128 0x11
 433 0002 01       		.byte	0x1
 434 0003 25       		.uleb128 0x25
 435 0004 0E       		.uleb128 0xe
 436 0005 13       		.uleb128 0x13
 437 0006 0B       		.uleb128 0xb
 438 0007 03       		.uleb128 0x3
 439 0008 0E       		.uleb128 0xe
 440 0009 1B       		.uleb128 0x1b
 441 000a 0E       		.uleb128 0xe
 442 000b 55       		.uleb128 0x55
 443 000c 17       		.uleb128 0x17
 444 000d 11       		.uleb128 0x11
 445 000e 01       		.uleb128 0x1
 446 000f 10       		.uleb128 0x10
 447 0010 17       		.uleb128 0x17
 448 0011 00       		.byte	0
 449 0012 00       		.byte	0
 450 0013 02       		.uleb128 0x2
 451 0014 24       		.uleb128 0x24
 452 0015 00       		.byte	0
 453 0016 0B       		.uleb128 0xb
 454 0017 0B       		.uleb128 0xb
 455 0018 3E       		.uleb128 0x3e
 456 0019 0B       		.uleb128 0xb
 457 001a 03       		.uleb128 0x3
 458 001b 0E       		.uleb128 0xe
 459 001c 00       		.byte	0
 460 001d 00       		.byte	0
 461 001e 03       		.uleb128 0x3
 462 001f 16       		.uleb128 0x16
 463 0020 00       		.byte	0
 464 0021 03       		.uleb128 0x3
 465 0022 0E       		.uleb128 0xe
 466 0023 3A       		.uleb128 0x3a
 467 0024 0B       		.uleb128 0xb
 468 0025 3B       		.uleb128 0x3b
 469 0026 0B       		.uleb128 0xb
 470 0027 49       		.uleb128 0x49
 471 0028 13       		.uleb128 0x13
 472 0029 00       		.byte	0
 473 002a 00       		.byte	0
 474 002b 04       		.uleb128 0x4
 475 002c 24       		.uleb128 0x24
 476 002d 00       		.byte	0
 477 002e 0B       		.uleb128 0xb
 478 002f 0B       		.uleb128 0xb
 479 0030 3E       		.uleb128 0x3e
 480 0031 0B       		.uleb128 0xb
 481 0032 03       		.uleb128 0x3
 482 0033 08       		.uleb128 0x8
 483 0034 00       		.byte	0
 484 0035 00       		.byte	0
 485 0036 05       		.uleb128 0x5
ARM GAS  C:\Users\Thomas\AppData\Local\Temp\ccdBOXRe.s 			page 10


 486 0037 16       		.uleb128 0x16
 487 0038 00       		.byte	0
 488 0039 03       		.uleb128 0x3
 489 003a 0E       		.uleb128 0xe
 490 003b 3A       		.uleb128 0x3a
 491 003c 0B       		.uleb128 0xb
 492 003d 3B       		.uleb128 0x3b
 493 003e 05       		.uleb128 0x5
 494 003f 49       		.uleb128 0x49
 495 0040 13       		.uleb128 0x13
 496 0041 00       		.byte	0
 497 0042 00       		.byte	0
 498 0043 06       		.uleb128 0x6
 499 0044 35       		.uleb128 0x35
 500 0045 00       		.byte	0
 501 0046 49       		.uleb128 0x49
 502 0047 13       		.uleb128 0x13
 503 0048 00       		.byte	0
 504 0049 00       		.byte	0
 505 004a 07       		.uleb128 0x7
 506 004b 2E       		.uleb128 0x2e
 507 004c 01       		.byte	0x1
 508 004d 3F       		.uleb128 0x3f
 509 004e 19       		.uleb128 0x19
 510 004f 03       		.uleb128 0x3
 511 0050 0E       		.uleb128 0xe
 512 0051 3A       		.uleb128 0x3a
 513 0052 0B       		.uleb128 0xb
 514 0053 3B       		.uleb128 0x3b
 515 0054 0B       		.uleb128 0xb
 516 0055 27       		.uleb128 0x27
 517 0056 19       		.uleb128 0x19
 518 0057 49       		.uleb128 0x49
 519 0058 13       		.uleb128 0x13
 520 0059 11       		.uleb128 0x11
 521 005a 01       		.uleb128 0x1
 522 005b 12       		.uleb128 0x12
 523 005c 06       		.uleb128 0x6
 524 005d 40       		.uleb128 0x40
 525 005e 18       		.uleb128 0x18
 526 005f 9742     		.uleb128 0x2117
 527 0061 19       		.uleb128 0x19
 528 0062 01       		.uleb128 0x1
 529 0063 13       		.uleb128 0x13
 530 0064 00       		.byte	0
 531 0065 00       		.byte	0
 532 0066 08       		.uleb128 0x8
 533 0067 05       		.uleb128 0x5
 534 0068 00       		.byte	0
 535 0069 03       		.uleb128 0x3
 536 006a 0E       		.uleb128 0xe
 537 006b 3A       		.uleb128 0x3a
 538 006c 0B       		.uleb128 0xb
 539 006d 3B       		.uleb128 0x3b
 540 006e 0B       		.uleb128 0xb
 541 006f 49       		.uleb128 0x49
 542 0070 13       		.uleb128 0x13
ARM GAS  C:\Users\Thomas\AppData\Local\Temp\ccdBOXRe.s 			page 11


 543 0071 02       		.uleb128 0x2
 544 0072 17       		.uleb128 0x17
 545 0073 00       		.byte	0
 546 0074 00       		.byte	0
 547 0075 09       		.uleb128 0x9
 548 0076 05       		.uleb128 0x5
 549 0077 00       		.byte	0
 550 0078 03       		.uleb128 0x3
 551 0079 0E       		.uleb128 0xe
 552 007a 3A       		.uleb128 0x3a
 553 007b 0B       		.uleb128 0xb
 554 007c 3B       		.uleb128 0x3b
 555 007d 0B       		.uleb128 0xb
 556 007e 49       		.uleb128 0x49
 557 007f 13       		.uleb128 0x13
 558 0080 02       		.uleb128 0x2
 559 0081 18       		.uleb128 0x18
 560 0082 00       		.byte	0
 561 0083 00       		.byte	0
 562 0084 0A       		.uleb128 0xa
 563 0085 34       		.uleb128 0x34
 564 0086 00       		.byte	0
 565 0087 03       		.uleb128 0x3
 566 0088 0E       		.uleb128 0xe
 567 0089 3A       		.uleb128 0x3a
 568 008a 0B       		.uleb128 0xb
 569 008b 3B       		.uleb128 0x3b
 570 008c 0B       		.uleb128 0xb
 571 008d 49       		.uleb128 0x49
 572 008e 13       		.uleb128 0x13
 573 008f 02       		.uleb128 0x2
 574 0090 18       		.uleb128 0x18
 575 0091 00       		.byte	0
 576 0092 00       		.byte	0
 577 0093 0B       		.uleb128 0xb
 578 0094 26       		.uleb128 0x26
 579 0095 00       		.byte	0
 580 0096 49       		.uleb128 0x49
 581 0097 13       		.uleb128 0x13
 582 0098 00       		.byte	0
 583 0099 00       		.byte	0
 584 009a 0C       		.uleb128 0xc
 585 009b 01       		.uleb128 0x1
 586 009c 01       		.byte	0x1
 587 009d 49       		.uleb128 0x49
 588 009e 13       		.uleb128 0x13
 589 009f 01       		.uleb128 0x1
 590 00a0 13       		.uleb128 0x13
 591 00a1 00       		.byte	0
 592 00a2 00       		.byte	0
 593 00a3 0D       		.uleb128 0xd
 594 00a4 21       		.uleb128 0x21
 595 00a5 00       		.byte	0
 596 00a6 49       		.uleb128 0x49
 597 00a7 13       		.uleb128 0x13
 598 00a8 2F       		.uleb128 0x2f
 599 00a9 0B       		.uleb128 0xb
ARM GAS  C:\Users\Thomas\AppData\Local\Temp\ccdBOXRe.s 			page 12


 600 00aa 00       		.byte	0
 601 00ab 00       		.byte	0
 602 00ac 0E       		.uleb128 0xe
 603 00ad 34       		.uleb128 0x34
 604 00ae 00       		.byte	0
 605 00af 03       		.uleb128 0x3
 606 00b0 0E       		.uleb128 0xe
 607 00b1 3A       		.uleb128 0x3a
 608 00b2 0B       		.uleb128 0xb
 609 00b3 3B       		.uleb128 0x3b
 610 00b4 05       		.uleb128 0x5
 611 00b5 49       		.uleb128 0x49
 612 00b6 13       		.uleb128 0x13
 613 00b7 3F       		.uleb128 0x3f
 614 00b8 19       		.uleb128 0x19
 615 00b9 3C       		.uleb128 0x3c
 616 00ba 19       		.uleb128 0x19
 617 00bb 00       		.byte	0
 618 00bc 00       		.byte	0
 619 00bd 00       		.byte	0
 620              		.section	.debug_loc,"",%progbits
 621              	.Ldebug_loc0:
 622              	.LLST0:
 623 0000 00000000 		.4byte	.LVL0
 624 0004 34000000 		.4byte	.LVL2
 625 0008 0100     		.2byte	0x1
 626 000a 50       		.byte	0x50
 627 000b 34000000 		.4byte	.LVL2
 628 000f 38000000 		.4byte	.LVL3
 629 0013 0400     		.2byte	0x4
 630 0015 F3       		.byte	0xf3
 631 0016 01       		.uleb128 0x1
 632 0017 50       		.byte	0x50
 633 0018 9F       		.byte	0x9f
 634 0019 38000000 		.4byte	.LVL3
 635 001d 46000000 		.4byte	.LVL4
 636 0021 0100     		.2byte	0x1
 637 0023 50       		.byte	0x50
 638 0024 46000000 		.4byte	.LVL4
 639 0028 50000000 		.4byte	.LFE63
 640 002c 0400     		.2byte	0x4
 641 002e F3       		.byte	0xf3
 642 002f 01       		.uleb128 0x1
 643 0030 50       		.byte	0x50
 644 0031 9F       		.byte	0x9f
 645 0032 00000000 		.4byte	0
 646 0036 00000000 		.4byte	0
 647              	.LLST1:
 648 003a 00000000 		.4byte	.LVL0
 649 003e 10000000 		.4byte	.LVL1
 650 0042 0100     		.2byte	0x1
 651 0044 52       		.byte	0x52
 652 0045 10000000 		.4byte	.LVL1
 653 0049 50000000 		.4byte	.LFE63
 654 004d 0400     		.2byte	0x4
 655 004f F3       		.byte	0xf3
 656 0050 01       		.uleb128 0x1
ARM GAS  C:\Users\Thomas\AppData\Local\Temp\ccdBOXRe.s 			page 13


 657 0051 52       		.byte	0x52
 658 0052 9F       		.byte	0x9f
 659 0053 00000000 		.4byte	0
 660 0057 00000000 		.4byte	0
 661              		.section	.debug_aranges,"",%progbits
 662 0000 1C000000 		.4byte	0x1c
 663 0004 0200     		.2byte	0x2
 664 0006 00000000 		.4byte	.Ldebug_info0
 665 000a 04       		.byte	0x4
 666 000b 00       		.byte	0
 667 000c 0000     		.2byte	0
 668 000e 0000     		.2byte	0
 669 0010 00000000 		.4byte	.LFB63
 670 0014 50000000 		.4byte	.LFE63-.LFB63
 671 0018 00000000 		.4byte	0
 672 001c 00000000 		.4byte	0
 673              		.section	.debug_ranges,"",%progbits
 674              	.Ldebug_ranges0:
 675 0000 00000000 		.4byte	.LFB63
 676 0004 50000000 		.4byte	.LFE63
 677 0008 00000000 		.4byte	0
 678 000c 00000000 		.4byte	0
 679              		.section	.debug_line,"",%progbits
 680              	.Ldebug_line0:
 681 0000 89010000 		.section	.debug_str,"MS",%progbits,1
 681      02006601 
 681      00000201 
 681      FB0E0D00 
 681      01010101 
 682              	.LASF6:
 683 0000 6C6F6E67 		.ascii	"long long int\000"
 683      206C6F6E 
 683      6720696E 
 683      7400
 684              	.LASF3:
 685 000e 73686F72 		.ascii	"short unsigned int\000"
 685      7420756E 
 685      7369676E 
 685      65642069 
 685      6E7400
 686              	.LASF25:
 687 0021 2E5C4D6F 		.ascii	".\\Motor_lookupTable.c\000"
 687      746F725F 
 687      6C6F6F6B 
 687      75705461 
 687      626C652E 
 688              	.LASF8:
 689 0037 756E7369 		.ascii	"unsigned int\000"
 689      676E6564 
 689      20696E74 
 689      00
 690              	.LASF27:
 691 0044 4C55545F 		.ascii	"LUT_speed\000"
 691      73706565 
 691      6400
 692              	.LASF20:
 693 004e 63616C63 		.ascii	"calc_speed\000"
ARM GAS  C:\Users\Thomas\AppData\Local\Temp\ccdBOXRe.s 			page 14


 693      5F737065 
 693      656400
 694              	.LASF11:
 695 0059 75696E74 		.ascii	"uint8\000"
 695      3800
 696              	.LASF5:
 697 005f 6C6F6E67 		.ascii	"long unsigned int\000"
 697      20756E73 
 697      69676E65 
 697      6420696E 
 697      7400
 698              	.LASF7:
 699 0071 6C6F6E67 		.ascii	"long long unsigned int\000"
 699      206C6F6E 
 699      6720756E 
 699      7369676E 
 699      65642069 
 700              	.LASF24:
 701 0088 474E5520 		.ascii	"GNU C 4.9.3 20150303 (release) [ARM/embedded-4_9-br"
 701      4320342E 
 701      392E3320 
 701      32303135 
 701      30333033 
 702 00bb 616E6368 		.ascii	"anch revision 221220] -mcpu=cortex-m3 -mthumb -g -O"
 702      20726576 
 702      6973696F 
 702      6E203232 
 702      31323230 
 703 00ee 67202D66 		.ascii	"g -ffunction-sections -ffat-lto-objects\000"
 703      66756E63 
 703      74696F6E 
 703      2D736563 
 703      74696F6E 
 704              	.LASF23:
 705 0116 434F4E53 		.ascii	"CONST_LUT\000"
 705      545F4C55 
 705      5400
 706              	.LASF1:
 707 0120 756E7369 		.ascii	"unsigned char\000"
 707      676E6564 
 707      20636861 
 707      7200
 708              	.LASF18:
 709 012e 73706565 		.ascii	"speed\000"
 709      6400
 710              	.LASF15:
 711 0134 63686172 		.ascii	"char\000"
 711      00
 712              	.LASF4:
 713 0139 6C6F6E67 		.ascii	"long int\000"
 713      20696E74 
 713      00
 714              	.LASF26:
 715 0142 433A5C55 		.ascii	"C:\\Users\\Thomas\\Documents\\GitHub\\MotorControll"
 715      73657273 
 715      5C54686F 
 715      6D61735C 
ARM GAS  C:\Users\Thomas\AppData\Local\Temp\ccdBOXRe.s 			page 15


 715      446F6375 
 716 0170 65725C4D 		.ascii	"er\\MotorController.cydsn\000"
 716      6F746F72 
 716      436F6E74 
 716      726F6C6C 
 716      65722E63 
 717              	.LASF14:
 718 0189 646F7562 		.ascii	"double\000"
 718      6C6500
 719              	.LASF21:
 720 0190 706F696E 		.ascii	"point\000"
 720      7400
 721              	.LASF16:
 722 0196 73697A65 		.ascii	"sizetype\000"
 722      74797065 
 722      00
 723              	.LASF28:
 724 019f 49544D5F 		.ascii	"ITM_RxBuffer\000"
 724      52784275 
 724      66666572 
 724      00
 725              	.LASF0:
 726 01ac 7369676E 		.ascii	"signed char\000"
 726      65642063 
 726      68617200 
 727              	.LASF9:
 728 01b8 5F5F696E 		.ascii	"__int32_t\000"
 728      7433325F 
 728      7400
 729              	.LASF13:
 730 01c2 666C6F61 		.ascii	"float\000"
 730      7400
 731              	.LASF2:
 732 01c8 73686F72 		.ascii	"short int\000"
 732      7420696E 
 732      7400
 733              	.LASF12:
 734 01d2 75696E74 		.ascii	"uint16\000"
 734      313600
 735              	.LASF10:
 736 01d9 696E7433 		.ascii	"int32_t\000"
 736      325F7400 
 737              	.LASF22:
 738 01e1 52414D50 		.ascii	"RAMP_LUT\000"
 738      5F4C5554 
 738      00
 739              	.LASF17:
 740 01ea 77616E74 		.ascii	"wanted_speed\000"
 740      65645F73 
 740      70656564 
 740      00
 741              	.LASF19:
 742 01f7 706F7765 		.ascii	"power\000"
 742      7200
 743              		.ident	"GCC: (GNU Tools for ARM Embedded Processors) 4.9.3 20150303 (release) [ARM/embedded-4_9-br
