ARM GAS  C:\Users\Thomas\AppData\Local\Temp\ccr7ze9F.s 			page 1


   1              		.syntax unified
   2              		.cpu cortex-m3
   3              		.fpu softvfp
   4              		.eabi_attribute 20, 1
   5              		.eabi_attribute 21, 1
   6              		.eabi_attribute 23, 3
   7              		.eabi_attribute 24, 1
   8              		.eabi_attribute 25, 1
   9              		.eabi_attribute 26, 1
  10              		.eabi_attribute 30, 1
  11              		.eabi_attribute 34, 1
  12              		.eabi_attribute 18, 4
  13              		.thumb
  14              		.file	"PID.c"
  15              		.text
  16              	.Ltext0:
  17              		.cfi_sections	.debug_frame
  18              		.section	.text.PID_init,"ax",%progbits
  19              		.align	2
  20              		.global	PID_init
  21              		.thumb
  22              		.thumb_func
  23              		.type	PID_init, %function
  24              	PID_init:
  25              	.LFB63:
  26              		.file 1 ".\\PID.c"
   1:.\PID.c       **** /* ========================================
   2:.\PID.c       ****  *
   3:.\PID.c       ****  * Copyright YOUR COMPANY, THE YEAR
   4:.\PID.c       ****  * All Rights Reserved
   5:.\PID.c       ****  * UNPUBLISHED, LICENSED SOFTWARE.
   6:.\PID.c       ****  *
   7:.\PID.c       ****  * CONFIDENTIAL AND PROPRIETARY INFORMATION
   8:.\PID.c       ****  * WHICH IS THE PROPERTY OF your company.
   9:.\PID.c       ****  *
  10:.\PID.c       ****  * ========================================
  11:.\PID.c       **** */
  12:.\PID.c       **** #include "PID.h"
  13:.\PID.c       **** #include <project.h>
  14:.\PID.c       **** 
  15:.\PID.c       **** struct PIDparameter parameter_;
  16:.\PID.c       **** 
  17:.\PID.c       **** int32 PIDval = 0;
  18:.\PID.c       **** int32 anti_windup_back_calc = 0;
  19:.\PID.c       **** int32 dt = dt_def;
  20:.\PID.c       **** int32 iState = 0;
  21:.\PID.c       **** int32 err = 0;
  22:.\PID.c       **** int32 pre_err = 0;
  23:.\PID.c       **** 
  24:.\PID.c       **** int32 Ki_dt = 0;
  25:.\PID.c       **** int32 Kd_dt = 0;
  26:.\PID.c       **** int32 Kp = 0;
  27:.\PID.c       **** 
  28:.\PID.c       **** void PID_init()
  29:.\PID.c       **** {
  27              		.loc 1 29 0
  28              		.cfi_startproc
ARM GAS  C:\Users\Thomas\AppData\Local\Temp\ccr7ze9F.s 			page 2


  29              		@ args = 0, pretend = 0, frame = 0
  30              		@ frame_needed = 0, uses_anonymous_args = 0
  31              		@ link register save eliminated.
  30:.\PID.c       ****     parameter_.Kp = Kp_def;
  32              		.loc 1 30 0
  33 0000 064B     		ldr	r3, .L2
  34 0002 4FF47A72 		mov	r2, #1000
  35 0006 1A60     		str	r2, [r3]
  31:.\PID.c       ****     parameter_.Ki = Ki_def;
  36              		.loc 1 31 0
  37 0008 0A22     		movs	r2, #10
  38 000a 5A60     		str	r2, [r3, #4]
  32:.\PID.c       ****     parameter_.Kd = Kd_def;
  39              		.loc 1 32 0
  40 000c 0022     		movs	r2, #0
  41 000e 9A60     		str	r2, [r3, #8]
  33:.\PID.c       ****     parameter_.MAX = MAX_def;
  42              		.loc 1 33 0
  43 0010 FF21     		movs	r1, #255
  44 0012 1961     		str	r1, [r3, #16]
  34:.\PID.c       ****     parameter_.MIN = MIN_def;
  45              		.loc 1 34 0
  46 0014 5A61     		str	r2, [r3, #20]
  35:.\PID.c       ****     parameter_.preShift = preShift_def;
  47              		.loc 1 35 0
  48 0016 0322     		movs	r2, #3
  49 0018 9A61     		str	r2, [r3, #24]
  50 001a 7047     		bx	lr
  51              	.L3:
  52              		.align	2
  53              	.L2:
  54 001c 00000000 		.word	parameter_
  55              		.cfi_endproc
  56              	.LFE63:
  57              		.size	PID_init, .-PID_init
  58              		.section	.text.PID,"ax",%progbits
  59              		.align	2
  60              		.global	PID
  61              		.thumb
  62              		.thumb_func
  63              		.type	PID, %function
  64              	PID:
  65              	.LFB64:
  36:.\PID.c       **** }
  37:.\PID.c       **** 
  38:.\PID.c       **** 
  39:.\PID.c       **** 
  40:.\PID.c       **** uint16 PID(const uint16 input, const uint16 plant)
  41:.\PID.c       **** {
  66              		.loc 1 41 0
  67              		.cfi_startproc
  68              		@ args = 0, pretend = 0, frame = 0
  69              		@ frame_needed = 0, uses_anonymous_args = 0
  70              		@ link register save eliminated.
  71              	.LVL0:
  72 0000 30B4     		push	{r4, r5}
  73              		.cfi_def_cfa_offset 8
ARM GAS  C:\Users\Thomas\AppData\Local\Temp\ccr7ze9F.s 			page 3


  74              		.cfi_offset 4, -8
  75              		.cfi_offset 5, -4
  42:.\PID.c       ****     PIDval = 0;
  76              		.loc 1 42 0
  77 0002 194D     		ldr	r5, .L9
  43:.\PID.c       **** 
  44:.\PID.c       ****     err = (((int32)input)<<parameter_.preShift) - (((int32)plant)<<parameter_.preShift);
  78              		.loc 1 44 0
  79 0004 194B     		ldr	r3, .L9+4
  80 0006 9C69     		ldr	r4, [r3, #24]
  81 0008 411A     		subs	r1, r0, r1
  82              	.LVL1:
  83 000a A140     		lsls	r1, r1, r4
  84 000c 6960     		str	r1, [r5, #4]
  45:.\PID.c       ****     
  46:.\PID.c       ****     
  47:.\PID.c       **** 	PIDval = Kp*err; //Proportional calc.
  85              		.loc 1 47 0
  86 000e AB68     		ldr	r3, [r5, #8]
  87 0010 03FB01F2 		mul	r2, r3, r1
  48:.\PID.c       **** 	
  49:.\PID.c       ****     if(Ki_dt != 0)
  88              		.loc 1 49 0
  89 0014 EB68     		ldr	r3, [r5, #12]
  90 0016 33B1     		cbz	r3, .L5
  50:.\PID.c       ****     {
  51:.\PID.c       **** 	    iState += Ki_dt*err + anti_windup_back_calc; //intergral calc and anti windup
  91              		.loc 1 51 0
  92 0018 2846     		mov	r0, r5
  93              	.LVL2:
  94 001a 2D69     		ldr	r5, [r5, #16]
  95 001c 03FB0153 		mla	r3, r3, r1, r5
  96 0020 4569     		ldr	r5, [r0, #20]
  97 0022 2B44     		add	r3, r3, r5
  98 0024 4361     		str	r3, [r0, #20]
  99              	.L5:
  52:.\PID.c       ****     }
  53:.\PID.c       **** 	PIDval += iState; //intergral calc
 100              		.loc 1 53 0
 101 0026 1048     		ldr	r0, .L9
 102 0028 4369     		ldr	r3, [r0, #20]
 103 002a 1344     		add	r3, r3, r2
  54:.\PID.c       **** 	
  55:.\PID.c       **** 	PIDval += Kd_dt*(err-pre_err); //differentiel calc
 104              		.loc 1 55 0
 105 002c 8269     		ldr	r2, [r0, #24]
 106 002e 8A1A     		subs	r2, r1, r2
 107 0030 C569     		ldr	r5, [r0, #28]
 108 0032 05FB0233 		mla	r3, r5, r2, r3
 109 0036 0360     		str	r3, [r0]
  56:.\PID.c       **** 	
  57:.\PID.c       **** 	pre_err = err;
 110              		.loc 1 57 0
 111 0038 8161     		str	r1, [r0, #24]
  58:.\PID.c       **** 	
  59:.\PID.c       ****     anti_windup_back_calc = PIDval;
  60:.\PID.c       ****     
ARM GAS  C:\Users\Thomas\AppData\Local\Temp\ccr7ze9F.s 			page 4


  61:.\PID.c       **** 	if(PIDval > parameter_.MAX<<parameter_.preShift)
 112              		.loc 1 61 0
 113 003a 0C4A     		ldr	r2, .L9+4
 114 003c 1269     		ldr	r2, [r2, #16]
 115 003e A240     		lsls	r2, r2, r4
 116 0040 9342     		cmp	r3, r2
 117 0042 01DD     		ble	.L6
  62:.\PID.c       **** 		PIDval = parameter_.MAX<<parameter_.preShift;
 118              		.loc 1 62 0
 119 0044 0260     		str	r2, [r0]
 120 0046 06E0     		b	.L7
 121              	.L6:
  63:.\PID.c       ****     else if(PIDval < parameter_.MIN<<parameter_.preShift)
 122              		.loc 1 63 0
 123 0048 084A     		ldr	r2, .L9+4
 124 004a 5269     		ldr	r2, [r2, #20]
 125 004c A240     		lsls	r2, r2, r4
 126 004e 9342     		cmp	r3, r2
 127 0050 01DA     		bge	.L7
  64:.\PID.c       ****         PIDval = parameter_.MIN<<parameter_.preShift;
 128              		.loc 1 64 0
 129 0052 0549     		ldr	r1, .L9
 130 0054 0A60     		str	r2, [r1]
 131              	.L7:
  65:.\PID.c       **** 	
  66:.\PID.c       ****     anti_windup_back_calc = PIDval - anti_windup_back_calc;
 132              		.loc 1 66 0
 133 0056 044A     		ldr	r2, .L9
 134 0058 1068     		ldr	r0, [r2]
 135 005a C31A     		subs	r3, r0, r3
 136 005c 1361     		str	r3, [r2, #16]
  67:.\PID.c       ****     
  68:.\PID.c       ****     return ((uint16)(PIDval>>parameter_.preShift));
 137              		.loc 1 68 0
 138 005e 2041     		asrs	r0, r0, r4
  69:.\PID.c       **** }
 139              		.loc 1 69 0
 140 0060 80B2     		uxth	r0, r0
 141 0062 30BC     		pop	{r4, r5}
 142              		.cfi_restore 5
 143              		.cfi_restore 4
 144              		.cfi_def_cfa_offset 0
 145 0064 7047     		bx	lr
 146              	.L10:
 147 0066 00BF     		.align	2
 148              	.L9:
 149 0068 00000000 		.word	.LANCHOR0
 150 006c 00000000 		.word	parameter_
 151              		.cfi_endproc
 152              	.LFE64:
 153              		.size	PID, .-PID
 154              		.section	.text.setPID,"ax",%progbits
 155              		.align	2
 156              		.global	setPID
 157              		.thumb
 158              		.thumb_func
 159              		.type	setPID, %function
ARM GAS  C:\Users\Thomas\AppData\Local\Temp\ccr7ze9F.s 			page 5


 160              	setPID:
 161              	.LFB65:
  70:.\PID.c       **** 
  71:.\PID.c       **** void setPID(const struct PIDparameter * parameter)
  72:.\PID.c       **** {
 162              		.loc 1 72 0
 163              		.cfi_startproc
 164              		@ args = 0, pretend = 0, frame = 0
 165              		@ frame_needed = 0, uses_anonymous_args = 0
 166              		@ link register save eliminated.
 167              	.LVL3:
 168 0000 70B4     		push	{r4, r5, r6}
 169              		.cfi_def_cfa_offset 12
 170              		.cfi_offset 4, -12
 171              		.cfi_offset 5, -8
 172              		.cfi_offset 6, -4
  73:.\PID.c       ****     parameter_ = *parameter;
 173              		.loc 1 73 0
 174 0002 0F4E     		ldr	r6, .L13
 175 0004 3446     		mov	r4, r6
 176 0006 0546     		mov	r5, r0
 177 0008 0FCD     		ldmia	r5!, {r0, r1, r2, r3}
 178              	.LVL4:
 179 000a 0FC4     		stmia	r4!, {r0, r1, r2, r3}
 180 000c 95E80F00 		ldmia	r5, {r0, r1, r2, r3}
 181 0010 84E80F00 		stmia	r4, {r0, r1, r2, r3}
  74:.\PID.c       ****     
  75:.\PID.c       ****     
  76:.\PID.c       ****     
  77:.\PID.c       ****     
  78:.\PID.c       ****     /*
  79:.\PID.c       ****     uint32 MSB_temp = (parameter_.Ki>>31);
  80:.\PID.c       ****     Ki_dt = ((parameter_.Ki<<(parameter_.preShift-parameter_.KShift))||(MSB_temp<<31))*dt;
  81:.\PID.c       ****     MSB_temp = (parameter_.Kd>>31);
  82:.\PID.c       ****     Kd_dt = ((parameter_.Kd<<(parameter_.preShift-parameter_.KShift))||(MSB_temp<<31))/dt;
  83:.\PID.c       ****     MSB_temp = (parameter_.Kp>>31);
  84:.\PID.c       ****     Kp = (parameter_.Kp<<(parameter_.preShift-parameter_.KShift))||(MSB_temp<<31);
  85:.\PID.c       ****     */
  86:.\PID.c       ****     
  87:.\PID.c       ****     Ki_dt = (parameter_.Ki<<(parameter_.preShift-parameter_.KShift))*dt;
 182              		.loc 1 87 0
 183 0014 7268     		ldr	r2, [r6, #4]
 184 0016 B369     		ldr	r3, [r6, #24]
 185 0018 F168     		ldr	r1, [r6, #12]
 186 001a 5B1A     		subs	r3, r3, r1
 187 001c 9A40     		lsls	r2, r2, r3
 188 001e 0949     		ldr	r1, .L13+4
 189 0020 0C68     		ldr	r4, [r1]
 190 0022 04FB02F1 		mul	r1, r4, r2
 191 0026 0848     		ldr	r0, .L13+8
 192 0028 C160     		str	r1, [r0, #12]
  88:.\PID.c       ****     Kd_dt = (parameter_.Kd<<(parameter_.preShift-parameter_.KShift))/dt;
 193              		.loc 1 88 0
 194 002a B268     		ldr	r2, [r6, #8]
 195 002c 9A40     		lsls	r2, r2, r3
 196 002e 92FBF4F2 		sdiv	r2, r2, r4
 197 0032 C261     		str	r2, [r0, #28]
ARM GAS  C:\Users\Thomas\AppData\Local\Temp\ccr7ze9F.s 			page 6


  89:.\PID.c       ****     Kp = parameter_.Kp<<(parameter_.preShift-parameter_.KShift);
 198              		.loc 1 89 0
 199 0034 3268     		ldr	r2, [r6]
 200 0036 02FA03F3 		lsl	r3, r2, r3
 201 003a 8360     		str	r3, [r0, #8]
  90:.\PID.c       ****     
  91:.\PID.c       **** }
 202              		.loc 1 91 0
 203 003c 70BC     		pop	{r4, r5, r6}
 204              		.cfi_restore 6
 205              		.cfi_restore 5
 206              		.cfi_restore 4
 207              		.cfi_def_cfa_offset 0
 208              	.LVL5:
 209 003e 7047     		bx	lr
 210              	.L14:
 211              		.align	2
 212              	.L13:
 213 0040 00000000 		.word	parameter_
 214 0044 00000000 		.word	.LANCHOR1
 215 0048 00000000 		.word	.LANCHOR0
 216              		.cfi_endproc
 217              	.LFE65:
 218              		.size	setPID, .-setPID
 219              		.global	Kp
 220              		.global	Kd_dt
 221              		.global	Ki_dt
 222              		.global	pre_err
 223              		.global	err
 224              		.global	iState
 225              		.global	dt
 226              		.global	anti_windup_back_calc
 227              		.global	PIDval
 228              		.comm	parameter_,32,4
 229              		.data
 230              		.align	2
 231              		.set	.LANCHOR1,. + 0
 232              		.type	dt, %object
 233              		.size	dt, 4
 234              	dt:
 235 0000 0A000000 		.word	10
 236              		.bss
 237              		.align	2
 238              		.set	.LANCHOR0,. + 0
 239              		.type	PIDval, %object
 240              		.size	PIDval, 4
 241              	PIDval:
 242 0000 00000000 		.space	4
 243              		.type	err, %object
 244              		.size	err, 4
 245              	err:
 246 0004 00000000 		.space	4
 247              		.type	Kp, %object
 248              		.size	Kp, 4
 249              	Kp:
 250 0008 00000000 		.space	4
 251              		.type	Ki_dt, %object
ARM GAS  C:\Users\Thomas\AppData\Local\Temp\ccr7ze9F.s 			page 7


 252              		.size	Ki_dt, 4
 253              	Ki_dt:
 254 000c 00000000 		.space	4
 255              		.type	anti_windup_back_calc, %object
 256              		.size	anti_windup_back_calc, 4
 257              	anti_windup_back_calc:
 258 0010 00000000 		.space	4
 259              		.type	iState, %object
 260              		.size	iState, 4
 261              	iState:
 262 0014 00000000 		.space	4
 263              		.type	pre_err, %object
 264              		.size	pre_err, 4
 265              	pre_err:
 266 0018 00000000 		.space	4
 267              		.type	Kd_dt, %object
 268              		.size	Kd_dt, 4
 269              	Kd_dt:
 270 001c 00000000 		.space	4
 271              		.text
 272              	.Letext0:
 273              		.file 2 "c:\\program files (x86)\\cypress\\psoc creator\\3.3\\psoc creator\\import\\gnu\\arm\\4.9.
 274              		.file 3 "c:\\program files (x86)\\cypress\\psoc creator\\3.3\\psoc creator\\import\\gnu\\arm\\4.9.
 275              		.file 4 "Generated_Source\\PSoC5/cytypes.h"
 276              		.file 5 ".\\PID.h"
 277              		.file 6 "Generated_Source\\PSoC5/core_cm3.h"
 278              		.section	.debug_info,"",%progbits
 279              	.Ldebug_info0:
 280 0000 53020000 		.4byte	0x253
 281 0004 0400     		.2byte	0x4
 282 0006 00000000 		.4byte	.Ldebug_abbrev0
 283 000a 04       		.byte	0x4
 284 000b 01       		.uleb128 0x1
 285 000c F9000000 		.4byte	.LASF31
 286 0010 01       		.byte	0x1
 287 0011 0E000000 		.4byte	.LASF32
 288 0015 59000000 		.4byte	.LASF33
 289 0019 00000000 		.4byte	.Ldebug_ranges0+0
 290 001d 00000000 		.4byte	0
 291 0021 00000000 		.4byte	.Ldebug_line0
 292 0025 02       		.uleb128 0x2
 293 0026 01       		.byte	0x1
 294 0027 06       		.byte	0x6
 295 0028 28020000 		.4byte	.LASF0
 296 002c 02       		.uleb128 0x2
 297 002d 01       		.byte	0x1
 298 002e 08       		.byte	0x8
 299 002f CC000000 		.4byte	.LASF1
 300 0033 02       		.uleb128 0x2
 301 0034 02       		.byte	0x2
 302 0035 05       		.byte	0x5
 303 0036 E1000000 		.4byte	.LASF2
 304 003a 02       		.uleb128 0x2
 305 003b 02       		.byte	0x2
 306 003c 07       		.byte	0x7
 307 003d 26000000 		.4byte	.LASF3
 308 0041 03       		.uleb128 0x3
ARM GAS  C:\Users\Thomas\AppData\Local\Temp\ccr7ze9F.s 			page 8


 309 0042 1C000000 		.4byte	.LASF9
 310 0046 02       		.byte	0x2
 311 0047 3F       		.byte	0x3f
 312 0048 4C000000 		.4byte	0x4c
 313 004c 02       		.uleb128 0x2
 314 004d 04       		.byte	0x4
 315 004e 05       		.byte	0x5
 316 004f 01020000 		.4byte	.LASF4
 317 0053 02       		.uleb128 0x2
 318 0054 04       		.byte	0x4
 319 0055 07       		.byte	0x7
 320 0056 A0000000 		.4byte	.LASF5
 321 005a 02       		.uleb128 0x2
 322 005b 08       		.byte	0x8
 323 005c 05       		.byte	0x5
 324 005d 00000000 		.4byte	.LASF6
 325 0061 02       		.uleb128 0x2
 326 0062 08       		.byte	0x8
 327 0063 07       		.byte	0x7
 328 0064 94010000 		.4byte	.LASF7
 329 0068 04       		.uleb128 0x4
 330 0069 04       		.byte	0x4
 331 006a 05       		.byte	0x5
 332 006b 696E7400 		.ascii	"int\000"
 333 006f 02       		.uleb128 0x2
 334 0070 04       		.byte	0x4
 335 0071 07       		.byte	0x7
 336 0072 87010000 		.4byte	.LASF8
 337 0076 03       		.uleb128 0x3
 338 0077 BC010000 		.4byte	.LASF10
 339 007b 03       		.byte	0x3
 340 007c 2C       		.byte	0x2c
 341 007d 41000000 		.4byte	0x41
 342 0081 05       		.uleb128 0x5
 343 0082 EB000000 		.4byte	.LASF11
 344 0086 04       		.byte	0x4
 345 0087 3901     		.2byte	0x139
 346 0089 3A000000 		.4byte	0x3a
 347 008d 05       		.uleb128 0x5
 348 008e B2000000 		.4byte	.LASF12
 349 0092 04       		.byte	0x4
 350 0093 3D01     		.2byte	0x13d
 351 0095 4C000000 		.4byte	0x4c
 352 0099 02       		.uleb128 0x2
 353 009a 04       		.byte	0x4
 354 009b 04       		.byte	0x4
 355 009c 44000000 		.4byte	.LASF13
 356 00a0 02       		.uleb128 0x2
 357 00a1 08       		.byte	0x8
 358 00a2 04       		.byte	0x4
 359 00a3 DA000000 		.4byte	.LASF14
 360 00a7 02       		.uleb128 0x2
 361 00a8 01       		.byte	0x1
 362 00a9 08       		.byte	0x8
 363 00aa DC010000 		.4byte	.LASF15
 364 00ae 02       		.uleb128 0x2
 365 00af 04       		.byte	0x4
ARM GAS  C:\Users\Thomas\AppData\Local\Temp\ccr7ze9F.s 			page 9


 366 00b0 07       		.byte	0x7
 367 00b1 C4010000 		.4byte	.LASF16
 368 00b5 06       		.uleb128 0x6
 369 00b6 F4010000 		.4byte	.LASF34
 370 00ba 20       		.byte	0x20
 371 00bb 05       		.byte	0x5
 372 00bc 0D       		.byte	0xd
 373 00bd 1F010000 		.4byte	0x11f
 374 00c1 07       		.uleb128 0x7
 375 00c2 4B7000   		.ascii	"Kp\000"
 376 00c5 05       		.byte	0x5
 377 00c6 0F       		.byte	0xf
 378 00c7 8D000000 		.4byte	0x8d
 379 00cb 00       		.byte	0
 380 00cc 07       		.uleb128 0x7
 381 00cd 4B6900   		.ascii	"Ki\000"
 382 00d0 05       		.byte	0x5
 383 00d1 10       		.byte	0x10
 384 00d2 8D000000 		.4byte	0x8d
 385 00d6 04       		.byte	0x4
 386 00d7 07       		.uleb128 0x7
 387 00d8 4B6400   		.ascii	"Kd\000"
 388 00db 05       		.byte	0x5
 389 00dc 11       		.byte	0x11
 390 00dd 8D000000 		.4byte	0x8d
 391 00e1 08       		.byte	0x8
 392 00e2 08       		.uleb128 0x8
 393 00e3 B8000000 		.4byte	.LASF17
 394 00e7 05       		.byte	0x5
 395 00e8 12       		.byte	0x12
 396 00e9 8D000000 		.4byte	0x8d
 397 00ed 0C       		.byte	0xc
 398 00ee 07       		.uleb128 0x7
 399 00ef 4D415800 		.ascii	"MAX\000"
 400 00f3 05       		.byte	0x5
 401 00f4 13       		.byte	0x13
 402 00f5 8D000000 		.4byte	0x8d
 403 00f9 10       		.byte	0x10
 404 00fa 07       		.uleb128 0x7
 405 00fb 4D494E00 		.ascii	"MIN\000"
 406 00ff 05       		.byte	0x5
 407 0100 14       		.byte	0x14
 408 0101 8D000000 		.4byte	0x8d
 409 0105 14       		.byte	0x14
 410 0106 08       		.uleb128 0x8
 411 0107 D3010000 		.4byte	.LASF18
 412 010b 05       		.byte	0x5
 413 010c 15       		.byte	0x15
 414 010d 8D000000 		.4byte	0x8d
 415 0111 18       		.byte	0x18
 416 0112 08       		.uleb128 0x8
 417 0113 E7010000 		.4byte	.LASF19
 418 0117 05       		.byte	0x5
 419 0118 16       		.byte	0x16
 420 0119 A7000000 		.4byte	0xa7
 421 011d 1C       		.byte	0x1c
 422 011e 00       		.byte	0
ARM GAS  C:\Users\Thomas\AppData\Local\Temp\ccr7ze9F.s 			page 10


 423 011f 09       		.uleb128 0x9
 424 0120 4A000000 		.4byte	.LASF35
 425 0124 01       		.byte	0x1
 426 0125 1C       		.byte	0x1c
 427 0126 00000000 		.4byte	.LFB63
 428 012a 20000000 		.4byte	.LFE63-.LFB63
 429 012e 01       		.uleb128 0x1
 430 012f 9C       		.byte	0x9c
 431 0130 0A       		.uleb128 0xa
 432 0131 50494400 		.ascii	"PID\000"
 433 0135 01       		.byte	0x1
 434 0136 28       		.byte	0x28
 435 0137 81000000 		.4byte	0x81
 436 013b 00000000 		.4byte	.LFB64
 437 013f 70000000 		.4byte	.LFE64-.LFB64
 438 0143 01       		.uleb128 0x1
 439 0144 9C       		.byte	0x9c
 440 0145 68010000 		.4byte	0x168
 441 0149 0B       		.uleb128 0xb
 442 014a 53000000 		.4byte	.LASF20
 443 014e 01       		.byte	0x1
 444 014f 28       		.byte	0x28
 445 0150 68010000 		.4byte	0x168
 446 0154 00000000 		.4byte	.LLST0
 447 0158 0B       		.uleb128 0xb
 448 0159 CD010000 		.4byte	.LASF21
 449 015d 01       		.byte	0x1
 450 015e 28       		.byte	0x28
 451 015f 68010000 		.4byte	0x168
 452 0163 21000000 		.4byte	.LLST1
 453 0167 00       		.byte	0
 454 0168 0C       		.uleb128 0xc
 455 0169 81000000 		.4byte	0x81
 456 016d 0D       		.uleb128 0xd
 457 016e F2000000 		.4byte	.LASF36
 458 0172 01       		.byte	0x1
 459 0173 47       		.byte	0x47
 460 0174 00000000 		.4byte	.LFB65
 461 0178 4C000000 		.4byte	.LFE65-.LFB65
 462 017c 01       		.uleb128 0x1
 463 017d 9C       		.byte	0x9c
 464 017e 92010000 		.4byte	0x192
 465 0182 0B       		.uleb128 0xb
 466 0183 B2010000 		.4byte	.LASF22
 467 0187 01       		.byte	0x1
 468 0188 47       		.byte	0x47
 469 0189 92010000 		.4byte	0x192
 470 018d 42000000 		.4byte	.LLST2
 471 0191 00       		.byte	0
 472 0192 0E       		.uleb128 0xe
 473 0193 04       		.byte	0x4
 474 0194 98010000 		.4byte	0x198
 475 0198 0C       		.uleb128 0xc
 476 0199 B5000000 		.4byte	0xb5
 477 019d 0F       		.uleb128 0xf
 478 019e BF000000 		.4byte	.LASF23
 479 01a2 06       		.byte	0x6
ARM GAS  C:\Users\Thomas\AppData\Local\Temp\ccr7ze9F.s 			page 11


 480 01a3 5506     		.2byte	0x655
 481 01a5 A9010000 		.4byte	0x1a9
 482 01a9 10       		.uleb128 0x10
 483 01aa 76000000 		.4byte	0x76
 484 01ae 11       		.uleb128 0x11
 485 01af 39000000 		.4byte	.LASF24
 486 01b3 01       		.byte	0x1
 487 01b4 0F       		.byte	0xf
 488 01b5 B5000000 		.4byte	0xb5
 489 01b9 05       		.uleb128 0x5
 490 01ba 03       		.byte	0x3
 491 01bb 00000000 		.4byte	parameter_
 492 01bf 11       		.uleb128 0x11
 493 01c0 AB010000 		.4byte	.LASF25
 494 01c4 01       		.byte	0x1
 495 01c5 11       		.byte	0x11
 496 01c6 8D000000 		.4byte	0x8d
 497 01ca 05       		.uleb128 0x5
 498 01cb 03       		.byte	0x3
 499 01cc 00000000 		.4byte	PIDval
 500 01d0 11       		.uleb128 0x11
 501 01d1 12020000 		.4byte	.LASF26
 502 01d5 01       		.byte	0x1
 503 01d6 12       		.byte	0x12
 504 01d7 8D000000 		.4byte	0x8d
 505 01db 05       		.uleb128 0x5
 506 01dc 03       		.byte	0x3
 507 01dd 00000000 		.4byte	anti_windup_back_calc
 508 01e1 12       		.uleb128 0x12
 509 01e2 647400   		.ascii	"dt\000"
 510 01e5 01       		.byte	0x1
 511 01e6 13       		.byte	0x13
 512 01e7 8D000000 		.4byte	0x8d
 513 01eb 05       		.uleb128 0x5
 514 01ec 03       		.byte	0x3
 515 01ed 00000000 		.4byte	dt
 516 01f1 11       		.uleb128 0x11
 517 01f2 ED010000 		.4byte	.LASF27
 518 01f6 01       		.byte	0x1
 519 01f7 14       		.byte	0x14
 520 01f8 8D000000 		.4byte	0x8d
 521 01fc 05       		.uleb128 0x5
 522 01fd 03       		.byte	0x3
 523 01fe 00000000 		.4byte	iState
 524 0202 12       		.uleb128 0x12
 525 0203 65727200 		.ascii	"err\000"
 526 0207 01       		.byte	0x1
 527 0208 15       		.byte	0x15
 528 0209 8D000000 		.4byte	0x8d
 529 020d 05       		.uleb128 0x5
 530 020e 03       		.byte	0x3
 531 020f 00000000 		.4byte	err
 532 0213 11       		.uleb128 0x11
 533 0214 0A020000 		.4byte	.LASF28
 534 0218 01       		.byte	0x1
 535 0219 16       		.byte	0x16
 536 021a 8D000000 		.4byte	0x8d
ARM GAS  C:\Users\Thomas\AppData\Local\Temp\ccr7ze9F.s 			page 12


 537 021e 05       		.uleb128 0x5
 538 021f 03       		.byte	0x3
 539 0220 00000000 		.4byte	pre_err
 540 0224 11       		.uleb128 0x11
 541 0225 16000000 		.4byte	.LASF29
 542 0229 01       		.byte	0x1
 543 022a 18       		.byte	0x18
 544 022b 8D000000 		.4byte	0x8d
 545 022f 05       		.uleb128 0x5
 546 0230 03       		.byte	0x3
 547 0231 00000000 		.4byte	Ki_dt
 548 0235 11       		.uleb128 0x11
 549 0236 E1010000 		.4byte	.LASF30
 550 023a 01       		.byte	0x1
 551 023b 19       		.byte	0x19
 552 023c 8D000000 		.4byte	0x8d
 553 0240 05       		.uleb128 0x5
 554 0241 03       		.byte	0x3
 555 0242 00000000 		.4byte	Kd_dt
 556 0246 12       		.uleb128 0x12
 557 0247 4B7000   		.ascii	"Kp\000"
 558 024a 01       		.byte	0x1
 559 024b 1A       		.byte	0x1a
 560 024c 8D000000 		.4byte	0x8d
 561 0250 05       		.uleb128 0x5
 562 0251 03       		.byte	0x3
 563 0252 00000000 		.4byte	Kp
 564 0256 00       		.byte	0
 565              		.section	.debug_abbrev,"",%progbits
 566              	.Ldebug_abbrev0:
 567 0000 01       		.uleb128 0x1
 568 0001 11       		.uleb128 0x11
 569 0002 01       		.byte	0x1
 570 0003 25       		.uleb128 0x25
 571 0004 0E       		.uleb128 0xe
 572 0005 13       		.uleb128 0x13
 573 0006 0B       		.uleb128 0xb
 574 0007 03       		.uleb128 0x3
 575 0008 0E       		.uleb128 0xe
 576 0009 1B       		.uleb128 0x1b
 577 000a 0E       		.uleb128 0xe
 578 000b 55       		.uleb128 0x55
 579 000c 17       		.uleb128 0x17
 580 000d 11       		.uleb128 0x11
 581 000e 01       		.uleb128 0x1
 582 000f 10       		.uleb128 0x10
 583 0010 17       		.uleb128 0x17
 584 0011 00       		.byte	0
 585 0012 00       		.byte	0
 586 0013 02       		.uleb128 0x2
 587 0014 24       		.uleb128 0x24
 588 0015 00       		.byte	0
 589 0016 0B       		.uleb128 0xb
 590 0017 0B       		.uleb128 0xb
 591 0018 3E       		.uleb128 0x3e
 592 0019 0B       		.uleb128 0xb
 593 001a 03       		.uleb128 0x3
ARM GAS  C:\Users\Thomas\AppData\Local\Temp\ccr7ze9F.s 			page 13


 594 001b 0E       		.uleb128 0xe
 595 001c 00       		.byte	0
 596 001d 00       		.byte	0
 597 001e 03       		.uleb128 0x3
 598 001f 16       		.uleb128 0x16
 599 0020 00       		.byte	0
 600 0021 03       		.uleb128 0x3
 601 0022 0E       		.uleb128 0xe
 602 0023 3A       		.uleb128 0x3a
 603 0024 0B       		.uleb128 0xb
 604 0025 3B       		.uleb128 0x3b
 605 0026 0B       		.uleb128 0xb
 606 0027 49       		.uleb128 0x49
 607 0028 13       		.uleb128 0x13
 608 0029 00       		.byte	0
 609 002a 00       		.byte	0
 610 002b 04       		.uleb128 0x4
 611 002c 24       		.uleb128 0x24
 612 002d 00       		.byte	0
 613 002e 0B       		.uleb128 0xb
 614 002f 0B       		.uleb128 0xb
 615 0030 3E       		.uleb128 0x3e
 616 0031 0B       		.uleb128 0xb
 617 0032 03       		.uleb128 0x3
 618 0033 08       		.uleb128 0x8
 619 0034 00       		.byte	0
 620 0035 00       		.byte	0
 621 0036 05       		.uleb128 0x5
 622 0037 16       		.uleb128 0x16
 623 0038 00       		.byte	0
 624 0039 03       		.uleb128 0x3
 625 003a 0E       		.uleb128 0xe
 626 003b 3A       		.uleb128 0x3a
 627 003c 0B       		.uleb128 0xb
 628 003d 3B       		.uleb128 0x3b
 629 003e 05       		.uleb128 0x5
 630 003f 49       		.uleb128 0x49
 631 0040 13       		.uleb128 0x13
 632 0041 00       		.byte	0
 633 0042 00       		.byte	0
 634 0043 06       		.uleb128 0x6
 635 0044 13       		.uleb128 0x13
 636 0045 01       		.byte	0x1
 637 0046 03       		.uleb128 0x3
 638 0047 0E       		.uleb128 0xe
 639 0048 0B       		.uleb128 0xb
 640 0049 0B       		.uleb128 0xb
 641 004a 3A       		.uleb128 0x3a
 642 004b 0B       		.uleb128 0xb
 643 004c 3B       		.uleb128 0x3b
 644 004d 0B       		.uleb128 0xb
 645 004e 01       		.uleb128 0x1
 646 004f 13       		.uleb128 0x13
 647 0050 00       		.byte	0
 648 0051 00       		.byte	0
 649 0052 07       		.uleb128 0x7
 650 0053 0D       		.uleb128 0xd
ARM GAS  C:\Users\Thomas\AppData\Local\Temp\ccr7ze9F.s 			page 14


 651 0054 00       		.byte	0
 652 0055 03       		.uleb128 0x3
 653 0056 08       		.uleb128 0x8
 654 0057 3A       		.uleb128 0x3a
 655 0058 0B       		.uleb128 0xb
 656 0059 3B       		.uleb128 0x3b
 657 005a 0B       		.uleb128 0xb
 658 005b 49       		.uleb128 0x49
 659 005c 13       		.uleb128 0x13
 660 005d 38       		.uleb128 0x38
 661 005e 0B       		.uleb128 0xb
 662 005f 00       		.byte	0
 663 0060 00       		.byte	0
 664 0061 08       		.uleb128 0x8
 665 0062 0D       		.uleb128 0xd
 666 0063 00       		.byte	0
 667 0064 03       		.uleb128 0x3
 668 0065 0E       		.uleb128 0xe
 669 0066 3A       		.uleb128 0x3a
 670 0067 0B       		.uleb128 0xb
 671 0068 3B       		.uleb128 0x3b
 672 0069 0B       		.uleb128 0xb
 673 006a 49       		.uleb128 0x49
 674 006b 13       		.uleb128 0x13
 675 006c 38       		.uleb128 0x38
 676 006d 0B       		.uleb128 0xb
 677 006e 00       		.byte	0
 678 006f 00       		.byte	0
 679 0070 09       		.uleb128 0x9
 680 0071 2E       		.uleb128 0x2e
 681 0072 00       		.byte	0
 682 0073 3F       		.uleb128 0x3f
 683 0074 19       		.uleb128 0x19
 684 0075 03       		.uleb128 0x3
 685 0076 0E       		.uleb128 0xe
 686 0077 3A       		.uleb128 0x3a
 687 0078 0B       		.uleb128 0xb
 688 0079 3B       		.uleb128 0x3b
 689 007a 0B       		.uleb128 0xb
 690 007b 11       		.uleb128 0x11
 691 007c 01       		.uleb128 0x1
 692 007d 12       		.uleb128 0x12
 693 007e 06       		.uleb128 0x6
 694 007f 40       		.uleb128 0x40
 695 0080 18       		.uleb128 0x18
 696 0081 9742     		.uleb128 0x2117
 697 0083 19       		.uleb128 0x19
 698 0084 00       		.byte	0
 699 0085 00       		.byte	0
 700 0086 0A       		.uleb128 0xa
 701 0087 2E       		.uleb128 0x2e
 702 0088 01       		.byte	0x1
 703 0089 3F       		.uleb128 0x3f
 704 008a 19       		.uleb128 0x19
 705 008b 03       		.uleb128 0x3
 706 008c 08       		.uleb128 0x8
 707 008d 3A       		.uleb128 0x3a
ARM GAS  C:\Users\Thomas\AppData\Local\Temp\ccr7ze9F.s 			page 15


 708 008e 0B       		.uleb128 0xb
 709 008f 3B       		.uleb128 0x3b
 710 0090 0B       		.uleb128 0xb
 711 0091 27       		.uleb128 0x27
 712 0092 19       		.uleb128 0x19
 713 0093 49       		.uleb128 0x49
 714 0094 13       		.uleb128 0x13
 715 0095 11       		.uleb128 0x11
 716 0096 01       		.uleb128 0x1
 717 0097 12       		.uleb128 0x12
 718 0098 06       		.uleb128 0x6
 719 0099 40       		.uleb128 0x40
 720 009a 18       		.uleb128 0x18
 721 009b 9742     		.uleb128 0x2117
 722 009d 19       		.uleb128 0x19
 723 009e 01       		.uleb128 0x1
 724 009f 13       		.uleb128 0x13
 725 00a0 00       		.byte	0
 726 00a1 00       		.byte	0
 727 00a2 0B       		.uleb128 0xb
 728 00a3 05       		.uleb128 0x5
 729 00a4 00       		.byte	0
 730 00a5 03       		.uleb128 0x3
 731 00a6 0E       		.uleb128 0xe
 732 00a7 3A       		.uleb128 0x3a
 733 00a8 0B       		.uleb128 0xb
 734 00a9 3B       		.uleb128 0x3b
 735 00aa 0B       		.uleb128 0xb
 736 00ab 49       		.uleb128 0x49
 737 00ac 13       		.uleb128 0x13
 738 00ad 02       		.uleb128 0x2
 739 00ae 17       		.uleb128 0x17
 740 00af 00       		.byte	0
 741 00b0 00       		.byte	0
 742 00b1 0C       		.uleb128 0xc
 743 00b2 26       		.uleb128 0x26
 744 00b3 00       		.byte	0
 745 00b4 49       		.uleb128 0x49
 746 00b5 13       		.uleb128 0x13
 747 00b6 00       		.byte	0
 748 00b7 00       		.byte	0
 749 00b8 0D       		.uleb128 0xd
 750 00b9 2E       		.uleb128 0x2e
 751 00ba 01       		.byte	0x1
 752 00bb 3F       		.uleb128 0x3f
 753 00bc 19       		.uleb128 0x19
 754 00bd 03       		.uleb128 0x3
 755 00be 0E       		.uleb128 0xe
 756 00bf 3A       		.uleb128 0x3a
 757 00c0 0B       		.uleb128 0xb
 758 00c1 3B       		.uleb128 0x3b
 759 00c2 0B       		.uleb128 0xb
 760 00c3 27       		.uleb128 0x27
 761 00c4 19       		.uleb128 0x19
 762 00c5 11       		.uleb128 0x11
 763 00c6 01       		.uleb128 0x1
 764 00c7 12       		.uleb128 0x12
ARM GAS  C:\Users\Thomas\AppData\Local\Temp\ccr7ze9F.s 			page 16


 765 00c8 06       		.uleb128 0x6
 766 00c9 40       		.uleb128 0x40
 767 00ca 18       		.uleb128 0x18
 768 00cb 9742     		.uleb128 0x2117
 769 00cd 19       		.uleb128 0x19
 770 00ce 01       		.uleb128 0x1
 771 00cf 13       		.uleb128 0x13
 772 00d0 00       		.byte	0
 773 00d1 00       		.byte	0
 774 00d2 0E       		.uleb128 0xe
 775 00d3 0F       		.uleb128 0xf
 776 00d4 00       		.byte	0
 777 00d5 0B       		.uleb128 0xb
 778 00d6 0B       		.uleb128 0xb
 779 00d7 49       		.uleb128 0x49
 780 00d8 13       		.uleb128 0x13
 781 00d9 00       		.byte	0
 782 00da 00       		.byte	0
 783 00db 0F       		.uleb128 0xf
 784 00dc 34       		.uleb128 0x34
 785 00dd 00       		.byte	0
 786 00de 03       		.uleb128 0x3
 787 00df 0E       		.uleb128 0xe
 788 00e0 3A       		.uleb128 0x3a
 789 00e1 0B       		.uleb128 0xb
 790 00e2 3B       		.uleb128 0x3b
 791 00e3 05       		.uleb128 0x5
 792 00e4 49       		.uleb128 0x49
 793 00e5 13       		.uleb128 0x13
 794 00e6 3F       		.uleb128 0x3f
 795 00e7 19       		.uleb128 0x19
 796 00e8 3C       		.uleb128 0x3c
 797 00e9 19       		.uleb128 0x19
 798 00ea 00       		.byte	0
 799 00eb 00       		.byte	0
 800 00ec 10       		.uleb128 0x10
 801 00ed 35       		.uleb128 0x35
 802 00ee 00       		.byte	0
 803 00ef 49       		.uleb128 0x49
 804 00f0 13       		.uleb128 0x13
 805 00f1 00       		.byte	0
 806 00f2 00       		.byte	0
 807 00f3 11       		.uleb128 0x11
 808 00f4 34       		.uleb128 0x34
 809 00f5 00       		.byte	0
 810 00f6 03       		.uleb128 0x3
 811 00f7 0E       		.uleb128 0xe
 812 00f8 3A       		.uleb128 0x3a
 813 00f9 0B       		.uleb128 0xb
 814 00fa 3B       		.uleb128 0x3b
 815 00fb 0B       		.uleb128 0xb
 816 00fc 49       		.uleb128 0x49
 817 00fd 13       		.uleb128 0x13
 818 00fe 3F       		.uleb128 0x3f
 819 00ff 19       		.uleb128 0x19
 820 0100 02       		.uleb128 0x2
 821 0101 18       		.uleb128 0x18
ARM GAS  C:\Users\Thomas\AppData\Local\Temp\ccr7ze9F.s 			page 17


 822 0102 00       		.byte	0
 823 0103 00       		.byte	0
 824 0104 12       		.uleb128 0x12
 825 0105 34       		.uleb128 0x34
 826 0106 00       		.byte	0
 827 0107 03       		.uleb128 0x3
 828 0108 08       		.uleb128 0x8
 829 0109 3A       		.uleb128 0x3a
 830 010a 0B       		.uleb128 0xb
 831 010b 3B       		.uleb128 0x3b
 832 010c 0B       		.uleb128 0xb
 833 010d 49       		.uleb128 0x49
 834 010e 13       		.uleb128 0x13
 835 010f 3F       		.uleb128 0x3f
 836 0110 19       		.uleb128 0x19
 837 0111 02       		.uleb128 0x2
 838 0112 18       		.uleb128 0x18
 839 0113 00       		.byte	0
 840 0114 00       		.byte	0
 841 0115 00       		.byte	0
 842              		.section	.debug_loc,"",%progbits
 843              	.Ldebug_loc0:
 844              	.LLST0:
 845 0000 00000000 		.4byte	.LVL0
 846 0004 1A000000 		.4byte	.LVL2
 847 0008 0100     		.2byte	0x1
 848 000a 50       		.byte	0x50
 849 000b 1A000000 		.4byte	.LVL2
 850 000f 70000000 		.4byte	.LFE64
 851 0013 0400     		.2byte	0x4
 852 0015 F3       		.byte	0xf3
 853 0016 01       		.uleb128 0x1
 854 0017 50       		.byte	0x50
 855 0018 9F       		.byte	0x9f
 856 0019 00000000 		.4byte	0
 857 001d 00000000 		.4byte	0
 858              	.LLST1:
 859 0021 00000000 		.4byte	.LVL0
 860 0025 0A000000 		.4byte	.LVL1
 861 0029 0100     		.2byte	0x1
 862 002b 51       		.byte	0x51
 863 002c 0A000000 		.4byte	.LVL1
 864 0030 70000000 		.4byte	.LFE64
 865 0034 0400     		.2byte	0x4
 866 0036 F3       		.byte	0xf3
 867 0037 01       		.uleb128 0x1
 868 0038 51       		.byte	0x51
 869 0039 9F       		.byte	0x9f
 870 003a 00000000 		.4byte	0
 871 003e 00000000 		.4byte	0
 872              	.LLST2:
 873 0042 00000000 		.4byte	.LVL3
 874 0046 0A000000 		.4byte	.LVL4
 875 004a 0100     		.2byte	0x1
 876 004c 50       		.byte	0x50
 877 004d 0A000000 		.4byte	.LVL4
 878 0051 3E000000 		.4byte	.LVL5
ARM GAS  C:\Users\Thomas\AppData\Local\Temp\ccr7ze9F.s 			page 18


 879 0055 0300     		.2byte	0x3
 880 0057 75       		.byte	0x75
 881 0058 70       		.sleb128 -16
 882 0059 9F       		.byte	0x9f
 883 005a 3E000000 		.4byte	.LVL5
 884 005e 4C000000 		.4byte	.LFE65
 885 0062 0400     		.2byte	0x4
 886 0064 F3       		.byte	0xf3
 887 0065 01       		.uleb128 0x1
 888 0066 50       		.byte	0x50
 889 0067 9F       		.byte	0x9f
 890 0068 00000000 		.4byte	0
 891 006c 00000000 		.4byte	0
 892              		.section	.debug_aranges,"",%progbits
 893 0000 2C000000 		.4byte	0x2c
 894 0004 0200     		.2byte	0x2
 895 0006 00000000 		.4byte	.Ldebug_info0
 896 000a 04       		.byte	0x4
 897 000b 00       		.byte	0
 898 000c 0000     		.2byte	0
 899 000e 0000     		.2byte	0
 900 0010 00000000 		.4byte	.LFB63
 901 0014 20000000 		.4byte	.LFE63-.LFB63
 902 0018 00000000 		.4byte	.LFB64
 903 001c 70000000 		.4byte	.LFE64-.LFB64
 904 0020 00000000 		.4byte	.LFB65
 905 0024 4C000000 		.4byte	.LFE65-.LFB65
 906 0028 00000000 		.4byte	0
 907 002c 00000000 		.4byte	0
 908              		.section	.debug_ranges,"",%progbits
 909              	.Ldebug_ranges0:
 910 0000 00000000 		.4byte	.LFB63
 911 0004 20000000 		.4byte	.LFE63
 912 0008 00000000 		.4byte	.LFB64
 913 000c 70000000 		.4byte	.LFE64
 914 0010 00000000 		.4byte	.LFB65
 915 0014 4C000000 		.4byte	.LFE65
 916 0018 00000000 		.4byte	0
 917 001c 00000000 		.4byte	0
 918              		.section	.debug_line,"",%progbits
 919              	.Ldebug_line0:
 920 0000 A3010000 		.section	.debug_str,"MS",%progbits,1
 920      02005301 
 920      00000201 
 920      FB0E0D00 
 920      01010101 
 921              	.LASF6:
 922 0000 6C6F6E67 		.ascii	"long long int\000"
 922      206C6F6E 
 922      6720696E 
 922      7400
 923              	.LASF32:
 924 000e 2E5C5049 		.ascii	".\\PID.c\000"
 924      442E6300 
 925              	.LASF29:
 926 0016 4B695F64 		.ascii	"Ki_dt\000"
 926      7400
ARM GAS  C:\Users\Thomas\AppData\Local\Temp\ccr7ze9F.s 			page 19


 927              	.LASF9:
 928 001c 5F5F696E 		.ascii	"__int32_t\000"
 928      7433325F 
 928      7400
 929              	.LASF3:
 930 0026 73686F72 		.ascii	"short unsigned int\000"
 930      7420756E 
 930      7369676E 
 930      65642069 
 930      6E7400
 931              	.LASF24:
 932 0039 70617261 		.ascii	"parameter_\000"
 932      6D657465 
 932      725F00
 933              	.LASF13:
 934 0044 666C6F61 		.ascii	"float\000"
 934      7400
 935              	.LASF35:
 936 004a 5049445F 		.ascii	"PID_init\000"
 936      696E6974 
 936      00
 937              	.LASF20:
 938 0053 696E7075 		.ascii	"input\000"
 938      7400
 939              	.LASF33:
 940 0059 433A5C55 		.ascii	"C:\\Users\\Thomas\\Documents\\GitHub\\MotorControll"
 940      73657273 
 940      5C54686F 
 940      6D61735C 
 940      446F6375 
 941 0087 65725C4D 		.ascii	"er\\MotorController.cydsn\000"
 941      6F746F72 
 941      436F6E74 
 941      726F6C6C 
 941      65722E63 
 942              	.LASF5:
 943 00a0 6C6F6E67 		.ascii	"long unsigned int\000"
 943      20756E73 
 943      69676E65 
 943      6420696E 
 943      7400
 944              	.LASF12:
 945 00b2 696E7433 		.ascii	"int32\000"
 945      3200
 946              	.LASF17:
 947 00b8 4B536869 		.ascii	"KShift\000"
 947      667400
 948              	.LASF23:
 949 00bf 49544D5F 		.ascii	"ITM_RxBuffer\000"
 949      52784275 
 949      66666572 
 949      00
 950              	.LASF1:
 951 00cc 756E7369 		.ascii	"unsigned char\000"
 951      676E6564 
 951      20636861 
 951      7200
ARM GAS  C:\Users\Thomas\AppData\Local\Temp\ccr7ze9F.s 			page 20


 952              	.LASF14:
 953 00da 646F7562 		.ascii	"double\000"
 953      6C6500
 954              	.LASF2:
 955 00e1 73686F72 		.ascii	"short int\000"
 955      7420696E 
 955      7400
 956              	.LASF11:
 957 00eb 75696E74 		.ascii	"uint16\000"
 957      313600
 958              	.LASF36:
 959 00f2 73657450 		.ascii	"setPID\000"
 959      494400
 960              	.LASF31:
 961 00f9 474E5520 		.ascii	"GNU C 4.9.3 20150303 (release) [ARM/embedded-4_9-br"
 961      4320342E 
 961      392E3320 
 961      32303135 
 961      30333033 
 962 012c 616E6368 		.ascii	"anch revision 221220] -mcpu=cortex-m3 -mthumb -g -O"
 962      20726576 
 962      6973696F 
 962      6E203232 
 962      31323230 
 963 015f 67202D66 		.ascii	"g -ffunction-sections -ffat-lto-objects\000"
 963      66756E63 
 963      74696F6E 
 963      2D736563 
 963      74696F6E 
 964              	.LASF8:
 965 0187 756E7369 		.ascii	"unsigned int\000"
 965      676E6564 
 965      20696E74 
 965      00
 966              	.LASF7:
 967 0194 6C6F6E67 		.ascii	"long long unsigned int\000"
 967      206C6F6E 
 967      6720756E 
 967      7369676E 
 967      65642069 
 968              	.LASF25:
 969 01ab 50494476 		.ascii	"PIDval\000"
 969      616C00
 970              	.LASF22:
 971 01b2 70617261 		.ascii	"parameter\000"
 971      6D657465 
 971      7200
 972              	.LASF10:
 973 01bc 696E7433 		.ascii	"int32_t\000"
 973      325F7400 
 974              	.LASF16:
 975 01c4 73697A65 		.ascii	"sizetype\000"
 975      74797065 
 975      00
 976              	.LASF21:
 977 01cd 706C616E 		.ascii	"plant\000"
 977      7400
ARM GAS  C:\Users\Thomas\AppData\Local\Temp\ccr7ze9F.s 			page 21


 978              	.LASF18:
 979 01d3 70726553 		.ascii	"preShift\000"
 979      68696674 
 979      00
 980              	.LASF15:
 981 01dc 63686172 		.ascii	"char\000"
 981      00
 982              	.LASF30:
 983 01e1 4B645F64 		.ascii	"Kd_dt\000"
 983      7400
 984              	.LASF19:
 985 01e7 76616C69 		.ascii	"valid\000"
 985      6400
 986              	.LASF27:
 987 01ed 69537461 		.ascii	"iState\000"
 987      746500
 988              	.LASF34:
 989 01f4 50494470 		.ascii	"PIDparameter\000"
 989      6172616D 
 989      65746572 
 989      00
 990              	.LASF4:
 991 0201 6C6F6E67 		.ascii	"long int\000"
 991      20696E74 
 991      00
 992              	.LASF28:
 993 020a 7072655F 		.ascii	"pre_err\000"
 993      65727200 
 994              	.LASF26:
 995 0212 616E7469 		.ascii	"anti_windup_back_calc\000"
 995      5F77696E 
 995      6475705F 
 995      6261636B 
 995      5F63616C 
 996              	.LASF0:
 997 0228 7369676E 		.ascii	"signed char\000"
 997      65642063 
 997      68617200 
 998              		.ident	"GCC: (GNU Tools for ARM Embedded Processors) 4.9.3 20150303 (release) [ARM/embedded-4_9-br
