#***************************************************************************

#sjplacer

#Version:            1.1

#Build Date:         Oct  1 2015 13:46:59

#File Generated:     May 11 2016 13:04:41

#Purpose:            

#Copyright (C) 2010-2011 by Softjin Technologies Pvt Ltd. All rights reserved.

#***************************************************************************

Executing : C:\Program Files (x86)\Cypress\PSoC Creator\3.3\PSoC Creator\bin/sjplacer.exe --proj-name MotorController --netlist-vh2 MotorController_p.vh2 --arch-file C:\Program Files (x86)\Cypress\PSoC Creator\3.3\PSoC Creator\dev/arch/p35_udb4x6.ark --rrg-file C:\Program Files (x86)\Cypress\PSoC Creator\3.3\PSoC Creator\dev/psoc5/psoc5lp/route_arch-rrg.cydata --irq-file C:\Program Files (x86)\Cypress\PSoC Creator\3.3\PSoC Creator\dev/psoc5/psoc5lp/irqconn.cydata --drq-file C:\Program Files (x86)\Cypress\PSoC Creator\3.3\PSoC Creator\dev/psoc5/psoc5lp/dmaconn.cydata --dsi-conn-file C:\Program Files (x86)\Cypress\PSoC Creator\3.3\PSoC Creator\dev/psoc5/psoc5lp/dsiconn.cydata --pins-file pins_68-QFN.xml --lib-file MotorController_p.lib --sdc-file MotorController.sdc --io-pcf MotorController.pci --outdir .

		Softjin Techologies Placer, Version 1.1

Build Date : Oct  1 2015	13:44:59

D2004: Option and Settings Summary
=============================================================
Netlist vh2 file          - MotorController_p.vh2
Architecture file         - C:\Program Files (x86)\Cypress\PSoC Creator\3.3\PSoC Creator\dev/arch/p35_udb4x6.ark
Package                   - 
Defparam file             - 
SDC file                  - MotorController.sdc
Output directory          - .
Timing library            - MotorController_p.lib
IO Placement file         - MotorController.pci

D2050: Starting reading inputs for placer
=============================================================
D2065: Reading netlist file : "MotorController_p.vh2"
D2065: Reading arch file : "C:\Program Files (x86)\Cypress\PSoC Creator\3.3\PSoC Creator\dev/arch/p35_udb4x6.ark"
D2051: Reading of inputs for placer completed successfully

D2053: Starting placement of the design
=============================================================

Phase 2
Phase 3

Design Statistics after Packing
    Number of Combinational MCs 	:	12
    Number of Sequential MCs    	:	19
    Number of DPs               	:	6
    Number of Controls          	:	5
    Number of Status            	:	6
    Number of SyncCells         	:	1
    Number of count7cells       	:	1

Device Utilization Summary after Packing
    Macrocells                  :	31/192
    UDBS                        :	9/24
    IOs                         :	18/72


D2088: Phase 3, elapsed time : 0.0 (sec)

Phase 4
D2088: Phase 4, elapsed time : 0.0 (sec)

Phase 5
D2088: Phase 5, elapsed time : 0.0 (sec)

Phase 6

######################################################################
Placement Timing Summary

The timing summary is based on estimated routing delays after
placement. For final timing report, please carry out the timing
analysis after routing.
======================================================================

######################################################################
                     Clock Summary 
======================================================================
Number of clocks: 18
Clock: ADC_A_theACLK        | Frequency: N/A       | Target:   1.1 MHz
Clock: ADC_A_theACLK(routed) | Frequency: N/A       | Target:   1.1 MHz
Clock: ADC_V_theACLK        | Frequency: N/A       | Target:   1.1 MHz
Clock: ADC_V_theACLK(routed) | Frequency: N/A       | Target:   1.1 MHz
Clock: Clock_1              | Frequency:  93.9 MHz | Target:   6.0 MHz
Clock: Clock_3              | Frequency: N/A       | Target:   0.0 MHz
Clock: Clock_3(routed)      | Frequency: N/A       | Target:   0.0 MHz
Clock: Clock_4              | Frequency:  59.7 MHz | Target:   0.0 MHz
Clock: Clock_motor          | Frequency: N/A       | Target:   0.0 MHz
Clock: Clock_motor(routed)  | Frequency: N/A       | Target:   0.0 MHz
Clock: CyBUS_CLK            | Frequency:  46.0 MHz | Target:  24.0 MHz
Clock: CyBUS_CLK(fixed-function) | Frequency: N/A       | Target:  24.0 MHz
Clock: CyILO                | Frequency: N/A       | Target:   0.1 MHz
Clock: CyIMO                | Frequency: N/A       | Target:  24.0 MHz
Clock: CyMASTER_CLK         | Frequency: N/A       | Target:  24.0 MHz
Clock: CyPLL_OUT            | Frequency: N/A       | Target:  24.0 MHz
Clock: clock_Speedometer    | Frequency:  46.0 MHz | Target:   0.0 MHz
Clock: emFile_1_Clock_1     | Frequency:  54.5 MHz | Target:  24.0 MHz

======================================================================
                     End of Clock Summary
######################################################################

D2088: Phase 6, elapsed time : 0.1 (sec)

Phase 7
######################################################################
                     Clock Summary 
======================================================================
Number of clocks: 18
Clock: ADC_A_theACLK        | Frequency: N/A       | Target:   1.1 MHz
Clock: ADC_A_theACLK(routed) | Frequency: N/A       | Target:   1.1 MHz
Clock: ADC_V_theACLK        | Frequency: N/A       | Target:   1.1 MHz
Clock: ADC_V_theACLK(routed) | Frequency: N/A       | Target:   1.1 MHz
Clock: Clock_1              | Frequency:  88.7 MHz | Target:   6.0 MHz
Clock: Clock_3              | Frequency: N/A       | Target:   0.0 MHz
Clock: Clock_3(routed)      | Frequency: N/A       | Target:   0.0 MHz
Clock: Clock_4              | Frequency:  59.7 MHz | Target:   0.0 MHz
Clock: Clock_motor          | Frequency: N/A       | Target:   0.0 MHz
Clock: Clock_motor(routed)  | Frequency: N/A       | Target:   0.0 MHz
Clock: CyBUS_CLK            | Frequency:   1.1 MHz | Target:  24.0 MHz
Clock: CyBUS_CLK(fixed-function) | Frequency: N/A       | Target:  24.0 MHz
Clock: CyILO                | Frequency: N/A       | Target:   0.1 MHz
Clock: CyIMO                | Frequency: N/A       | Target:  24.0 MHz
Clock: CyMASTER_CLK         | Frequency: N/A       | Target:  24.0 MHz
Clock: CyPLL_OUT            | Frequency: N/A       | Target:  24.0 MHz
Clock: clock_Speedometer    | Frequency:   1.1 MHz | Target:   0.0 MHz
Clock: emFile_1_Clock_1     | Frequency:  51.0 MHz | Target:  24.0 MHz

======================================================================
                     End of Clock Summary
######################################################################
D2088: Phase 7, elapsed time : 0.3 (sec)

Final Design Statistics
    Number of Combinational MCs 	:	12
    Number of Sequential MCs    	:	19
    Number of DPs               	:	6
    Number of Controls          	:	5
    Number of Status            	:	6
    Number of SyncCells         	:	1
    Number of count7cells       	:	1
    Number of IOs       	:	18

Device Utilization Summary
    Macrocells                  :	31/192
    IOs                         :	18/72



######################################################################
Placement Timing Summary

The timing summary is based on estimated routing delays after
placement. For final timing report, please carry out the timing
analysis after routing.
======================================================================


######################################################################
                     Clock Summary 
======================================================================
Number of clocks: 18
Clock: ADC_A_theACLK        | Frequency: N/A       | Target:   1.1 MHz
Clock: ADC_A_theACLK(routed) | Frequency: N/A       | Target:   1.1 MHz
Clock: ADC_V_theACLK        | Frequency: N/A       | Target:   1.1 MHz
Clock: ADC_V_theACLK(routed) | Frequency: N/A       | Target:   1.1 MHz
Clock: Clock_1              | Frequency:  88.7 MHz | Target:   6.0 MHz
Clock: Clock_3              | Frequency: N/A       | Target:   0.0 MHz
Clock: Clock_3(routed)      | Frequency: N/A       | Target:   0.0 MHz
Clock: Clock_4              | Frequency:  59.7 MHz | Target:   0.0 MHz
Clock: Clock_motor          | Frequency: N/A       | Target:   0.0 MHz
Clock: Clock_motor(routed)  | Frequency: N/A       | Target:   0.0 MHz
Clock: CyBUS_CLK            | Frequency:   1.1 MHz | Target:  24.0 MHz
Clock: CyBUS_CLK(fixed-function) | Frequency: N/A       | Target:  24.0 MHz
Clock: CyILO                | Frequency: N/A       | Target:   0.1 MHz
Clock: CyIMO                | Frequency: N/A       | Target:  24.0 MHz
Clock: CyMASTER_CLK         | Frequency: N/A       | Target:  24.0 MHz
Clock: CyPLL_OUT            | Frequency: N/A       | Target:  24.0 MHz
Clock: clock_Speedometer    | Frequency:   1.1 MHz | Target:   0.0 MHz
Clock: emFile_1_Clock_1     | Frequency:  51.0 MHz | Target:  24.0 MHz

======================================================================
                     End of Clock Summary
######################################################################

Phase 6

######################################################################
Placement Timing Summary

The timing summary is based on estimated routing delays after
placement. For final timing report, please carry out the timing
analysis after routing.
======================================================================

######################################################################
                     Clock Summary 
======================================================================
Number of clocks: 18
Clock: ADC_A_theACLK        | Frequency: N/A       | Target:   1.1 MHz
Clock: ADC_A_theACLK(routed) | Frequency: N/A       | Target:   1.1 MHz
Clock: ADC_V_theACLK        | Frequency: N/A       | Target:   1.1 MHz
Clock: ADC_V_theACLK(routed) | Frequency: N/A       | Target:   1.1 MHz
Clock: Clock_1              | Frequency:  93.9 MHz | Target:   6.0 MHz
Clock: Clock_3              | Frequency: N/A       | Target:   0.0 MHz
Clock: Clock_3(routed)      | Frequency: N/A       | Target:   0.0 MHz
Clock: Clock_4              | Frequency:  59.7 MHz | Target:   0.0 MHz
Clock: Clock_motor          | Frequency: N/A       | Target:   0.0 MHz
Clock: Clock_motor(routed)  | Frequency: N/A       | Target:   0.0 MHz
Clock: CyBUS_CLK            | Frequency:   1.1 MHz | Target:  24.0 MHz
Clock: CyBUS_CLK(fixed-function) | Frequency: N/A       | Target:  24.0 MHz
Clock: CyILO                | Frequency: N/A       | Target:   0.1 MHz
Clock: CyIMO                | Frequency: N/A       | Target:  24.0 MHz
Clock: CyMASTER_CLK         | Frequency: N/A       | Target:  24.0 MHz
Clock: CyPLL_OUT            | Frequency: N/A       | Target:  24.0 MHz
Clock: clock_Speedometer    | Frequency:   1.1 MHz | Target:   0.0 MHz
Clock: emFile_1_Clock_1     | Frequency:  54.5 MHz | Target:  24.0 MHz

======================================================================
                     End of Clock Summary
######################################################################

D2088: Phase 6, elapsed time : 0.1 (sec)

Phase 7
######################################################################
                     Clock Summary 
======================================================================
Number of clocks: 18
Clock: ADC_A_theACLK        | Frequency: N/A       | Target:   1.1 MHz
Clock: ADC_A_theACLK(routed) | Frequency: N/A       | Target:   1.1 MHz
Clock: ADC_V_theACLK        | Frequency: N/A       | Target:   1.1 MHz
Clock: ADC_V_theACLK(routed) | Frequency: N/A       | Target:   1.1 MHz
Clock: Clock_1              | Frequency:  93.9 MHz | Target:   6.0 MHz
Clock: Clock_3              | Frequency: N/A       | Target:   0.0 MHz
Clock: Clock_3(routed)      | Frequency: N/A       | Target:   0.0 MHz
Clock: Clock_4              | Frequency:  59.7 MHz | Target:   0.0 MHz
Clock: Clock_motor          | Frequency: N/A       | Target:   0.0 MHz
Clock: Clock_motor(routed)  | Frequency: N/A       | Target:   0.0 MHz
Clock: CyBUS_CLK            | Frequency:   1.1 MHz | Target:  24.0 MHz
Clock: CyBUS_CLK(fixed-function) | Frequency: N/A       | Target:  24.0 MHz
Clock: CyILO                | Frequency: N/A       | Target:   0.1 MHz
Clock: CyIMO                | Frequency: N/A       | Target:  24.0 MHz
Clock: CyMASTER_CLK         | Frequency: N/A       | Target:  24.0 MHz
Clock: CyPLL_OUT            | Frequency: N/A       | Target:  24.0 MHz
Clock: clock_Speedometer    | Frequency:   1.1 MHz | Target:   0.0 MHz
Clock: emFile_1_Clock_1     | Frequency:  49.7 MHz | Target:  24.0 MHz

======================================================================
                     End of Clock Summary
######################################################################
D2088: Phase 7, elapsed time : 0.8 (sec)

Final Design Statistics
    Number of Combinational MCs 	:	12
    Number of Sequential MCs    	:	19
    Number of DPs               	:	6
    Number of Controls          	:	5
    Number of Status            	:	6
    Number of SyncCells         	:	1
    Number of count7cells       	:	1
    Number of IOs       	:	18

Device Utilization Summary
    Macrocells                  :	31/192
    IOs                         :	18/72



######################################################################
Placement Timing Summary

The timing summary is based on estimated routing delays after
placement. For final timing report, please carry out the timing
analysis after routing.
======================================================================


######################################################################
                     Clock Summary 
======================================================================
Number of clocks: 18
Clock: ADC_A_theACLK        | Frequency: N/A       | Target:   1.1 MHz
Clock: ADC_A_theACLK(routed) | Frequency: N/A       | Target:   1.1 MHz
Clock: ADC_V_theACLK        | Frequency: N/A       | Target:   1.1 MHz
Clock: ADC_V_theACLK(routed) | Frequency: N/A       | Target:   1.1 MHz
Clock: Clock_1              | Frequency:  93.9 MHz | Target:   6.0 MHz
Clock: Clock_3              | Frequency: N/A       | Target:   0.0 MHz
Clock: Clock_3(routed)      | Frequency: N/A       | Target:   0.0 MHz
Clock: Clock_4              | Frequency:  59.0 MHz | Target:   0.0 MHz
Clock: Clock_motor          | Frequency: N/A       | Target:   0.0 MHz
Clock: Clock_motor(routed)  | Frequency: N/A       | Target:   0.0 MHz
Clock: CyBUS_CLK            | Frequency:   1.1 MHz | Target:  24.0 MHz
Clock: CyBUS_CLK(fixed-function) | Frequency: N/A       | Target:  24.0 MHz
Clock: CyILO                | Frequency: N/A       | Target:   0.1 MHz
Clock: CyIMO                | Frequency: N/A       | Target:  24.0 MHz
Clock: CyMASTER_CLK         | Frequency: N/A       | Target:  24.0 MHz
Clock: CyPLL_OUT            | Frequency: N/A       | Target:  24.0 MHz
Clock: clock_Speedometer    | Frequency:   1.1 MHz | Target:   0.0 MHz
Clock: emFile_1_Clock_1     | Frequency:  47.2 MHz | Target:  24.0 MHz

======================================================================
                     End of Clock Summary
######################################################################

Phase 8
D2088: Phase 8, elapsed time : 0.0 (sec)

D2054: Placement of the design completed successfully

I2076: Total run-time: 2.4 sec.

